\BOOKMARK [1][-]{section.1}{Introduction}{}% 1
\BOOKMARK [2][-]{subsection.1.1}{Basic concepts}{section.1}% 2
\BOOKMARK [3][-]{subsubsection.1.1.1}{Classical Field Theory}{subsection.1.1}% 3
\BOOKMARK [3][-]{subsubsection.1.1.2}{Lagrangian Formalism}{subsection.1.1}% 4
\BOOKMARK [3][-]{subsubsection.1.1.3}{Transformations, symmetry and Noether's theorem}{subsection.1.1}% 5
\BOOKMARK [1][-]{section.2}{The Standard Model}{}% 6
\BOOKMARK [2][-]{subsection.2.1}{Spontaneous Symmetry Breaking and Goldstone's Theorem}{section.2}% 7
\BOOKMARK [2][-]{subsection.2.2}{Gauging U\(1\): The example of Quantum Electrodynamics}{section.2}% 8
\BOOKMARK [2][-]{subsection.2.3}{The Higgs mechanism and the mass generation of the Gauge bosons}{section.2}% 9
\BOOKMARK [2][-]{subsection.2.4}{The fermion sector on the Standard Model}{section.2}% 10
\BOOKMARK [1][-]{section.3}{The B-L-SM model}{}% 11
\BOOKMARK [2][-]{subsection.3.1}{The scalar sector}{section.3}% 12
\BOOKMARK [3][-]{subsubsection.3.1.1}{Gauge boson masses}{subsection.3.1}% 13
\BOOKMARK [2][-]{subsection.3.2}{Fermion sector and mass generation for the neutrinos}{section.3}% 14
\BOOKMARK [1][-]{section.4}{Data analysis}{}% 15
\BOOKMARK [2][-]{subsection.4.1}{Software}{section.4}% 16
\BOOKMARK [2][-]{subsection.4.2}{Results}{section.4}% 17
\BOOKMARK [3][-]{subsubsection.4.2.1}{Higgs Sector Search}{subsection.4.2}% 18
\BOOKMARK [3][-]{subsubsection.4.2.2}{The Z' boson}{subsection.4.2}% 19
\BOOKMARK [2][-]{subsection.4.3}{Conclusion}{section.4}% 20
\BOOKMARK [1][-]{section.5}{Appendix}{}% 21
\BOOKMARK [2][-]{subsubsection.5.0.1}{Notation, Relativity and Lorentz transformations}{section.5}% 22
