This is pdfTeX, Version 3.14159265-2.6-1.40.20 (TeX Live 2019/Debian) (preloaded format=pdflatex 2020.9.9)  18 NOV 2020 01:27
entering extended mode
 restricted \write18 enabled.
 %&-line parsing enabled.
**Thesis_2020.tex
(./Thesis_2020.tex
LaTeX2e <2020-02-02> patch level 2
L3 programming layer <2020-02-14>
(/usr/share/texlive/texmf-dist/tex/latex/base/report.cls
Document Class: report 2019/12/20 v1.4l Standard LaTeX document class
(/usr/share/texlive/texmf-dist/tex/latex/base/size11.clo
File: size11.clo 2019/12/20 v1.4l Standard LaTeX file (size option)
)
\c@part=\count167
\c@chapter=\count168
\c@section=\count169
\c@subsection=\count170
\c@subsubsection=\count171
\c@paragraph=\count172
\c@subparagraph=\count173
\c@figure=\count174
\c@table=\count175
\abovecaptionskip=\skip47
\belowcaptionskip=\skip48
\bibindent=\dimen134
)
(/usr/share/texlive/texmf-dist/tex/latex/geometry/geometry.sty
Package: geometry 2020/01/02 v5.9 Page Geometry

(/usr/share/texlive/texmf-dist/tex/latex/graphics/keyval.sty
Package: keyval 2014/10/28 v1.15 key=value parser (DPC)
\KV@toks@=\toks14
)
(/usr/share/texlive/texmf-dist/tex/generic/iftex/ifvtex.sty
Package: ifvtex 2019/10/25 v1.7 ifvtex legacy package. Use iftex instead.

(/usr/share/texlive/texmf-dist/tex/generic/iftex/iftex.sty
Package: iftex 2019/11/07 v1.0c TeX engine tests
))
\Gm@cnth=\count176
\Gm@cntv=\count177
\c@Gm@tempcnt=\count178
\Gm@bindingoffset=\dimen135
\Gm@wd@mp=\dimen136
\Gm@odd@mp=\dimen137
\Gm@even@mp=\dimen138
\Gm@layoutwidth=\dimen139
\Gm@layoutheight=\dimen140
\Gm@layouthoffset=\dimen141
\Gm@layoutvoffset=\dimen142
\Gm@dimlist=\toks15
)
(/usr/share/texlive/texmf-dist/tex/latex/float/float.sty
Package: float 2001/11/08 v1.3d Float enhancements (AL)
\c@float@type=\count179
\float@exts=\toks16
\float@box=\box45
\@float@everytoks=\toks17
\@floatcapt=\box46
)
(/usr/share/texlive/texmf-dist/tex/latex/comment/comment.sty
\CommentStream=\write3

Excluding comment 'comment')
(/usr/share/texlive/texmf-dist/tex/latex/carlisle/slashed.sty
Package: slashed 1997/01/16 v0.01 Feynman Slashed Character Notation (DPC)
)
(/usr/share/texlive/texmf-dist/tex/latex/psnfss/pifont.sty
Package: pifont 2005/04/12 PSNFSS-v9.2a Pi font support (SPQR) 
LaTeX Font Info:    Trying to load font information for U+pzd on input line 63.


(/usr/share/texlive/texmf-dist/tex/latex/psnfss/upzd.fd
File: upzd.fd 2001/06/04 font definitions for U/pzd.
)
LaTeX Font Info:    Trying to load font information for U+psy on input line 64.


(/usr/share/texlive/texmf-dist/tex/latex/psnfss/upsy.fd
File: upsy.fd 2001/06/04 font definitions for U/psy.
))
(/usr/share/texlive/texmf-dist/tex/generic/babel/babel.sty
Package: babel 2020/02/14 3.40 The Babel package

(/usr/share/texlive/texmf-dist/tex/generic/babel/switch.def
File: switch.def 2020/02/14 3.40 Babel switching mechanism
)
(/usr/share/texlive/texmf-dist/tex/generic/babel-english/english.ldf
Language: english 2017/06/06 v3.3r English support from the babel system

(/usr/share/texlive/texmf-dist/tex/generic/babel/babel.def
File: babel.def 2020/02/14 3.40 Babel common definitions
\babel@savecnt=\count180
\U@D=\dimen143

(/usr/share/texlive/texmf-dist/tex/generic/babel/txtbabel.def)
\bbl@readstream=\read2
\bbl@dirlevel=\count181
)
Package babel Info: \l@canadian = using hyphenrules for english
(babel)             (\language0) on input line 102.
Package babel Info: \l@australian = using hyphenrules for ukenglish
(babel)             (\language33) on input line 105.
Package babel Info: \l@newzealand = using hyphenrules for ukenglish
(babel)             (\language33) on input line 108.
))
(/usr/share/texlive/texmf-dist/tex/latex/hyperref/hyperref.sty
Package: hyperref 2020/01/14 v7.00d Hypertext links for LaTeX

(/usr/share/texlive/texmf-dist/tex/generic/ltxcmds/ltxcmds.sty
Package: ltxcmds 2019/12/15 v1.24 LaTeX kernel commands for general use (HO)
)
(/usr/share/texlive/texmf-dist/tex/latex/pdftexcmds/pdftexcmds.sty
Package: pdftexcmds 2019/11/24 v0.31 Utility functions of pdfTeX for LuaTeX (HO
)

(/usr/share/texlive/texmf-dist/tex/generic/infwarerr/infwarerr.sty
Package: infwarerr 2019/12/03 v1.5 Providing info/warning/error messages (HO)
)
Package pdftexcmds Info: \pdf@primitive is available.
Package pdftexcmds Info: \pdf@ifprimitive is available.
Package pdftexcmds Info: \pdfdraftmode found.
)
(/usr/share/texlive/texmf-dist/tex/generic/kvsetkeys/kvsetkeys.sty
Package: kvsetkeys 2019/12/15 v1.18 Key value parser (HO)
)
(/usr/share/texlive/texmf-dist/tex/generic/kvdefinekeys/kvdefinekeys.sty
Package: kvdefinekeys 2019-12-19 v1.6 Define keys (HO)
)
(/usr/share/texlive/texmf-dist/tex/generic/pdfescape/pdfescape.sty
Package: pdfescape 2019/12/09 v1.15 Implements pdfTeX's escape features (HO)
)
(/usr/share/texlive/texmf-dist/tex/latex/hycolor/hycolor.sty
Package: hycolor 2020-01-27 v1.10 Color options for hyperref/bookmark (HO)
)
(/usr/share/texlive/texmf-dist/tex/latex/letltxmacro/letltxmacro.sty
Package: letltxmacro 2019/12/03 v1.6 Let assignment for LaTeX macros (HO)
)
(/usr/share/texlive/texmf-dist/tex/latex/auxhook/auxhook.sty
Package: auxhook 2019-12-17 v1.6 Hooks for auxiliary files (HO)
)
(/usr/share/texlive/texmf-dist/tex/latex/kvoptions/kvoptions.sty
Package: kvoptions 2019/11/29 v3.13 Key value format for package options (HO)
)
\@linkdim=\dimen144
\Hy@linkcounter=\count182
\Hy@pagecounter=\count183

(/usr/share/texlive/texmf-dist/tex/latex/hyperref/pd1enc.def
File: pd1enc.def 2020/01/14 v7.00d Hyperref: PDFDocEncoding definition (HO)
Now handling font encoding PD1 ...
... no UTF-8 mapping file for font encoding PD1
)
(/usr/share/texlive/texmf-dist/tex/generic/intcalc/intcalc.sty
Package: intcalc 2019/12/15 v1.3 Expandable calculations with integers (HO)
)
(/usr/share/texlive/texmf-dist/tex/generic/etexcmds/etexcmds.sty
Package: etexcmds 2019/12/15 v1.7 Avoid name clashes with e-TeX commands (HO)
)
\Hy@SavedSpaceFactor=\count184
\pdfmajorversion=\count185
Package hyperref Info: Hyper figures OFF on input line 4547.
Package hyperref Info: Link nesting OFF on input line 4552.
Package hyperref Info: Hyper index ON on input line 4555.
Package hyperref Info: Plain pages OFF on input line 4562.
Package hyperref Info: Backreferencing OFF on input line 4567.
Package hyperref Info: Implicit mode ON; LaTeX internals redefined.
Package hyperref Info: Bookmarks ON on input line 4800.
\c@Hy@tempcnt=\count186

(/usr/share/texlive/texmf-dist/tex/latex/url/url.sty
\Urlmuskip=\muskip16
Package: url 2013/09/16  ver 3.4  Verb mode for urls, etc.
)
LaTeX Info: Redefining \url on input line 5159.
\XeTeXLinkMargin=\dimen145

(/usr/share/texlive/texmf-dist/tex/generic/bitset/bitset.sty
Package: bitset 2019/12/09 v1.3 Handle bit-vector datatype (HO)

(/usr/share/texlive/texmf-dist/tex/generic/bigintcalc/bigintcalc.sty
Package: bigintcalc 2019/12/15 v1.5 Expandable calculations on big integers (HO
)
))
\Fld@menulength=\count187
\Field@Width=\dimen146
\Fld@charsize=\dimen147
Package hyperref Info: Hyper figures OFF on input line 6430.
Package hyperref Info: Link nesting OFF on input line 6435.
Package hyperref Info: Hyper index ON on input line 6438.
Package hyperref Info: backreferencing OFF on input line 6445.
Package hyperref Info: Link coloring OFF on input line 6450.
Package hyperref Info: Link coloring with OCG OFF on input line 6455.
Package hyperref Info: PDF/A mode OFF on input line 6460.
LaTeX Info: Redefining \ref on input line 6500.
LaTeX Info: Redefining \pageref on input line 6504.

(/usr/share/texlive/texmf-dist/tex/generic/atbegshi/atbegshi.sty
Package: atbegshi 2019/12/05 v1.19 At begin shipout hook (HO)
)
\Hy@abspage=\count188
\c@Item=\count189
\c@Hfootnote=\count190
)
Package hyperref Info: Driver (autodetected): hpdftex.

(/usr/share/texlive/texmf-dist/tex/latex/hyperref/hpdftex.def
File: hpdftex.def 2020/01/14 v7.00d Hyperref driver for pdfTeX

(/usr/share/texlive/texmf-dist/tex/latex/atveryend/atveryend.sty
Package: atveryend 2019-12-11 v1.11 Hooks at the very end of document (HO)
Package atveryend Info: \enddocument detected (standard20110627).
)
\Fld@listcount=\count191
\c@bookmark@seq@number=\count192

(/usr/share/texlive/texmf-dist/tex/latex/rerunfilecheck/rerunfilecheck.sty
Package: rerunfilecheck 2019/12/05 v1.9 Rerun checks for auxiliary files (HO)

(/usr/share/texlive/texmf-dist/tex/generic/uniquecounter/uniquecounter.sty
Package: uniquecounter 2019/12/15 v1.4 Provide unlimited unique counter (HO)
)
Package uniquecounter Info: New unique counter `rerunfilecheck' on input line 2
86.
)
\Hy@SectionHShift=\skip49
)
(/usr/share/texlive/texmf-dist/tex/latex/amsmath/amsmath.sty
Package: amsmath 2020/01/20 v2.17e AMS math features
\@mathmargin=\skip50

For additional information on amsmath, use the `?' option.
(/usr/share/texlive/texmf-dist/tex/latex/amsmath/amstext.sty
Package: amstext 2000/06/29 v2.01 AMS text

(/usr/share/texlive/texmf-dist/tex/latex/amsmath/amsgen.sty
File: amsgen.sty 1999/11/30 v2.0 generic functions
\@emptytoks=\toks18
\ex@=\dimen148
))
(/usr/share/texlive/texmf-dist/tex/latex/amsmath/amsbsy.sty
Package: amsbsy 1999/11/29 v1.2d Bold Symbols
\pmbraise@=\dimen149
)
(/usr/share/texlive/texmf-dist/tex/latex/amsmath/amsopn.sty
Package: amsopn 2016/03/08 v2.02 operator names
)
\inf@bad=\count193
LaTeX Info: Redefining \frac on input line 227.
\uproot@=\count194
\leftroot@=\count195
LaTeX Info: Redefining \overline on input line 389.
\classnum@=\count196
\DOTSCASE@=\count197
LaTeX Info: Redefining \ldots on input line 486.
LaTeX Info: Redefining \dots on input line 489.
LaTeX Info: Redefining \cdots on input line 610.
\Mathstrutbox@=\box47
\strutbox@=\box48
\big@size=\dimen150
LaTeX Font Info:    Redeclaring font encoding OML on input line 733.
LaTeX Font Info:    Redeclaring font encoding OMS on input line 734.
\macc@depth=\count198
\c@MaxMatrixCols=\count199
\dotsspace@=\muskip17
\c@parentequation=\count266
\dspbrk@lvl=\count267
\tag@help=\toks19
\row@=\count268
\column@=\count269
\maxfields@=\count270
\andhelp@=\toks20
\eqnshift@=\dimen151
\alignsep@=\dimen152
\tagshift@=\dimen153
\tagwidth@=\dimen154
\totwidth@=\dimen155
\lineht@=\dimen156
\@envbody=\toks21
\multlinegap=\skip51
\multlinetaggap=\skip52
\mathdisplay@stack=\toks22
LaTeX Info: Redefining \[ on input line 2859.
LaTeX Info: Redefining \] on input line 2860.
)
(/usr/share/texlive/texmf-dist/tex/latex/amsfonts/amssymb.sty
Package: amssymb 2013/01/14 v3.01 AMS font symbols

(/usr/share/texlive/texmf-dist/tex/latex/amsfonts/amsfonts.sty
Package: amsfonts 2013/01/14 v3.01 Basic AMSFonts support
\symAMSa=\mathgroup4
\symAMSb=\mathgroup5
LaTeX Font Info:    Redeclaring math symbol \hbar on input line 98.
LaTeX Font Info:    Overwriting math alphabet `\mathfrak' in version `bold'
(Font)                  U/euf/m/n --> U/euf/b/n on input line 106.
))
(/usr/share/texlive/texmf-dist/tex/latex/graphics/graphicx.sty
Package: graphicx 2019/11/30 v1.2a Enhanced LaTeX Graphics (DPC,SPQR)

(/usr/share/texlive/texmf-dist/tex/latex/graphics/graphics.sty
Package: graphics 2019/11/30 v1.4a Standard LaTeX Graphics (DPC,SPQR)

(/usr/share/texlive/texmf-dist/tex/latex/graphics/trig.sty
Package: trig 2016/01/03 v1.10 sin cos tan (DPC)
)
(/usr/share/texlive/texmf-dist/tex/latex/graphics-cfg/graphics.cfg
File: graphics.cfg 2016/06/04 v1.11 sample graphics configuration
)
Package graphics Info: Driver file: pdftex.def on input line 105.

(/usr/share/texlive/texmf-dist/tex/latex/graphics-def/pdftex.def
File: pdftex.def 2018/01/08 v1.0l Graphics/color driver for pdftex
))
\Gin@req@height=\dimen157
\Gin@req@width=\dimen158
)
(/usr/share/texlive/texmf-dist/tex/latex/base/inputenc.sty
Package: inputenc 2018/08/11 v1.3c Input encoding file
\inpenc@prehook=\toks23
\inpenc@posthook=\toks24
)
(/usr/share/texlive/texmf-dist/tex/latex/subfiles/subfiles.sty
Package: subfiles 2020/02/14 v1.6 Multi-file projects (package)

(/usr/share/texlive/texmf-dist/tex/latex/import/import.sty
Package: import 2009/03/23  v 5.1
))
(/usr/share/texlive/texmf-dist/tex/latex/cancel/cancel.sty
Package: cancel 2013/04/12 v2.2 Cancel math terms
)
(/usr/share/texlive/texmf-dist/tex/latex/tools/tabularx.sty
Package: tabularx 2020/01/15 v2.11c `tabularx' package (DPC)

(/usr/share/texlive/texmf-dist/tex/latex/tools/array.sty
Package: array 2019/08/31 v2.4l Tabular extension package (FMi)
\col@sep=\dimen159
\ar@mcellbox=\box49
\extrarowheight=\dimen160
\NC@list=\toks25
\extratabsurround=\skip53
\backup@length=\skip54
\ar@cellbox=\box50
)
\TX@col@width=\dimen161
\TX@old@table=\dimen162
\TX@old@col=\dimen163
\TX@target=\dimen164
\TX@delta=\dimen165
\TX@cols=\count271
\TX@ftn=\toks26
)
(/usr/share/texlive/texmf-dist/tex/latex/xcolor/xcolor.sty
Package: xcolor 2016/05/11 v2.12 LaTeX color extensions (UK)

(/usr/share/texlive/texmf-dist/tex/latex/graphics-cfg/color.cfg
File: color.cfg 2016/01/02 v1.6 sample color configuration
)
Package xcolor Info: Driver file: pdftex.def on input line 225.
Package xcolor Info: Model `cmy' substituted by `cmy0' on input line 1348.
Package xcolor Info: Model `hsb' substituted by `rgb' on input line 1352.
Package xcolor Info: Model `RGB' extended on input line 1364.
Package xcolor Info: Model `HTML' substituted by `rgb' on input line 1366.
Package xcolor Info: Model `Hsb' substituted by `hsb' on input line 1367.
Package xcolor Info: Model `tHsb' substituted by `hsb' on input line 1368.
Package xcolor Info: Model `HSB' substituted by `hsb' on input line 1369.
Package xcolor Info: Model `Gray' substituted by `gray' on input line 1370.
Package xcolor Info: Model `wave' substituted by `hsb' on input line 1371.
)
(./uaThesis.sty
Package: uaThesis 2009/11/21 v0.6a UA thesis
 (/usr/share/texlive/texmf-dist/tex/latex/a4wide/a4wide.sty
Package: a4wide 1994/08/30

(/usr/share/texlive/texmf-dist/tex/latex/ntgclass/a4.sty
Package: a4 2004/04/15 v1.2g A4 based page layout
)))
(/usr/share/texlive/texmf-dist/tex/latex/titlesec/titlesec.sty
Package: titlesec 2019/10/16 v2.13 Sectioning titles
\ttl@box=\box51
\beforetitleunit=\skip55
\aftertitleunit=\skip56
\ttl@plus=\dimen166
\ttl@minus=\dimen167
\ttl@toksa=\toks27
\titlewidth=\dimen168
\titlewidthlast=\dimen169
\titlewidthfirst=\dimen170
)
(/usr/share/texlive/texmf-dist/tex/latex/breqn/flexisym.sty
(/usr/share/texlive/texmf-dist/tex/latex/l3kernel/expl3.sty
Package: expl3 2020-02-14 L3 programming layer (loader) 

(/usr/share/texlive/texmf-dist/tex/latex/l3backend/l3backend-pdfmode.def
File: l3backend-pdfmode.def 2020-02-03 L3 backend support: PDF mode
\l__kernel_color_stack_int=\count272
\l__pdf_internal_box=\box52
))
Package: flexisym 2020/02/16 v0.98h Make math characters macros
LaTeX Info: Redefining \textprime on input line 298.
LaTeX Info: Redefining \not on input line 356.

(/usr/share/texlive/texmf-dist/tex/latex/breqn/cmbase.sym
File: cmbase.sym 2007/12/19 v0.92
LaTeX Info: Redefining \hbar on input line 323.
LaTeX Info: Redefining \surd on input line 325.
LaTeX Info: Redefining \angle on input line 333.
LaTeX Info: Redefining \neq on input line 334.
LaTeX Info: Redefining \mapsto on input line 335.
LaTeX Info: Redefining \cong on input line 336.
LaTeX Info: Redefining \notin on input line 339.
LaTeX Info: Redefining \rightleftharpoons on input line 340.
LaTeX Info: Redefining \doteq on input line 341.
LaTeX Info: Redefining \hookrightarrow on input line 342.
LaTeX Info: Redefining \hookleftarrow on input line 343.
LaTeX Info: Redefining \bowtie on input line 344.
LaTeX Info: Redefining \models on input line 345.
LaTeX Info: Redefining \Longrightarrow on input line 346.
LaTeX Info: Redefining \longrightarrow on input line 347.
LaTeX Info: Redefining \Longleftarrow on input line 348.
LaTeX Info: Redefining \longleftarrow on input line 349.
LaTeX Info: Redefining \longmapsto on input line 350.
LaTeX Info: Redefining \longleftrightarrow on input line 351.
LaTeX Info: Redefining \Longleftrightarrow on input line 352.
LaTeX Info: Redefining \cdots on input line 356.
LaTeX Info: Redefining \vdots on input line 359.
LaTeX Info: Redefining \ddots on input line 364.
)
(/usr/share/texlive/texmf-dist/tex/latex/breqn/mathstyle.sty
Package: mathstyle 2020/02/16 v0.98h Tracking mathstyle implicitly
LaTeX Info: Redefining \displaystyle on input line 93.
LaTeX Info: Redefining \textstyle on input line 95.
LaTeX Info: Redefining \scriptstyle on input line 97.
LaTeX Info: Redefining \scriptscriptstyle on input line 99.
LaTeX Info: Redefining \genfrac on input line 145.
))
(./Thesis_2020.aux (./Introduction.aux) (./The_Standard_Model.aux) (./BLSM.aux)
(./3HDM.aux) (./Conclusions.aux) (./Appendix.aux))
\openout1 = `Thesis_2020.aux'.

LaTeX Font Info:    Checking defaults for OML/cmm/m/it on input line 91.
LaTeX Font Info:    ... okay on input line 91.
LaTeX Font Info:    Checking defaults for OMS/cmsy/m/n on input line 91.
LaTeX Font Info:    ... okay on input line 91.
LaTeX Font Info:    Checking defaults for OT1/cmr/m/n on input line 91.
LaTeX Font Info:    ... okay on input line 91.
LaTeX Font Info:    Checking defaults for T1/cmr/m/n on input line 91.
LaTeX Font Info:    ... okay on input line 91.
LaTeX Font Info:    Checking defaults for TS1/cmr/m/n on input line 91.
LaTeX Font Info:    ... okay on input line 91.
LaTeX Font Info:    Checking defaults for OMX/cmex/m/n on input line 91.
LaTeX Font Info:    ... okay on input line 91.
LaTeX Font Info:    Checking defaults for U/cmr/m/n on input line 91.
LaTeX Font Info:    ... okay on input line 91.
LaTeX Font Info:    Checking defaults for PD1/pdf/m/n on input line 91.
LaTeX Font Info:    ... okay on input line 91.

*geometry* driver: auto-detecting
*geometry* detected driver: pdftex
*geometry* verbose mode - [ preamble ] result:
* driver: pdftex
* paper: a4paper
* layout: <same size as paper>
* layoutoffset:(h,v)=(0.0pt,0.0pt)
* modes: 
* h-part:(L,W,R)=(85.35826pt, 441.01773pt, 71.13188pt)
* v-part:(T,H,B)=(85.35826pt, 674.33032pt, 85.35826pt)
* \paperwidth=597.50787pt
* \paperheight=845.04684pt
* \textwidth=442.65375pt
* \textheight=636.60028pt
* \oddsidemargin=9.03374pt
* \evensidemargin=9.03374pt
* \topmargin=0.0pt
* \headheight=12.0pt
* \headsep=25.0pt
* \topskip=11.0pt
* \footskip=30.0pt
* \marginparwidth=54.2025pt
* \marginparsep=10.0pt
* \columnsep=10.0pt
* \skip\footins=10.0pt plus 4.0pt minus 2.0pt
* \hoffset=0.0pt
* \voffset=0.0pt
* \mag=1000
* \@twocolumnfalse
* \@twosidefalse
* \@mparswitchfalse
* \@reversemarginfalse
* (1in=72.27pt=25.4mm, 1cm=28.453pt)

\AtBeginShipoutBox=\box53
Package hyperref Info: Link coloring OFF on input line 91.
(/usr/share/texlive/texmf-dist/tex/latex/hyperref/nameref.sty
Package: nameref 2019/09/16 v2.46 Cross-referencing by name of section

(/usr/share/texlive/texmf-dist/tex/latex/refcount/refcount.sty
Package: refcount 2019/12/15 v3.6 Data extraction from label references (HO)
)
(/usr/share/texlive/texmf-dist/tex/generic/gettitlestring/gettitlestring.sty
Package: gettitlestring 2019/12/15 v1.6 Cleanup title references (HO)
)
\c@section@level=\count273
)
LaTeX Info: Redefining \ref on input line 91.
LaTeX Info: Redefining \pageref on input line 91.
LaTeX Info: Redefining \nameref on input line 91.

(./Thesis_2020.out) (./Thesis_2020.out)
\@outlinefile=\write4
\openout4 = `Thesis_2020.out'.


(/usr/share/texlive/texmf-dist/tex/context/base/mkii/supp-pdf.mkii
[Loading MPS to PDF converter (version 2006.09.02).]
\scratchcounter=\count274
\scratchdimen=\dimen171
\scratchbox=\box54
\nofMPsegments=\count275
\nofMParguments=\count276
\everyMPshowfont=\toks28
\MPscratchCnt=\count277
\MPscratchDim=\dimen172
\MPnumerator=\count278
\makeMPintoPDFobject=\count279
\everyMPtoPDFconversion=\toks29
) (/usr/share/texlive/texmf-dist/tex/latex/epstopdf-pkg/epstopdf-base.sty
Package: epstopdf-base 2020-01-24 v2.11 Base part for package epstopdf
Package epstopdf-base Info: Redefining graphics rule for `.eps' on input line 4
85.

(/usr/share/texlive/texmf-dist/tex/latex/latexconfig/epstopdf-sys.cfg
File: epstopdf-sys.cfg 2010/07/13 v1.3 Configuration of (r)epstopdf for TeX Liv
e
))
<uaLogoNew.pdf, id=100, 60.225pt x 75.28125pt>
File: uaLogoNew.pdf Graphic file (type pdf)
<use uaLogoNew.pdf>
Package pdftex.def Info: uaLogoNew.pdf  used on input line 97.
(pdftex.def)             Requested size: 136.60036pt x 170.71652pt.
LaTeX Font Info:    Trying to load font information for U+msa on input line 97.


(/usr/share/texlive/texmf-dist/tex/latex/amsfonts/umsa.fd
File: umsa.fd 2013/01/14 v3.01 AMS symbols A
)
LaTeX Font Info:    Trying to load font information for U+msb on input line 97.


(/usr/share/texlive/texmf-dist/tex/latex/amsfonts/umsb.fd
File: umsb.fd 2013/01/14 v3.01 AMS symbols B
)
File: uaLogoNew.pdf Graphic file (type pdf)
<use uaLogoNew.pdf>
Package pdftex.def Info: uaLogoNew.pdf  used on input line 97.
(pdftex.def)             Requested size: 20.48633pt x 25.60747pt.
 [1

{/var/lib/texmf/fonts/map/pdftex/updmap/pdftex.map} <./uaLogoNew.pdf>]pdfTeX wa
rning (ext4): destination with the same identifier (name{page.1}) has been alre
ady used, duplicate ignored
<to be read again> 
                   \relax 
l.101 \titlepage\ \endtitlepage
                                % empty page [1]pdfTeX warning (ext4): destinat
ion with the same identifier (name{page.1}) has been already used, duplicate ig
nored
<to be read again> 
                   \relax 
l.118 \EndTitlePage
                    [1]pdfTeX warning (ext4): destination with the same identif
ier (name{page.1}) has been already used, duplicate ignored
<to be read again> 
                   \relax 
l.119 \titlepage\ \endtitlepage
                                % empty page [1]pdfTeX warning (ext4): destinat
ion with the same identifier (name{page.1}) has been already used, duplicate ig
nored
<to be read again> 
                   \relax 
l.127 \EndTitlePage
                    [1]pdfTeX warning (ext4): destination with the same identif
ier (name{page.1}) has been already used, duplicate ignored
<to be read again> 
                   \relax 
l.128 \titlepage\ \endtitlepage
                                % empty page [1]pdfTeX warning (ext4): destinat
ion with the same identifier (name{page.1}) has been already used, duplicate ig
nored
<to be read again> 
                   \relax 
l.140 \EndTitlePage
                    [1]pdfTeX warning (ext4): destination with the same identif
ier (name{page.1}) has been already used, duplicate ignored
<to be read again> 
                   \relax 
l.141 \titlepage\ \endtitlepage
                                % empty page [1]pdfTeX warning (ext4): destinat
ion with the same identifier (name{page.1}) has been already used, duplicate ig
nored
<to be read again> 
                   \relax 
l.149 \EndTitlePage
                    [1]pdfTeX warning (ext4): destination with the same identif
ier (name{page.1}) has been already used, duplicate ignored
<to be read again> 
                   \relax 
l.150 \titlepage\ \endtitlepage
                                % empty page [1] (./Thesis_2020.toc)
\tf@toc=\write5
\openout5 = `Thesis_2020.toc'.

 [1

]
(./Thesis_2020.lof

LaTeX Warning: Citation `Aaboud:2017buh' on page ii undefined on input line 9.

)
\tf@lof=\write6
\openout6 = `Thesis_2020.lof'.

 [2


] (./Thesis_2020.lot)
\tf@lot=\write7
\openout7 = `Thesis_2020.lot'.

 [3


]pdfTeX warning (ext4): destination with the same identifier (name{page.1}) has
 been already used, duplicate ignored
<to be read again> 
                   \relax 
l.177 \include{Introduction}
                             [1


]
\openout2 = `Introduction.aux'.

 (./Introduction.tex
Chapter 1.
[2


]) [3]
\openout2 = `The_Standard_Model.aux'.

 (./The_Standard_Model.tex
Chapter 2.
[4



]
Overfull \hbox (1.5841pt too wide) in paragraph at lines 34--34
|[]\OT1/cmr/bx/n/14.4 Internal sym-me-try and com-po-nents of the Stan-dard Mod
el| 
 []

[5

] [6] [7]
Overfull \hbox (13.12091pt too wide) in paragraph at lines 200--202
[]\OT1/cmr/m/n/10.95 From what was de-fined above, we can now study the pro-ces
s SSB of $[]$
 []


LaTeX Warning: Reference `iamgarbagemanyes' on page 8 undefined on input line 2
38.

[8

] [9] [10

] [11]) [12]
\openout2 = `BLSM.aux'.

 (./BLSM.tex
Chapter 3.
[13



]

Package hyperref Warning: Difference (2) between bookmark levels is greater 
(hyperref)                than one, level fixed on input line 36.

[14] [15] [16] [17] [18]

LaTeX Warning: Citation `Khalil:2010iu' on page 19 undefined on input line 359.



LaTeX Warning: Citation `Costa:2014qga' on page 19 undefined on input line 389.


<./Images//BLSM/ST.pdf, id=422, 421.18047pt x 283.60121pt>
File: ./Images//BLSM/ST.pdf Graphic file (type pdf)
<use ./Images//BLSM/ST.pdf>
Package pdftex.def Info: ./Images//BLSM/ST.pdf  used on input line 393.
(pdftex.def)             Requested size: 210.5897pt x 141.80025pt.
<./Images//BLSM/TU.pdf, id=423, 423.13898pt x 283.60121pt>
File: ./Images//BLSM/TU.pdf Graphic file (type pdf)
<use ./Images//BLSM/TU.pdf>
Package pdftex.def Info: ./Images//BLSM/TU.pdf  used on input line 394.
(pdftex.def)             Requested size: 211.56895pt x 141.80025pt.
[19]

LaTeX Warning: Citation `Bechtle:2013wla' on page 20 undefined on input line 40
2.


LaTeX Warning: Citation `Bechtle:2013xfa' on page 20 undefined on input line 40
2.


LaTeX Warning: Citation `Tanabashi:2018oca' on page 20 undefined on input line 
402.


LaTeX Warning: Citation `Skands:2003cj' on page 20 undefined on input line 402.



LaTeX Warning: Citation `Bechtle:2013wla' on page 20 undefined on input line 40
2.


LaTeX Warning: Citation `Alwall:2014hca' on page 20 undefined on input line 404
.


LaTeX Warning: Citation `Aaboud:2017buh' on page 20 undefined on input line 404
.


LaTeX Warning: Reference `g-2' on page 20 undefined on input line 407.

<./Images//BLSM/mZp_Xsec_Amu.pdf, id=432, 556.50446pt x 376.15797pt>
File: ./Images//BLSM/mZp_Xsec_Amu.pdf Graphic file (type pdf)
<use ./Images//BLSM/mZp_Xsec_Amu.pdf>
Package pdftex.def Info: ./Images//BLSM/mZp_Xsec_Amu.pdf  used on input line 41
8.
(pdftex.def)             Requested size: 205.90343pt x 139.17625pt.
<./Images//BLSM/mZp_Mhp_Amu.pdf, id=433, 542.9722pt x 354.42827pt>
File: ./Images//BLSM/mZp_Mhp_Amu.pdf Graphic file (type pdf)
<use ./Images//BLSM/mZp_Mhp_Amu.pdf>
Package pdftex.def Info: ./Images//BLSM/mZp_Mhp_Amu.pdf  used on input line 419
.
(pdftex.def)             Requested size: 200.89656pt x 131.1364pt.

LaTeX Warning: Citation `Aaboud:2017buh' on page 20 undefined on input line 420
.


LaTeX Warning: Citation `Aaboud:2017buh' on page 20 undefined on input line 420
.

[20 <./Images//BLSM/ST.pdf> <./Images//BLSM/TU.pdf

pdfTeX warning: /usr/bin/pdflatex (file ./Images//BLSM/TU.pdf): PDF inclusion: 
multiple pdfs with page group included in a single page
>]

LaTeX Warning: Reference `tab:scan' on page 21 undefined on input line 425.


LaTeX Warning: Citation `Aaboud:2017buh' on page 21 undefined on input line 425
.


Overfull \hbox (0.92043pt too wide) in paragraph at lines 431--448
 [] 
 []

[21 <./Images//BLSM/mZp_Xsec_Amu.pdf> <./Images//BLSM/mZp_Mhp_Amu.pdf

pdfTeX warning: /usr/bin/pdflatex (file ./Images//BLSM/mZp_Mhp_Amu.pdf): PDF in
clusion: multiple pdfs with page group included in a single page
>]

LaTeX Warning: Reference `g-2' on page 22 undefined on input line 455.

<./Images//BLSM/g-2.pdf, id=582, 318.18875pt x 175.65625pt>
File: ./Images//BLSM/g-2.pdf Graphic file (type pdf)
<use ./Images//BLSM/g-2.pdf>
Package pdftex.def Info: ./Images//BLSM/g-2.pdf  used on input line 461.
(pdftex.def)             Requested size: 238.64096pt x 131.74185pt.
<./Images//BLSM/mZp_Xsec_mh2.pdf, id=587, 520.10815pt x 376.15797pt>
File: ./Images//BLSM/mZp_Xsec_mh2.pdf Graphic file (type pdf)
<use ./Images//BLSM/mZp_Xsec_mh2.pdf>
Package pdftex.def Info: ./Images//BLSM/mZp_Xsec_mh2.pdf  used on input line 47
0.
(pdftex.def)             Requested size: 192.437pt x 139.17625pt.
<./Images//BLSM/mZp_Xsec_VEV.pdf, id=588, 558.69188pt x 376.15797pt>
File: ./Images//BLSM/mZp_Xsec_VEV.pdf Graphic file (type pdf)
<use ./Images//BLSM/mZp_Xsec_VEV.pdf>
Package pdftex.def Info: ./Images//BLSM/mZp_Xsec_VEV.pdf  used on input line 47
1.
(pdftex.def)             Requested size: 206.71275pt x 139.17625pt.
<./Images//BLSM/mZp_Xsec_alpha.pdf, id=589, 567.25714pt x 376.15797pt>
File: ./Images//BLSM/mZp_Xsec_alpha.pdf Graphic file (type pdf)
<use ./Images//BLSM/mZp_Xsec_alpha.pdf>
Package pdftex.def Info: ./Images//BLSM/mZp_Xsec_alpha.pdf  used on input line 
472.
(pdftex.def)             Requested size: 209.88185pt x 139.17625pt.

LaTeX Warning: Citation `Freitas:2014pua' on page 22 undefined on input line 47
7.

[22 <./Images//BLSM/g-2.pdf>] [23 <./Images//BLSM/mZp_Xsec_mh2.pdf> <./Images//
BLSM/mZp_Xsec_VEV.pdf

pdfTeX warning: /usr/bin/pdflatex (file ./Images//BLSM/mZp_Xsec_VEV.pdf): PDF i
nclusion: multiple pdfs with page group included in a single page
> <./Images//BLSM/mZp_Xsec_alpha.pdf

pdfTeX warning: /usr/bin/pdflatex (file ./Images//BLSM/mZp_Xsec_alpha.pdf): PDF
 inclusion: multiple pdfs with page group included in a single page
>]
<./Images//BLSM/mZp_Xsec_gYB.pdf, id=743, 537.52657pt x 376.15797pt>
File: ./Images//BLSM/mZp_Xsec_gYB.pdf Graphic file (type pdf)
<use ./Images//BLSM/mZp_Xsec_gYB.pdf>
Package pdftex.def Info: ./Images//BLSM/mZp_Xsec_gYB.pdf  used on input line 50
8.
(pdftex.def)             Requested size: 198.8817pt x 139.17625pt.
<./Images//BLSM/mZp_Xsec_twp.pdf, id=744, 569.83868pt x 376.15797pt>
File: ./Images//BLSM/mZp_Xsec_twp.pdf Graphic file (type pdf)
<use ./Images//BLSM/mZp_Xsec_twp.pdf>
Package pdftex.def Info: ./Images//BLSM/mZp_Xsec_twp.pdf  used on input line 50
9.
(pdftex.def)             Requested size: 210.837pt x 139.17625pt.
<./Images//BLSM/mZp_Xsec_gBL.pdf, id=745, 555.7917pt x 376.15797pt>
File: ./Images//BLSM/mZp_Xsec_gBL.pdf Graphic file (type pdf)
<use ./Images//BLSM/mZp_Xsec_gBL.pdf>
Package pdftex.def Info: ./Images//BLSM/mZp_Xsec_gBL.pdf  used on input line 51
0.
(pdftex.def)             Requested size: 205.63971pt x 139.17625pt.
 [24 <./Images//BLSM/mZp_Xsec_gYB.pdf> <./Images//BLSM/mZp_Xsec_twp.pdf

pdfTeX warning: /usr/bin/pdflatex (file ./Images//BLSM/mZp_Xsec_twp.pdf): PDF i
nclusion: multiple pdfs with page group included in a single page
> <./Images//BLSM/mZp_Xsec_gBL.pdf

pdfTeX warning: /usr/bin/pdflatex (file ./Images//BLSM/mZp_Xsec_gBL.pdf): PDF i
nclusion: multiple pdfs with page group included in a single page
>]

LaTeX Warning: Reference `tab:scan' on page 25 undefined on input line 524.

<./Images//BLSM/mZp_Xsec_gLmumuZ.pdf, id=886, 561.94359pt x 376.15797pt>
File: ./Images//BLSM/mZp_Xsec_gLmumuZ.pdf Graphic file (type pdf)
<use ./Images//BLSM/mZp_Xsec_gLmumuZ.pdf>
Package pdftex.def Info: ./Images//BLSM/mZp_Xsec_gLmumuZ.pdf  used on input lin
e 530.
(pdftex.def)             Requested size: 207.91586pt x 139.17625pt.
<./Images//BLSM/mZp_Xsec_gRmumuZ.pdf, id=887, 561.94359pt x 376.15797pt>
File: ./Images//BLSM/mZp_Xsec_gRmumuZ.pdf Graphic file (type pdf)
<use ./Images//BLSM/mZp_Xsec_gRmumuZ.pdf>
Package pdftex.def Info: ./Images//BLSM/mZp_Xsec_gRmumuZ.pdf  used on input lin
e 531.
(pdftex.def)             Requested size: 207.91586pt x 139.17625pt.
<./Images//BLSM/mZp_Xsec_gWWZp.pdf, id=888, 542.53276pt x 376.15797pt>
File: ./Images//BLSM/mZp_Xsec_gWWZp.pdf Graphic file (type pdf)
<use ./Images//BLSM/mZp_Xsec_gWWZp.pdf>
Package pdftex.def Info: ./Images//BLSM/mZp_Xsec_gWWZp.pdf  used on input line 
532.
(pdftex.def)             Requested size: 200.73398pt x 139.17625pt.
[25 <./Images//BLSM/mZp_Xsec_gLmumuZ.pdf> <./Images//BLSM/mZp_Xsec_gRmumuZ.pdf

pdfTeX warning: /usr/bin/pdflatex (file ./Images//BLSM/mZp_Xsec_gRmumuZ.pdf): P
DF inclusion: multiple pdfs with page group included in a single page
> <./Images//BLSM/mZp_Xsec_gWWZp.pdf

pdfTeX warning: /usr/bin/pdflatex (file ./Images//BLSM/mZp_Xsec_gWWZp.pdf): PDF
 inclusion: multiple pdfs with page group included in a single page
>]

LaTeX Warning: Citation `Barr:1990vd' on page 26 undefined on input line 547.

<./Images//BLSM/Barr-Zee.pdf, id=1021, 417.56pt x 436.63126pt>
File: ./Images//BLSM/Barr-Zee.pdf Graphic file (type pdf)
<use ./Images//BLSM/Barr-Zee.pdf>
Package pdftex.def Info: ./Images//BLSM/Barr-Zee.pdf  used on input line 551.
(pdftex.def)             Requested size: 250.53792pt x 261.98077pt.

LaTeX Warning: Citation `Ilisie:2015tra' on page 26 undefined on input line 556
.


LaTeX Warning: Citation `Feng:2009gn' on page 26 undefined on input line 558.

[26 <./Images//BLSM/Barr-Zee.pdf>]

LaTeX Warning: Citation `Feng:2009gn' on page 27 undefined on input line 572.


LaTeX Warning: Reference `eq:T7-expanded' on page 27 undefined on input line 57
2.


LaTeX Warning: Reference `app:T7' on page 27 undefined on input line 577.

) [27]
\openout2 = `3HDM.aux'.

 (./3HDM.tex
Chapter 4.
) [28



]
\openout2 = `Conclusions.aux'.

 (./Conclusions.tex
Chapter 5.
) [29



]
\openout2 = `Appendix.aux'.

 (./Appendix.tex
Chapter 6.

Package hyperref Warning: Difference (2) between bookmark levels is greater 
(hyperref)                than one, level fixed on input line 7.

) [30



]
No file Thesis_2020.bbl.
Package atveryend Info: Empty hook `BeforeClearDocument' on input line 195.
Package atveryend Info: Empty hook `AfterLastShipout' on input line 195.
(./Thesis_2020.aux (./Introduction.aux) (./The_Standard_Model.aux) (./BLSM.aux)
(./3HDM.aux) (./Conclusions.aux) (./Appendix.aux))
Package atveryend Info: Executing hook `AtVeryEndDocument' on input line 195.
Package atveryend Info: Executing hook `AtEndAfterFileList' on input line 195.
Package rerunfilecheck Info: File `Thesis_2020.out' has not changed.
(rerunfilecheck)             Checksum: 4ACD042908FEFA399B82C58FABAA86EC;1659.


LaTeX Warning: There were undefined references.


LaTeX Warning: Label(s) may have changed. Rerun to get cross-references right.

Package atveryend Info: Empty hook `AtVeryVeryEnd' on input line 195.
 )
(\end occurred inside a group at level 6)

### simple group (level 6) entered at line 403 ({)
### simple group (level 5) entered at line 37 ({)
### simple group (level 4) entered at line 175 ({)
### simple group (level 3) entered at line 173 ({)
### simple group (level 2) entered at line 171 ({)
### simple group (level 1) entered at line 169 ({)
### bottom level 
Here is how much of TeX's memory you used:
 9206 strings out of 481239
 133753 string characters out of 5920378
 436147 words of memory out of 5000000
 24038 multiletter control sequences out of 15000+600000
 543387 words of font info for 63 fonts, out of 8000000 for 9000
 1141 hyphenation exceptions out of 8191
 35i,16n,37p,2472b,603s stack positions out of 5000i,500n,10000p,200000b,80000s
{/usr/share/texmf/fonts/enc/dvips/cm-super/cm-super-ts1.enc}</u
sr/share/texlive/texmf-dist/fonts/type1/public/amsfonts/cm/cmbx10.pfb></usr/sha
re/texlive/texmf-dist/fonts/type1/public/amsfonts/cm/cmbx12.pfb></usr/share/tex
live/texmf-dist/fonts/type1/public/amsfonts/cm/cmex10.pfb></usr/share/texlive/t
exmf-dist/fonts/type1/public/amsfonts/cm/cmmi10.pfb></usr/share/texlive/texmf-d
ist/fonts/type1/public/amsfonts/cm/cmmi12.pfb></usr/share/texlive/texmf-dist/fo
nts/type1/public/amsfonts/cm/cmmi6.pfb></usr/share/texlive/texmf-dist/fonts/typ
e1/public/amsfonts/cm/cmmi8.pfb></usr/share/texlive/texmf-dist/fonts/type1/publ
ic/amsfonts/cm/cmr10.pfb></usr/share/texlive/texmf-dist/fonts/type1/public/amsf
onts/cm/cmr12.pfb></usr/share/texlive/texmf-dist/fonts/type1/public/amsfonts/cm
/cmr17.pfb></usr/share/texlive/texmf-dist/fonts/type1/public/amsfonts/cm/cmr6.p
fb></usr/share/texlive/texmf-dist/fonts/type1/public/amsfonts/cm/cmr8.pfb></usr
/share/texlive/texmf-dist/fonts/type1/public/amsfonts/cm/cmss10.pfb></usr/share
/texlive/texmf-dist/fonts/type1/public/amsfonts/cm/cmssbx10.pfb></usr/share/tex
live/texmf-dist/fonts/type1/public/amsfonts/cm/cmsy10.pfb></usr/share/texlive/t
exmf-dist/fonts/type1/public/amsfonts/cm/cmsy6.pfb></usr/share/texlive/texmf-di
st/fonts/type1/public/amsfonts/cm/cmsy8.pfb></usr/share/texlive/texmf-dist/font
s/type1/public/amsfonts/cm/cmti10.pfb></usr/share/texlive/texmf-dist/fonts/type
1/public/amsfonts/cm/cmtt10.pfb></usr/share/texlive/texmf-dist/fonts/type1/publ
ic/amsfonts/symbols/msam10.pfb></usr/share/texlive/texmf-dist/fonts/type1/publi
c/amsfonts/symbols/msbm10.pfb></usr/share/texmf/fonts/type1/public/cm-super/sfr
m1095.pfb></usr/share/texlive/texmf-dist/fonts/type1/urw/zapfding/uzdr.pfb>
Output written on Thesis_2020.pdf (43 pages, 1492786 bytes).
PDF statistics:
 1172 PDF objects out of 1200 (max. 8388607)
 913 compressed objects within 10 object streams
 154 named destinations out of 1000 (max. 500000)
 273 words of extra memory for PDF output out of 10000 (max. 10000000)

