This is pdfTeX, Version 3.14159265-2.6-1.40.18 (TeX Live 2017/Debian) (preloaded format=pdflatex 2020.10.18)  7 DEC 2020 23:44
entering extended mode
 restricted \write18 enabled.
 %&-line parsing enabled.
**Thesis_2020.tex
(./Thesis_2020.tex
LaTeX2e <2017-04-15>
Babel <3.18> and hyphenation patterns for 84 language(s) loaded.
(/usr/share/texlive/texmf-dist/tex/latex/base/report.cls
Document Class: report 2014/09/29 v1.4h Standard LaTeX document class
(/usr/share/texlive/texmf-dist/tex/latex/base/size10.clo
File: size10.clo 2014/09/29 v1.4h Standard LaTeX file (size option)
)
\c@part=\count79
\c@chapter=\count80
\c@section=\count81
\c@subsection=\count82
\c@subsubsection=\count83
\c@paragraph=\count84
\c@subparagraph=\count85
\c@figure=\count86
\c@table=\count87
\abovecaptionskip=\skip41
\belowcaptionskip=\skip42
\bibindent=\dimen102
)
(/usr/share/texlive/texmf-dist/tex/latex/geometry/geometry.sty
Package: geometry 2010/09/12 v5.6 Page Geometry

(/usr/share/texlive/texmf-dist/tex/latex/graphics/keyval.sty
Package: keyval 2014/10/28 v1.15 key=value parser (DPC)
\KV@toks@=\toks14
)
(/usr/share/texlive/texmf-dist/tex/generic/oberdiek/ifpdf.sty
Package: ifpdf 2017/03/15 v3.2 Provides the ifpdf switch
)
(/usr/share/texlive/texmf-dist/tex/generic/oberdiek/ifvtex.sty
Package: ifvtex 2016/05/16 v1.6 Detect VTeX and its facilities (HO)
Package ifvtex Info: VTeX not detected.
)
(/usr/share/texlive/texmf-dist/tex/generic/ifxetex/ifxetex.sty
Package: ifxetex 2010/09/12 v0.6 Provides ifxetex conditional
)
\Gm@cnth=\count88
\Gm@cntv=\count89
\c@Gm@tempcnt=\count90
\Gm@bindingoffset=\dimen103
\Gm@wd@mp=\dimen104
\Gm@odd@mp=\dimen105
\Gm@even@mp=\dimen106
\Gm@layoutwidth=\dimen107
\Gm@layoutheight=\dimen108
\Gm@layouthoffset=\dimen109
\Gm@layoutvoffset=\dimen110
\Gm@dimlist=\toks15
)
(/usr/share/texmf/tex/latex/feynmf/feynmf.sty
Package: feynmf 1996/12/02 v1.08 LaTeX/Metafont Feynman Diagram Package (ohl)
\@outfmf=\write3
\fmfbuf@=\toks16
\c@fmfgraph=\count91
\grep@infile=\read1
\grep@outfile=\write4
)
(/usr/share/texlive/texmf-dist/tex/latex/comment/comment.sty
\CommentStream=\write5

Excluding comment 'comment')
(/usr/share/texlive/texmf-dist/tex/latex/float/float.sty
Package: float 2001/11/08 v1.3d Float enhancements (AL)
\c@float@type=\count92
\float@exts=\toks17
\float@box=\box26
\@float@everytoks=\toks18
\@floatcapt=\box27
)
(/usr/share/texlive/texmf-dist/tex/latex/booktabs/booktabs.sty
Package: booktabs 2016/04/27 v1.618033 publication quality tables
\heavyrulewidth=\dimen111
\lightrulewidth=\dimen112
\cmidrulewidth=\dimen113
\belowrulesep=\dimen114
\belowbottomsep=\dimen115
\aboverulesep=\dimen116
\abovetopsep=\dimen117
\cmidrulesep=\dimen118
\cmidrulekern=\dimen119
\defaultaddspace=\dimen120
\@cmidla=\count93
\@cmidlb=\count94
\@aboverulesep=\dimen121
\@belowrulesep=\dimen122
\@thisruleclass=\count95
\@lastruleclass=\count96
\@thisrulewidth=\dimen123
)
(/usr/share/texlive/texmf-dist/tex/latex/carlisle/slashed.sty
Package: slashed 1997/01/16 v0.01 Feynman Slashed Character Notation (DPC)
)
(/usr/share/texlive/texmf-dist/tex/latex/psnfss/pifont.sty
Package: pifont 2005/04/12 PSNFSS-v9.2a Pi font support (SPQR) 
LaTeX Font Info:    Try loading font information for U+pzd on input line 63.

(/usr/share/texlive/texmf-dist/tex/latex/psnfss/upzd.fd
File: upzd.fd 2001/06/04 font definitions for U/pzd.
)
LaTeX Font Info:    Try loading font information for U+psy on input line 64.

(/usr/share/texlive/texmf-dist/tex/latex/psnfss/upsy.fd
File: upsy.fd 2001/06/04 font definitions for U/psy.
))
(/usr/share/texlive/texmf-dist/tex/generic/babel/babel.sty
Package: babel 2018/02/14 3.18 The Babel package

(/usr/share/texlive/texmf-dist/tex/generic/babel/switch.def
File: switch.def 2018/02/14 3.18 Babel switching mechanism
)
(/usr/share/texlive/texmf-dist/tex/generic/babel-english/english.ldf
Language: english 2017/06/06 v3.3r English support from the babel system

(/usr/share/texlive/texmf-dist/tex/generic/babel/babel.def
File: babel.def 2018/02/14 3.18 Babel common definitions
\babel@savecnt=\count97
\U@D=\dimen124

(/usr/share/texlive/texmf-dist/tex/generic/babel/txtbabel.def)
\bbl@dirlevel=\count98
)
\l@canadian = a dialect from \language\l@american 
\l@australian = a dialect from \language\l@british 
\l@newzealand = a dialect from \language\l@british 
))
(/usr/share/texlive/texmf-dist/tex/latex/hyperref/hyperref.sty
Package: hyperref 2018/02/06 v6.86b Hypertext links for LaTeX

(/usr/share/texlive/texmf-dist/tex/generic/oberdiek/hobsub-hyperref.sty
Package: hobsub-hyperref 2016/05/16 v1.14 Bundle oberdiek, subset hyperref (HO)


(/usr/share/texlive/texmf-dist/tex/generic/oberdiek/hobsub-generic.sty
Package: hobsub-generic 2016/05/16 v1.14 Bundle oberdiek, subset generic (HO)
Package: hobsub 2016/05/16 v1.14 Construct package bundles (HO)
Package: infwarerr 2016/05/16 v1.4 Providing info/warning/error messages (HO)
Package: ltxcmds 2016/05/16 v1.23 LaTeX kernel commands for general use (HO)
Package: ifluatex 2016/05/16 v1.4 Provides the ifluatex switch (HO)
Package ifluatex Info: LuaTeX not detected.
Package hobsub Info: Skipping package `ifvtex' (already loaded).
Package: intcalc 2016/05/16 v1.2 Expandable calculations with integers (HO)
Package hobsub Info: Skipping package `ifpdf' (already loaded).
Package: etexcmds 2016/05/16 v1.6 Avoid name clashes with e-TeX commands (HO)
Package etexcmds Info: Could not find \expanded.
(etexcmds)             That can mean that you are not using pdfTeX 1.50 or
(etexcmds)             that some package has redefined \expanded.
(etexcmds)             In the latter case, load this package earlier.
Package: kvsetkeys 2016/05/16 v1.17 Key value parser (HO)
Package: kvdefinekeys 2016/05/16 v1.4 Define keys (HO)
Package: pdftexcmds 2018/01/21 v0.26 Utility functions of pdfTeX for LuaTeX (HO
)
Package pdftexcmds Info: LuaTeX not detected.
Package pdftexcmds Info: \pdf@primitive is available.
Package pdftexcmds Info: \pdf@ifprimitive is available.
Package pdftexcmds Info: \pdfdraftmode found.
Package: pdfescape 2016/05/16 v1.14 Implements pdfTeX's escape features (HO)
Package: bigintcalc 2016/05/16 v1.4 Expandable calculations on big integers (HO
)
Package: bitset 2016/05/16 v1.2 Handle bit-vector datatype (HO)
Package: uniquecounter 2016/05/16 v1.3 Provide unlimited unique counter (HO)
)
Package hobsub Info: Skipping package `hobsub' (already loaded).
Package: letltxmacro 2016/05/16 v1.5 Let assignment for LaTeX macros (HO)
Package: hopatch 2016/05/16 v1.3 Wrapper for package hooks (HO)
Package: xcolor-patch 2016/05/16 xcolor patch
Package: atveryend 2016/05/16 v1.9 Hooks at the very end of document (HO)
Package atveryend Info: \enddocument detected (standard20110627).
Package: atbegshi 2016/06/09 v1.18 At begin shipout hook (HO)
Package: refcount 2016/05/16 v3.5 Data extraction from label references (HO)
Package: hycolor 2016/05/16 v1.8 Color options for hyperref/bookmark (HO)
)
(/usr/share/texlive/texmf-dist/tex/latex/oberdiek/auxhook.sty
Package: auxhook 2016/05/16 v1.4 Hooks for auxiliary files (HO)
)
(/usr/share/texlive/texmf-dist/tex/latex/oberdiek/kvoptions.sty
Package: kvoptions 2016/05/16 v3.12 Key value format for package options (HO)
)
\@linkdim=\dimen125
\Hy@linkcounter=\count99
\Hy@pagecounter=\count100

(/usr/share/texlive/texmf-dist/tex/latex/hyperref/pd1enc.def
File: pd1enc.def 2018/02/06 v6.86b Hyperref: PDFDocEncoding definition (HO)
)
\Hy@SavedSpaceFactor=\count101

(/usr/share/texlive/texmf-dist/tex/latex/latexconfig/hyperref.cfg
File: hyperref.cfg 2002/06/06 v1.2 hyperref configuration of TeXLive
)
Package hyperref Info: Hyper figures OFF on input line 4509.
Package hyperref Info: Link nesting OFF on input line 4514.
Package hyperref Info: Hyper index ON on input line 4517.
Package hyperref Info: Plain pages OFF on input line 4524.
Package hyperref Info: Backreferencing OFF on input line 4529.
Package hyperref Info: Implicit mode ON; LaTeX internals redefined.
Package hyperref Info: Bookmarks ON on input line 4762.
\c@Hy@tempcnt=\count102

(/usr/share/texlive/texmf-dist/tex/latex/url/url.sty
\Urlmuskip=\muskip10
Package: url 2013/09/16  ver 3.4  Verb mode for urls, etc.
)
LaTeX Info: Redefining \url on input line 5115.
\XeTeXLinkMargin=\dimen126
\Fld@menulength=\count103
\Field@Width=\dimen127
\Fld@charsize=\dimen128
Package hyperref Info: Hyper figures OFF on input line 6369.
Package hyperref Info: Link nesting OFF on input line 6374.
Package hyperref Info: Hyper index ON on input line 6377.
Package hyperref Info: backreferencing OFF on input line 6384.
Package hyperref Info: Link coloring OFF on input line 6389.
Package hyperref Info: Link coloring with OCG OFF on input line 6394.
Package hyperref Info: PDF/A mode OFF on input line 6399.
LaTeX Info: Redefining \ref on input line 6439.
LaTeX Info: Redefining \pageref on input line 6443.
\Hy@abspage=\count104
\c@Item=\count105
\c@Hfootnote=\count106
)
Package hyperref Info: Driver (autodetected): hpdftex.

(/usr/share/texlive/texmf-dist/tex/latex/hyperref/hpdftex.def
File: hpdftex.def 2018/02/06 v6.86b Hyperref driver for pdfTeX
\Fld@listcount=\count107
\c@bookmark@seq@number=\count108

(/usr/share/texlive/texmf-dist/tex/latex/oberdiek/rerunfilecheck.sty
Package: rerunfilecheck 2016/05/16 v1.8 Rerun checks for auxiliary files (HO)
Package uniquecounter Info: New unique counter `rerunfilecheck' on input line 2
82.
)
\Hy@SectionHShift=\skip43
)
(/usr/share/texlive/texmf-dist/tex/latex/amsmath/amsmath.sty
Package: amsmath 2017/09/02 v2.17a AMS math features
\@mathmargin=\skip44

For additional information on amsmath, use the `?' option.
(/usr/share/texlive/texmf-dist/tex/latex/amsmath/amstext.sty
Package: amstext 2000/06/29 v2.01 AMS text

(/usr/share/texlive/texmf-dist/tex/latex/amsmath/amsgen.sty
File: amsgen.sty 1999/11/30 v2.0 generic functions
\@emptytoks=\toks19
\ex@=\dimen129
))
(/usr/share/texlive/texmf-dist/tex/latex/amsmath/amsbsy.sty
Package: amsbsy 1999/11/29 v1.2d Bold Symbols
\pmbraise@=\dimen130
)
(/usr/share/texlive/texmf-dist/tex/latex/amsmath/amsopn.sty
Package: amsopn 2016/03/08 v2.02 operator names
)
\inf@bad=\count109
LaTeX Info: Redefining \frac on input line 213.
\uproot@=\count110
\leftroot@=\count111
LaTeX Info: Redefining \overline on input line 375.
\classnum@=\count112
\DOTSCASE@=\count113
LaTeX Info: Redefining \ldots on input line 472.
LaTeX Info: Redefining \dots on input line 475.
LaTeX Info: Redefining \cdots on input line 596.
\Mathstrutbox@=\box28
\strutbox@=\box29
\big@size=\dimen131
LaTeX Font Info:    Redeclaring font encoding OML on input line 712.
LaTeX Font Info:    Redeclaring font encoding OMS on input line 713.
\macc@depth=\count114
\c@MaxMatrixCols=\count115
\dotsspace@=\muskip11
\c@parentequation=\count116
\dspbrk@lvl=\count117
\tag@help=\toks20
\row@=\count118
\column@=\count119
\maxfields@=\count120
\andhelp@=\toks21
\eqnshift@=\dimen132
\alignsep@=\dimen133
\tagshift@=\dimen134
\tagwidth@=\dimen135
\totwidth@=\dimen136
\lineht@=\dimen137
\@envbody=\toks22
\multlinegap=\skip45
\multlinetaggap=\skip46
\mathdisplay@stack=\toks23
LaTeX Info: Redefining \[ on input line 2817.
LaTeX Info: Redefining \] on input line 2818.
)
(/usr/share/texlive/texmf-dist/tex/latex/amsfonts/amssymb.sty
Package: amssymb 2013/01/14 v3.01 AMS font symbols

(/usr/share/texlive/texmf-dist/tex/latex/amsfonts/amsfonts.sty
Package: amsfonts 2013/01/14 v3.01 Basic AMSFonts support
\symAMSa=\mathgroup4
\symAMSb=\mathgroup5
LaTeX Font Info:    Overwriting math alphabet `\mathfrak' in version `bold'
(Font)                  U/euf/m/n --> U/euf/b/n on input line 106.
))
(/usr/share/texlive/texmf-dist/tex/latex/graphics/graphicx.sty
Package: graphicx 2017/06/01 v1.1a Enhanced LaTeX Graphics (DPC,SPQR)

(/usr/share/texlive/texmf-dist/tex/latex/graphics/graphics.sty
Package: graphics 2017/06/25 v1.2c Standard LaTeX Graphics (DPC,SPQR)

(/usr/share/texlive/texmf-dist/tex/latex/graphics/trig.sty
Package: trig 2016/01/03 v1.10 sin cos tan (DPC)
)
(/usr/share/texlive/texmf-dist/tex/latex/graphics-cfg/graphics.cfg
File: graphics.cfg 2016/06/04 v1.11 sample graphics configuration
)
Package graphics Info: Driver file: pdftex.def on input line 99.

(/usr/share/texlive/texmf-dist/tex/latex/graphics-def/pdftex.def
File: pdftex.def 2018/01/08 v1.0l Graphics/color driver for pdftex
))
\Gin@req@height=\dimen138
\Gin@req@width=\dimen139
)
(/usr/share/texlive/texmf-dist/tex/latex/base/inputenc.sty
Package: inputenc 2015/03/17 v1.2c Input encoding file
\inpenc@prehook=\toks24
\inpenc@posthook=\toks25

(/usr/share/texlive/texmf-dist/tex/latex/base/utf8.def
File: utf8.def 2017/01/28 v1.1t UTF-8 support for inputenc
Now handling font encoding OML ...
... no UTF-8 mapping file for font encoding OML
Now handling font encoding T1 ...
... processing UTF-8 mapping file for font encoding T1

(/usr/share/texlive/texmf-dist/tex/latex/base/t1enc.dfu
File: t1enc.dfu 2017/01/28 v1.1t UTF-8 support for inputenc
   defining Unicode char U+00A0 (decimal 160)
   defining Unicode char U+00A1 (decimal 161)
   defining Unicode char U+00A3 (decimal 163)
   defining Unicode char U+00AB (decimal 171)
   defining Unicode char U+00AD (decimal 173)
   defining Unicode char U+00BB (decimal 187)
   defining Unicode char U+00BF (decimal 191)
   defining Unicode char U+00C0 (decimal 192)
   defining Unicode char U+00C1 (decimal 193)
   defining Unicode char U+00C2 (decimal 194)
   defining Unicode char U+00C3 (decimal 195)
   defining Unicode char U+00C4 (decimal 196)
   defining Unicode char U+00C5 (decimal 197)
   defining Unicode char U+00C6 (decimal 198)
   defining Unicode char U+00C7 (decimal 199)
   defining Unicode char U+00C8 (decimal 200)
   defining Unicode char U+00C9 (decimal 201)
   defining Unicode char U+00CA (decimal 202)
   defining Unicode char U+00CB (decimal 203)
   defining Unicode char U+00CC (decimal 204)
   defining Unicode char U+00CD (decimal 205)
   defining Unicode char U+00CE (decimal 206)
   defining Unicode char U+00CF (decimal 207)
   defining Unicode char U+00D0 (decimal 208)
   defining Unicode char U+00D1 (decimal 209)
   defining Unicode char U+00D2 (decimal 210)
   defining Unicode char U+00D3 (decimal 211)
   defining Unicode char U+00D4 (decimal 212)
   defining Unicode char U+00D5 (decimal 213)
   defining Unicode char U+00D6 (decimal 214)
   defining Unicode char U+00D8 (decimal 216)
   defining Unicode char U+00D9 (decimal 217)
   defining Unicode char U+00DA (decimal 218)
   defining Unicode char U+00DB (decimal 219)
   defining Unicode char U+00DC (decimal 220)
   defining Unicode char U+00DD (decimal 221)
   defining Unicode char U+00DE (decimal 222)
   defining Unicode char U+00DF (decimal 223)
   defining Unicode char U+00E0 (decimal 224)
   defining Unicode char U+00E1 (decimal 225)
   defining Unicode char U+00E2 (decimal 226)
   defining Unicode char U+00E3 (decimal 227)
   defining Unicode char U+00E4 (decimal 228)
   defining Unicode char U+00E5 (decimal 229)
   defining Unicode char U+00E6 (decimal 230)
   defining Unicode char U+00E7 (decimal 231)
   defining Unicode char U+00E8 (decimal 232)
   defining Unicode char U+00E9 (decimal 233)
   defining Unicode char U+00EA (decimal 234)
   defining Unicode char U+00EB (decimal 235)
   defining Unicode char U+00EC (decimal 236)
   defining Unicode char U+00ED (decimal 237)
   defining Unicode char U+00EE (decimal 238)
   defining Unicode char U+00EF (decimal 239)
   defining Unicode char U+00F0 (decimal 240)
   defining Unicode char U+00F1 (decimal 241)
   defining Unicode char U+00F2 (decimal 242)
   defining Unicode char U+00F3 (decimal 243)
   defining Unicode char U+00F4 (decimal 244)
   defining Unicode char U+00F5 (decimal 245)
   defining Unicode char U+00F6 (decimal 246)
   defining Unicode char U+00F8 (decimal 248)
   defining Unicode char U+00F9 (decimal 249)
   defining Unicode char U+00FA (decimal 250)
   defining Unicode char U+00FB (decimal 251)
   defining Unicode char U+00FC (decimal 252)
   defining Unicode char U+00FD (decimal 253)
   defining Unicode char U+00FE (decimal 254)
   defining Unicode char U+00FF (decimal 255)
   defining Unicode char U+0100 (decimal 256)
   defining Unicode char U+0101 (decimal 257)
   defining Unicode char U+0102 (decimal 258)
   defining Unicode char U+0103 (decimal 259)
   defining Unicode char U+0104 (decimal 260)
   defining Unicode char U+0105 (decimal 261)
   defining Unicode char U+0106 (decimal 262)
   defining Unicode char U+0107 (decimal 263)
   defining Unicode char U+0108 (decimal 264)
   defining Unicode char U+0109 (decimal 265)
   defining Unicode char U+010A (decimal 266)
   defining Unicode char U+010B (decimal 267)
   defining Unicode char U+010C (decimal 268)
   defining Unicode char U+010D (decimal 269)
   defining Unicode char U+010E (decimal 270)
   defining Unicode char U+010F (decimal 271)
   defining Unicode char U+0110 (decimal 272)
   defining Unicode char U+0111 (decimal 273)
   defining Unicode char U+0112 (decimal 274)
   defining Unicode char U+0113 (decimal 275)
   defining Unicode char U+0114 (decimal 276)
   defining Unicode char U+0115 (decimal 277)
   defining Unicode char U+0116 (decimal 278)
   defining Unicode char U+0117 (decimal 279)
   defining Unicode char U+0118 (decimal 280)
   defining Unicode char U+0119 (decimal 281)
   defining Unicode char U+011A (decimal 282)
   defining Unicode char U+011B (decimal 283)
   defining Unicode char U+011C (decimal 284)
   defining Unicode char U+011D (decimal 285)
   defining Unicode char U+011E (decimal 286)
   defining Unicode char U+011F (decimal 287)
   defining Unicode char U+0120 (decimal 288)
   defining Unicode char U+0121 (decimal 289)
   defining Unicode char U+0122 (decimal 290)
   defining Unicode char U+0123 (decimal 291)
   defining Unicode char U+0124 (decimal 292)
   defining Unicode char U+0125 (decimal 293)
   defining Unicode char U+0128 (decimal 296)
   defining Unicode char U+0129 (decimal 297)
   defining Unicode char U+012A (decimal 298)
   defining Unicode char U+012B (decimal 299)
   defining Unicode char U+012C (decimal 300)
   defining Unicode char U+012D (decimal 301)
   defining Unicode char U+012E (decimal 302)
   defining Unicode char U+012F (decimal 303)
   defining Unicode char U+0130 (decimal 304)
   defining Unicode char U+0131 (decimal 305)
   defining Unicode char U+0132 (decimal 306)
   defining Unicode char U+0133 (decimal 307)
   defining Unicode char U+0134 (decimal 308)
   defining Unicode char U+0135 (decimal 309)
   defining Unicode char U+0136 (decimal 310)
   defining Unicode char U+0137 (decimal 311)
   defining Unicode char U+0139 (decimal 313)
   defining Unicode char U+013A (decimal 314)
   defining Unicode char U+013B (decimal 315)
   defining Unicode char U+013C (decimal 316)
   defining Unicode char U+013D (decimal 317)
   defining Unicode char U+013E (decimal 318)
   defining Unicode char U+0141 (decimal 321)
   defining Unicode char U+0142 (decimal 322)
   defining Unicode char U+0143 (decimal 323)
   defining Unicode char U+0144 (decimal 324)
   defining Unicode char U+0145 (decimal 325)
   defining Unicode char U+0146 (decimal 326)
   defining Unicode char U+0147 (decimal 327)
   defining Unicode char U+0148 (decimal 328)
   defining Unicode char U+014A (decimal 330)
   defining Unicode char U+014B (decimal 331)
   defining Unicode char U+014C (decimal 332)
   defining Unicode char U+014D (decimal 333)
   defining Unicode char U+014E (decimal 334)
   defining Unicode char U+014F (decimal 335)
   defining Unicode char U+0150 (decimal 336)
   defining Unicode char U+0151 (decimal 337)
   defining Unicode char U+0152 (decimal 338)
   defining Unicode char U+0153 (decimal 339)
   defining Unicode char U+0154 (decimal 340)
   defining Unicode char U+0155 (decimal 341)
   defining Unicode char U+0156 (decimal 342)
   defining Unicode char U+0157 (decimal 343)
   defining Unicode char U+0158 (decimal 344)
   defining Unicode char U+0159 (decimal 345)
   defining Unicode char U+015A (decimal 346)
   defining Unicode char U+015B (decimal 347)
   defining Unicode char U+015C (decimal 348)
   defining Unicode char U+015D (decimal 349)
   defining Unicode char U+015E (decimal 350)
   defining Unicode char U+015F (decimal 351)
   defining Unicode char U+0160 (decimal 352)
   defining Unicode char U+0161 (decimal 353)
   defining Unicode char U+0162 (decimal 354)
   defining Unicode char U+0163 (decimal 355)
   defining Unicode char U+0164 (decimal 356)
   defining Unicode char U+0165 (decimal 357)
   defining Unicode char U+0168 (decimal 360)
   defining Unicode char U+0169 (decimal 361)
   defining Unicode char U+016A (decimal 362)
   defining Unicode char U+016B (decimal 363)
   defining Unicode char U+016C (decimal 364)
   defining Unicode char U+016D (decimal 365)
   defining Unicode char U+016E (decimal 366)
   defining Unicode char U+016F (decimal 367)
   defining Unicode char U+0170 (decimal 368)
   defining Unicode char U+0171 (decimal 369)
   defining Unicode char U+0172 (decimal 370)
   defining Unicode char U+0173 (decimal 371)
   defining Unicode char U+0174 (decimal 372)
   defining Unicode char U+0175 (decimal 373)
   defining Unicode char U+0176 (decimal 374)
   defining Unicode char U+0177 (decimal 375)
   defining Unicode char U+0178 (decimal 376)
   defining Unicode char U+0179 (decimal 377)
   defining Unicode char U+017A (decimal 378)
   defining Unicode char U+017B (decimal 379)
   defining Unicode char U+017C (decimal 380)
   defining Unicode char U+017D (decimal 381)
   defining Unicode char U+017E (decimal 382)
   defining Unicode char U+01CD (decimal 461)
   defining Unicode char U+01CE (decimal 462)
   defining Unicode char U+01CF (decimal 463)
   defining Unicode char U+01D0 (decimal 464)
   defining Unicode char U+01D1 (decimal 465)
   defining Unicode char U+01D2 (decimal 466)
   defining Unicode char U+01D3 (decimal 467)
   defining Unicode char U+01D4 (decimal 468)
   defining Unicode char U+01E2 (decimal 482)
   defining Unicode char U+01E3 (decimal 483)
   defining Unicode char U+01E6 (decimal 486)
   defining Unicode char U+01E7 (decimal 487)
   defining Unicode char U+01E8 (decimal 488)
   defining Unicode char U+01E9 (decimal 489)
   defining Unicode char U+01EA (decimal 490)
   defining Unicode char U+01EB (decimal 491)
   defining Unicode char U+01F0 (decimal 496)
   defining Unicode char U+01F4 (decimal 500)
   defining Unicode char U+01F5 (decimal 501)
   defining Unicode char U+0218 (decimal 536)
   defining Unicode char U+0219 (decimal 537)
   defining Unicode char U+021A (decimal 538)
   defining Unicode char U+021B (decimal 539)
   defining Unicode char U+0232 (decimal 562)
   defining Unicode char U+0233 (decimal 563)
   defining Unicode char U+1E02 (decimal 7682)
   defining Unicode char U+1E03 (decimal 7683)
   defining Unicode char U+200C (decimal 8204)
   defining Unicode char U+2010 (decimal 8208)
   defining Unicode char U+2011 (decimal 8209)
   defining Unicode char U+2012 (decimal 8210)
   defining Unicode char U+2013 (decimal 8211)
   defining Unicode char U+2014 (decimal 8212)
   defining Unicode char U+2015 (decimal 8213)
   defining Unicode char U+2018 (decimal 8216)
   defining Unicode char U+2019 (decimal 8217)
   defining Unicode char U+201A (decimal 8218)
   defining Unicode char U+201C (decimal 8220)
   defining Unicode char U+201D (decimal 8221)
   defining Unicode char U+201E (decimal 8222)
   defining Unicode char U+2030 (decimal 8240)
   defining Unicode char U+2031 (decimal 8241)
   defining Unicode char U+2039 (decimal 8249)
   defining Unicode char U+203A (decimal 8250)
   defining Unicode char U+2423 (decimal 9251)
   defining Unicode char U+1E20 (decimal 7712)
   defining Unicode char U+1E21 (decimal 7713)
)
Now handling font encoding OT1 ...
... processing UTF-8 mapping file for font encoding OT1

(/usr/share/texlive/texmf-dist/tex/latex/base/ot1enc.dfu
File: ot1enc.dfu 2017/01/28 v1.1t UTF-8 support for inputenc
   defining Unicode char U+00A0 (decimal 160)
   defining Unicode char U+00A1 (decimal 161)
   defining Unicode char U+00A3 (decimal 163)
   defining Unicode char U+00AD (decimal 173)
   defining Unicode char U+00B8 (decimal 184)
   defining Unicode char U+00BF (decimal 191)
   defining Unicode char U+00C5 (decimal 197)
   defining Unicode char U+00C6 (decimal 198)
   defining Unicode char U+00D8 (decimal 216)
   defining Unicode char U+00DF (decimal 223)
   defining Unicode char U+00E6 (decimal 230)
   defining Unicode char U+00EC (decimal 236)
   defining Unicode char U+00ED (decimal 237)
   defining Unicode char U+00EE (decimal 238)
   defining Unicode char U+00EF (decimal 239)
   defining Unicode char U+00F8 (decimal 248)
   defining Unicode char U+0131 (decimal 305)
   defining Unicode char U+0141 (decimal 321)
   defining Unicode char U+0142 (decimal 322)
   defining Unicode char U+0152 (decimal 338)
   defining Unicode char U+0153 (decimal 339)
   defining Unicode char U+0174 (decimal 372)
   defining Unicode char U+0175 (decimal 373)
   defining Unicode char U+0176 (decimal 374)
   defining Unicode char U+0177 (decimal 375)
   defining Unicode char U+0218 (decimal 536)
   defining Unicode char U+0219 (decimal 537)
   defining Unicode char U+021A (decimal 538)
   defining Unicode char U+021B (decimal 539)
   defining Unicode char U+2013 (decimal 8211)
   defining Unicode char U+2014 (decimal 8212)
   defining Unicode char U+2018 (decimal 8216)
   defining Unicode char U+2019 (decimal 8217)
   defining Unicode char U+201C (decimal 8220)
   defining Unicode char U+201D (decimal 8221)
)
Now handling font encoding OMS ...
... processing UTF-8 mapping file for font encoding OMS

(/usr/share/texlive/texmf-dist/tex/latex/base/omsenc.dfu
File: omsenc.dfu 2017/01/28 v1.1t UTF-8 support for inputenc
   defining Unicode char U+00A7 (decimal 167)
   defining Unicode char U+00B6 (decimal 182)
   defining Unicode char U+00B7 (decimal 183)
   defining Unicode char U+2020 (decimal 8224)
   defining Unicode char U+2021 (decimal 8225)
   defining Unicode char U+2022 (decimal 8226)
)
Now handling font encoding OMX ...
... no UTF-8 mapping file for font encoding OMX
Now handling font encoding U ...
... no UTF-8 mapping file for font encoding U
Now handling font encoding PD1 ...
... no UTF-8 mapping file for font encoding PD1
   defining Unicode char U+00A9 (decimal 169)
   defining Unicode char U+00AA (decimal 170)
   defining Unicode char U+00AE (decimal 174)
   defining Unicode char U+00BA (decimal 186)
   defining Unicode char U+02C6 (decimal 710)
   defining Unicode char U+02DC (decimal 732)
   defining Unicode char U+200C (decimal 8204)
   defining Unicode char U+2026 (decimal 8230)
   defining Unicode char U+2122 (decimal 8482)
   defining Unicode char U+2423 (decimal 9251)
))
(/usr/share/texlive/texmf-dist/tex/latex/subfiles/subfiles.sty
Package: subfiles 2012/05/23 Federico Garcia

(/usr/share/texlive/texmf-dist/tex/latex/tools/verbatim.sty
Package: verbatim 2014/10/28 v1.5q LaTeX2e package for verbatim enhancements
\every@verbatim=\toks26
\verbatim@line=\toks27
\verbatim@in@stream=\read2
))
(/usr/share/texlive/texmf-dist/tex/latex/cancel/cancel.sty
Package: cancel 2013/04/12 v2.2 Cancel math terms
)
(/usr/share/texlive/texmf-dist/tex/latex/tools/tabularx.sty
Package: tabularx 2016/02/03 v2.11 `tabularx' package (DPC)

(/usr/share/texlive/texmf-dist/tex/latex/tools/array.sty
Package: array 2016/10/06 v2.4d Tabular extension package (FMi)
\col@sep=\dimen140
\extrarowheight=\dimen141
\NC@list=\toks28
\extratabsurround=\skip47
\backup@length=\skip48
)
\TX@col@width=\dimen142
\TX@old@table=\dimen143
\TX@old@col=\dimen144
\TX@target=\dimen145
\TX@delta=\dimen146
\TX@cols=\count121
\TX@ftn=\toks29
)
(/usr/share/texlive/texmf-dist/tex/latex/xcolor/xcolor.sty
Package: xcolor 2016/05/11 v2.12 LaTeX color extensions (UK)

(/usr/share/texlive/texmf-dist/tex/latex/graphics-cfg/color.cfg
File: color.cfg 2016/01/02 v1.6 sample color configuration
)
Package xcolor Info: Driver file: pdftex.def on input line 225.
Package xcolor Info: Model `cmy' substituted by `cmy0' on input line 1348.
Package xcolor Info: Model `hsb' substituted by `rgb' on input line 1352.
Package xcolor Info: Model `RGB' extended on input line 1364.
Package xcolor Info: Model `HTML' substituted by `rgb' on input line 1366.
Package xcolor Info: Model `Hsb' substituted by `hsb' on input line 1367.
Package xcolor Info: Model `tHsb' substituted by `hsb' on input line 1368.
Package xcolor Info: Model `HSB' substituted by `hsb' on input line 1369.
Package xcolor Info: Model `Gray' substituted by `gray' on input line 1370.
Package xcolor Info: Model `wave' substituted by `hsb' on input line 1371.

(/usr/share/texlive/texmf-dist/tex/latex/graphics/dvipsnam.def
File: dvipsnam.def 2016/06/17 v3.0m Driver-dependent file (DPC,SPQR)
))
(/usr/share/texlive/texmf-dist/tex/generic/ulem/ulem.sty
\UL@box=\box30
\UL@hyphenbox=\box31
\UL@skip=\skip49
\UL@hook=\toks30
\UL@height=\dimen147
\UL@pe=\count122
\UL@pixel=\dimen148
\ULC@box=\box32
Package: ulem 2012/05/18
\ULdepth=\dimen149
) (./uaThesis.sty
Package: uaThesis 2009/11/21 v0.6a UA thesis

(/usr/share/texlive/texmf-dist/tex/latex/a4wide/a4wide.sty
Package: a4wide 1994/08/30

(/usr/share/texlive/texmf-dist/tex/latex/ntgclass/a4.sty
Package: a4 2004/04/15 v1.2g A4 based page layout
)))
(/usr/share/texlive/texmf-dist/tex/latex/titlesec/titlesec.sty
Package: titlesec 2016/03/21 v2.10.2 Sectioning titles
\ttl@box=\box33
\beforetitleunit=\skip50
\aftertitleunit=\skip51
\ttl@plus=\dimen150
\ttl@minus=\dimen151
\ttl@toksa=\toks31
\titlewidth=\dimen152
\titlewidthlast=\dimen153
\titlewidthfirst=\dimen154
)
(/usr/share/texlive/texmf-dist/tex/latex/breqn/flexisym.sty
(/usr/share/texlive/texmf-dist/tex/latex/l3kernel/expl3.sty
Package: expl3 2018/02/21 L3 programming layer (loader) 

(/usr/share/texlive/texmf-dist/tex/latex/l3kernel/expl3-code.tex
Package: expl3 2018/02/21 L3 programming layer (code)
\c_max_int=\count123
\l_tmpa_int=\count124
\l_tmpb_int=\count125
\g_tmpa_int=\count126
\g_tmpb_int=\count127
\g__intarray_font_int=\count128
\g__prg_map_int=\count129
\c_log_iow=\count130
\l_iow_line_count_int=\count131
\l__iow_line_target_int=\count132
\l__iow_one_indent_int=\count133
\l__iow_indent_int=\count134
\c_zero_dim=\dimen155
\c_max_dim=\dimen156
\l_tmpa_dim=\dimen157
\l_tmpb_dim=\dimen158
\g_tmpa_dim=\dimen159
\g_tmpb_dim=\dimen160
\c_zero_skip=\skip52
\c_max_skip=\skip53
\l_tmpa_skip=\skip54
\l_tmpb_skip=\skip55
\g_tmpa_skip=\skip56
\g_tmpb_skip=\skip57
\c_zero_muskip=\muskip12
\c_max_muskip=\muskip13
\l_tmpa_muskip=\muskip14
\l_tmpb_muskip=\muskip15
\g_tmpa_muskip=\muskip16
\g_tmpb_muskip=\muskip17
\l_keys_choice_int=\count135
\c__fp_leading_shift_int=\count136
\c__fp_middle_shift_int=\count137
\c__fp_trailing_shift_int=\count138
\c__fp_big_leading_shift_int=\count139
\c__fp_big_middle_shift_int=\count140
\c__fp_big_trailing_shift_int=\count141
\c__fp_Bigg_leading_shift_int=\count142
\c__fp_Bigg_middle_shift_int=\count143
\c__fp_Bigg_trailing_shift_int=\count144
\c__fp_rand_size_int=\count145
\c__fp_rand_four_int=\count146
\c__fp_rand_eight_int=\count147
\l__sort_length_int=\count148
\l__sort_min_int=\count149
\l__sort_top_int=\count150
\l__sort_max_int=\count151
\l__sort_true_max_int=\count152
\l__sort_block_int=\count153
\l__sort_begin_int=\count154
\l__sort_end_int=\count155
\l__sort_A_int=\count156
\l__sort_B_int=\count157
\l__sort_C_int=\count158
\l__tl_build_start_index_int=\count159
\l__tl_build_index_int=\count160
\l__tl_analysis_normal_int=\count161
\l__tl_analysis_index_int=\count162
\l__tl_analysis_nesting_int=\count163
\l__tl_analysis_type_int=\count164
\l__regex_internal_a_int=\count165
\l__regex_internal_b_int=\count166
\l__regex_internal_c_int=\count167
\l__regex_balance_int=\count168
\l__regex_group_level_int=\count169
\l__regex_mode_int=\count170
\c__regex_cs_in_class_mode_int=\count171
\c__regex_cs_mode_int=\count172
\l__regex_catcodes_int=\count173
\l__regex_default_catcodes_int=\count174
\c__regex_catcode_D_int=\count175
\c__regex_catcode_S_int=\count176
\c__regex_catcode_L_int=\count177
\c__regex_catcode_O_int=\count178
\c__regex_catcode_A_int=\count179
\c__regex_all_catcodes_int=\count180
\l__regex_show_lines_int=\count181
\l__regex_min_state_int=\count182
\l__regex_max_state_int=\count183
\l__regex_left_state_int=\count184
\l__regex_right_state_int=\count185
\l__regex_capturing_group_int=\count186
\l__regex_min_pos_int=\count187
\l__regex_max_pos_int=\count188
\l__regex_curr_pos_int=\count189
\l__regex_start_pos_int=\count190
\l__regex_success_pos_int=\count191
\l__regex_curr_char_int=\count192
\l__regex_curr_catcode_int=\count193
\l__regex_last_char_int=\count194
\l__regex_case_changed_char_int=\count195
\l__regex_curr_state_int=\count196
\l__regex_step_int=\count197
\l__regex_min_active_int=\count198
\l__regex_max_active_int=\count199
\l__regex_replacement_csnames_int=\count266
\l__regex_match_count_int=\count267
\l__regex_min_submatch_int=\count268
\l__regex_submatch_int=\count269
\l__regex_zeroth_submatch_int=\count270
\g__regex_trace_regex_int=\count271
\c_empty_box=\box34
\l_tmpa_box=\box35
\l_tmpb_box=\box36
\g_tmpa_box=\box37
\g_tmpb_box=\box38
\l__box_top_dim=\dimen161
\l__box_bottom_dim=\dimen162
\l__box_left_dim=\dimen163
\l__box_right_dim=\dimen164
\l__box_top_new_dim=\dimen165
\l__box_bottom_new_dim=\dimen166
\l__box_left_new_dim=\dimen167
\l__box_right_new_dim=\dimen168
\l__box_internal_box=\box39
\l__coffin_internal_box=\box40
\l__coffin_internal_dim=\dimen169
\l__coffin_offset_x_dim=\dimen170
\l__coffin_offset_y_dim=\dimen171
\l__coffin_x_dim=\dimen172
\l__coffin_y_dim=\dimen173
\l__coffin_x_prime_dim=\dimen174
\l__coffin_y_prime_dim=\dimen175
\c_empty_coffin=\box41
\l__coffin_aligned_coffin=\box42
\l__coffin_aligned_internal_coffin=\box43
\l_tmpa_coffin=\box44
\l_tmpb_coffin=\box45
\l__coffin_display_coffin=\box46
\l__coffin_display_coord_coffin=\box47
\l__coffin_display_pole_coffin=\box48
\l__coffin_display_offset_dim=\dimen176
\l__coffin_display_x_dim=\dimen177
\l__coffin_display_y_dim=\dimen178
\l__coffin_bounding_shift_dim=\dimen179
\l__coffin_left_corner_dim=\dimen180
\l__coffin_right_corner_dim=\dimen181
\l__coffin_bottom_corner_dim=\dimen182
\l__coffin_top_corner_dim=\dimen183
\l__coffin_scaled_total_height_dim=\dimen184
\l__coffin_scaled_width_dim=\dimen185
)
(/usr/share/texlive/texmf-dist/tex/latex/l3kernel/l3pdfmode.def
File: l3pdfmode.def 2017/03/18 v L3 Experimental driver: PDF mode
\l__driver_color_stack_int=\count272
\l__driver_tmp_box=\box49
))
Package: flexisym 2017/01/27 v0.98e Make math characters macros
LaTeX Info: Redefining \textprime on input line 300.
LaTeX Info: Redefining \not on input line 358.

(/usr/share/texlive/texmf-dist/tex/latex/breqn/cmbase.sym
File: cmbase.sym 2007/12/19 v0.92
LaTeX Info: Redefining \hbar on input line 325.
LaTeX Info: Redefining \surd on input line 327.
LaTeX Info: Redefining \angle on input line 335.
LaTeX Info: Redefining \neq on input line 336.
LaTeX Info: Redefining \mapsto on input line 337.
LaTeX Info: Redefining \cong on input line 338.
LaTeX Info: Redefining \notin on input line 341.
LaTeX Info: Redefining \rightleftharpoons on input line 342.
LaTeX Info: Redefining \doteq on input line 343.
LaTeX Info: Redefining \hookrightarrow on input line 344.
LaTeX Info: Redefining \hookleftarrow on input line 345.
LaTeX Info: Redefining \bowtie on input line 346.
LaTeX Info: Redefining \models on input line 347.
LaTeX Info: Redefining \Longrightarrow on input line 348.
LaTeX Info: Redefining \longrightarrow on input line 349.
LaTeX Info: Redefining \Longleftarrow on input line 350.
LaTeX Info: Redefining \longleftarrow on input line 351.
LaTeX Info: Redefining \longmapsto on input line 352.
LaTeX Info: Redefining \longleftrightarrow on input line 353.
LaTeX Info: Redefining \Longleftrightarrow on input line 354.
LaTeX Info: Redefining \cdots on input line 358.
LaTeX Info: Redefining \vdots on input line 361.
LaTeX Info: Redefining \ddots on input line 366.
)
(/usr/share/texlive/texmf-dist/tex/latex/breqn/mathstyle.sty
Package: mathstyle 2017/01/27 0.98e Tracking mathstyle implicitly
LaTeX Info: Redefining \displaystyle on input line 93.
LaTeX Info: Redefining \textstyle on input line 95.
LaTeX Info: Redefining \scriptstyle on input line 97.
LaTeX Info: Redefining \scriptscriptstyle on input line 99.
LaTeX Info: Redefining \genfrac on input line 145.
))
(./Thesis_2020.aux (./Introduction.aux) (./The_Standard_Model.aux

LaTeX Warning: Label `chapter:StandardModel' multiply defined.


LaTeX Warning: Label `section:Symmetries_SM' multiply defined.


LaTeX Warning: Label `eq:SM_Group' multiply defined.


LaTeX Warning: Label `table1' multiply defined.


LaTeX Warning: Label `table2' multiply defined.


LaTeX Warning: Label `eq:Left_boys' multiply defined.


LaTeX Warning: Label `eq:Right_boys' multiply defined.


LaTeX Warning: Label `eq:Higgs_doublet' multiply defined.


LaTeX Warning: Label `tab:Charges_post_SSB' multiply defined.


LaTeX Warning: Label `eq:PartialDefSM' multiply defined.


LaTeX Warning: Label `eq:Field_strength_tensors' multiply defined.


LaTeX Warning: Label `eq:SM_baby_lagrangian' multiply defined.


LaTeX Warning: Label `eq:KinSM' multiply defined.


LaTeX Warning: Label `eq:PotentialSM' multiply defined.


LaTeX Warning: Label `eq:YukawaSM' multiply defined.


LaTeX Warning: Label `section:Higgs_mechanism' multiply defined.


LaTeX Warning: Label `eq:breaking_SSB' multiply defined.


LaTeX Warning: Label `eq:GaugeSM' multiply defined.


LaTeX Warning: Label `eq:vev' multiply defined.


LaTeX Warning: Label `eq:vev_expansion' multiply defined.


LaTeX Warning: Label `shame' multiply defined.


LaTeX Warning: Label `complicatedpart' multiply defined.


LaTeX Warning: Label `eq:Higgs_mass' multiply defined.


LaTeX Warning: Label `gagestate' multiply defined.


LaTeX Warning: Label `eq:Mass_matrix_diag_1' multiply defined.


LaTeX Warning: Label `eq:Mass_matrix_diag_2' multiply defined.

) (./BLSM.aux) (./3HDM.aux) (./Conclusions.aux) (./Appendix.aux))
\openout1 = `Thesis_2020.aux'.

LaTeX Font Info:    Checking defaults for OML/cmm/m/it on input line 120.
LaTeX Font Info:    ... okay on input line 120.
LaTeX Font Info:    Checking defaults for T1/cmr/m/n on input line 120.
LaTeX Font Info:    ... okay on input line 120.
LaTeX Font Info:    Checking defaults for OT1/cmr/m/n on input line 120.
LaTeX Font Info:    ... okay on input line 120.
LaTeX Font Info:    Checking defaults for OMS/cmsy/m/n on input line 120.
LaTeX Font Info:    ... okay on input line 120.
LaTeX Font Info:    Checking defaults for OMX/cmex/m/n on input line 120.
LaTeX Font Info:    ... okay on input line 120.
LaTeX Font Info:    Checking defaults for U/cmr/m/n on input line 120.
LaTeX Font Info:    ... okay on input line 120.
LaTeX Font Info:    Checking defaults for PD1/pdf/m/n on input line 120.
LaTeX Font Info:    ... okay on input line 120.

*geometry* driver: auto-detecting
*geometry* detected driver: pdftex
*geometry* verbose mode - [ preamble ] result:
* driver: pdftex
* paper: a4paper
* layout: <same size as paper>
* layoutoffset:(h,v)=(0.0pt,0.0pt)
* modes: 
* h-part:(L,W,R)=(85.35826pt, 441.01773pt, 71.13188pt)
* v-part:(T,H,B)=(85.35826pt, 674.33032pt, 85.35826pt)
* \paperwidth=597.50787pt
* \paperheight=845.04684pt
* \textwidth=424.58624pt
* \textheight=646.0pt
* \oddsidemargin=18.06749pt
* \evensidemargin=18.06749pt
* \topmargin=0.0pt
* \headheight=12.0pt
* \headsep=25.0pt
* \topskip=10.0pt
* \footskip=30.0pt
* \marginparwidth=54.2025pt
* \marginparsep=11.0pt
* \columnsep=10.0pt
* \skip\footins=9.0pt plus 4.0pt minus 2.0pt
* \hoffset=0.0pt
* \voffset=0.0pt
* \mag=1000
* \@twocolumnfalse
* \@twosidefalse
* \@mparswitchfalse
* \@reversemarginfalse
* (1in=72.27pt=25.4mm, 1cm=28.453pt)

\AtBeginShipoutBox=\box50
Package hyperref Info: Link coloring OFF on input line 120.
(/usr/share/texlive/texmf-dist/tex/latex/hyperref/nameref.sty
Package: nameref 2016/05/21 v2.44 Cross-referencing by name of section

(/usr/share/texlive/texmf-dist/tex/generic/oberdiek/gettitlestring.sty
Package: gettitlestring 2016/05/16 v1.5 Cleanup title references (HO)
)
\c@section@level=\count273
)
LaTeX Info: Redefining \ref on input line 120.
LaTeX Info: Redefining \pageref on input line 120.
LaTeX Info: Redefining \nameref on input line 120.

(./Thesis_2020.out) (./Thesis_2020.out)
\@outlinefile=\write6
\openout6 = `Thesis_2020.out'.


(/usr/share/texlive/texmf-dist/tex/context/base/mkii/supp-pdf.mkii
[Loading MPS to PDF converter (version 2006.09.02).]
\scratchcounter=\count274
\scratchdimen=\dimen186
\scratchbox=\box51
\nofMPsegments=\count275
\nofMParguments=\count276
\everyMPshowfont=\toks32
\MPscratchCnt=\count277
\MPscratchDim=\dimen187
\MPnumerator=\count278
\makeMPintoPDFobject=\count279
\everyMPtoPDFconversion=\toks33
) (/usr/share/texlive/texmf-dist/tex/latex/oberdiek/epstopdf-base.sty
Package: epstopdf-base 2016/05/15 v2.6 Base part for package epstopdf

(/usr/share/texlive/texmf-dist/tex/latex/oberdiek/grfext.sty
Package: grfext 2016/05/16 v1.2 Manage graphics extensions (HO)
)
Package epstopdf-base Info: Redefining graphics rule for `.eps' on input line 4
38.
Package grfext Info: Graphics extension search list:
(grfext)             [.pdf,.png,.jpg,.mps,.jpeg,.jbig2,.jb2,.PDF,.PNG,.JPG,.JPE
G,.JBIG2,.JB2,.eps]
(grfext)             \AppendGraphicsExtensions on input line 456.

(/usr/share/texlive/texmf-dist/tex/latex/latexconfig/epstopdf-sys.cfg
File: epstopdf-sys.cfg 2010/07/13 v1.3 Configuration of (r)epstopdf for TeX Liv
e
))
<./Images/uaLogoNew.pdf, id=160, 60.225pt x 75.28125pt>
File: ./Images/uaLogoNew.pdf Graphic file (type pdf)
<use ./Images/uaLogoNew.pdf>
Package pdftex.def Info: ./Images/uaLogoNew.pdf  used on input line 126.
(pdftex.def)             Requested size: 136.60036pt x 170.71652pt.
LaTeX Font Info:    Try loading font information for U+msa on input line 126.

(/usr/share/texlive/texmf-dist/tex/latex/amsfonts/umsa.fd
File: umsa.fd 2013/01/14 v3.01 AMS symbols A
)
LaTeX Font Info:    Try loading font information for U+msb on input line 126.

(/usr/share/texlive/texmf-dist/tex/latex/amsfonts/umsb.fd
File: umsb.fd 2013/01/14 v3.01 AMS symbols B
)
File: ./Images/uaLogoNew.pdf Graphic file (type pdf)
<use ./Images/uaLogoNew.pdf>
Package pdftex.def Info: ./Images/uaLogoNew.pdf  used on input line 126.
(pdftex.def)             Requested size: 20.48633pt x 25.60747pt.
 [1

{/var/lib/texmf/fonts/map/pdftex/updmap/pdftex.map} <./Images/uaLogoNew.pdf>]pd
fTeX warning (ext4): destination with the same identifier (name{page.1}) has be
en already used, duplicate ignored
<to be read again> 
                   \relax 
l.130 \titlepage\ \endtitlepage
                                % empty page [1]pdfTeX warning (ext4): destinat
ion with the same identifier (name{page.1}) has been already used, duplicate ig
nored
<to be read again> 
                   \relax 
l.147 \EndTitlePage
                    [1]pdfTeX warning (ext4): destination with the same identif
ier (name{page.1}) has been already used, duplicate ignored
<to be read again> 
                   \relax 
l.148 \titlepage\ \endtitlepage
                                % empty page [1]pdfTeX warning (ext4): destinat
ion with the same identifier (name{page.1}) has been already used, duplicate ig
nored
<to be read again> 
                   \relax 
l.156 \EndTitlePage
                    [1]pdfTeX warning (ext4): destination with the same identif
ier (name{page.1}) has been already used, duplicate ignored
<to be read again> 
                   \relax 
l.157 \titlepage\ \endtitlepage
                                % empty page [1]
Underfull \hbox (badness 10000) in paragraph at lines 166--166

 []


Underfull \hbox (badness 10000) in paragraph at lines 166--166

 []

pdfTeX warning (ext4): destination with the same identifier (name{page.1}) has 
been already used, duplicate ignored
<to be read again> 
                   \relax 
l.167 \EndTitlePage
                    [1]pdfTeX warning (ext4): destination with the same identif
ier (name{page.1}) has been already used, duplicate ignored
<to be read again> 
                   \relax 
l.168 \titlepage\ \endtitlepage
                                % empty page [1]pdfTeX warning (ext4): destinat
ion with the same identifier (name{page.1}) has been already used, duplicate ig
nored
<to be read again> 
                   \relax 
l.176 \EndTitlePage
                    [1]pdfTeX warning (ext4): destination with the same identif
ier (name{page.1}) has been already used, duplicate ignored
<to be read again> 
                   \relax 
l.177 \titlepage\ \endtitlepage
                                % empty page [1] (./Thesis_2020.toc [1

])
\tf@toc=\write7
\openout7 = `Thesis_2020.toc'.


[2] (./Thesis_2020.lof [3


])
\tf@lof=\write8
\openout8 = `Thesis_2020.lof'.

 [4] (./Thesis_2020.lot)
\tf@lot=\write9
\openout9 = `Thesis_2020.lot'.

 [5


]
\openout2 = `Introduction.aux'.

 (./Introduction.tex
Chapter 1.
pdfTeX warning (ext4): destination with the same identifier (name{page.1}) has 
been already used, duplicate ignored
<to be read again> 
                   \relax 
l.46 
      [1



]
Underfull \hbox (badness 10000) in paragraph at lines 73--90

 []


Underfull \hbox (badness 10000) in paragraph at lines 73--90

 []


Underfull \hbox (badness 10000) in paragraph at lines 73--90

 []


Underfull \hbox (badness 10000) in paragraph at lines 73--90

 []


Underfull \hbox (badness 10000) in paragraph at lines 73--90

 []


Underfull \hbox (badness 10000) in paragraph at lines 73--90

 []

[2] [3]
Chapter 2.
[4

]
Underfull \hbox (badness 10000) in paragraph at lines 167--186

 []

[5

] [6] [7] [8])
\openout2 = `The_Standard_Model.aux'.

 (./The_Standard_Model.tex
Chapter 3.
[9] [10]
Underfull \hbox (badness 10000) in paragraph at lines 56--75

 []

[11] [12] [13] [14] (./Yukawa.tex [15] [16]
<./Images/Glashow-Illiopoulos-Maiani_mechanism_fig1.png, id=603, 429.605pt x 18
8.705pt>
File: ./Images/Glashow-Illiopoulos-Maiani_mechanism_fig1.png Graphic file (type
 png)
<use ./Images/Glashow-Illiopoulos-Maiani_mechanism_fig1.png>
Package pdftex.def Info: ./Images/Glashow-Illiopoulos-Maiani_mechanism_fig1.png
  used on input line 110.
(pdftex.def)             Requested size: 212.29312pt x 93.25232pt.


pdfTeX warning: /usr/bin/pdflatex (file ./Images/TestYukawaCouplings.pdf): PDF 
inclusion: found PDF version <1.7>, but at most version <1.5> allowed
<./Images/TestYukawaCouplings.pdf, id=605, 842.17867pt x 219.72412pt>
File: ./Images/TestYukawaCouplings.pdf Graphic file (type pdf)
<use ./Images/TestYukawaCouplings.pdf>
Package pdftex.def Info: ./Images/TestYukawaCouplings.pdf  used on input line 1
21.
(pdftex.def)             Requested size: 382.12502pt x 99.69635pt.
[17 <./Images/Glashow-Illiopoulos-Maiani_mechanism_fig1.png>])
<./Images/Stolen.png, id=616, 1310.8975pt x 525.965pt>
File: ./Images/Stolen.png Graphic file (type png)
<use ./Images/Stolen.png>
Package pdftex.def Info: ./Images/Stolen.png  used on input line 395.
(pdftex.def)             Requested size: 318.43968pt x 127.76706pt.
 [18 <./Images/TestYukawaCouplings.pdf>]
<./Images/My_First_Diagram.png, id=626, 529.98pt x 527.9725pt>
File: ./Images/My_First_Diagram.png Graphic file (type png)
<use ./Images/My_First_Diagram.png>
Package pdftex.def Info: ./Images/My_First_Diagram.png  used on input line 430.

(pdftex.def)             Requested size: 82.79437pt x 82.47939pt.
 [19 <./Images/Stolen.png> <./Images/My_First_Diagram.png>]
<./Images/Stolen_2.png, id=636, 1567.8575pt x 545.03625pt>
File: ./Images/Stolen_2.png Graphic file (type png)
<use ./Images/Stolen_2.png>
Package pdftex.def Info: ./Images/Stolen_2.png  used on input line 449.
(pdftex.def)             Requested size: 318.43968pt x 110.69357pt.
<./Images/Stolen_3.png, id=639, 1308.89pt x 290.08376pt>
File: ./Images/Stolen_3.png Graphic file (type png)
<use ./Images/Stolen_3.png>
Package pdftex.def Info: ./Images/Stolen_3.png  used on input line 461.
(pdftex.def)             Requested size: 318.43968pt x 70.57317pt.
 [20 <./Images/Stolen_2.png> <./Images/Stolen_3.png>])
\openout2 = `BLSM.aux'.

 (./BLSM.tex [21]
Chapter 4.
[22] [23] [24] [25] [26] [27] [28] [29]
<./Images//BLSM/ST.pdf, id=820, 421.18047pt x 283.60121pt>
File: ./Images//BLSM/ST.pdf Graphic file (type pdf)
<use ./Images//BLSM/ST.pdf>
Package pdftex.def Info: ./Images//BLSM/ST.pdf  used on input line 503.
(pdftex.def)             Requested size: 189.52945pt x 127.61935pt.
<./Images//BLSM/TU.pdf, id=821, 423.13898pt x 283.60121pt>
File: ./Images//BLSM/TU.pdf Graphic file (type pdf)
<use ./Images//BLSM/TU.pdf>
Package pdftex.def Info: ./Images//BLSM/TU.pdf  used on input line 504.
(pdftex.def)             Requested size: 190.41077pt x 127.61935pt.
<./Images//BLSM/mZp_Xsec_Amu.pdf, id=823, 556.50446pt x 376.15797pt>
File: ./Images//BLSM/mZp_Xsec_Amu.pdf Graphic file (type pdf)
<use ./Images//BLSM/mZp_Xsec_Amu.pdf>
Package pdftex.def Info: ./Images//BLSM/mZp_Xsec_Amu.pdf  used on input line 53
3.
(pdftex.def)             Requested size: 205.90343pt x 139.17625pt.
<./Images//BLSM/mZp_Mhp_Amu.pdf, id=824, 542.9722pt x 354.42827pt>
File: ./Images//BLSM/mZp_Mhp_Amu.pdf Graphic file (type pdf)
<use ./Images//BLSM/mZp_Mhp_Amu.pdf>
Package pdftex.def Info: ./Images//BLSM/mZp_Mhp_Amu.pdf  used on input line 534
.
(pdftex.def)             Requested size: 200.89656pt x 131.1364pt.
 [30 <./Images//BLSM/ST.pdf> <./Images//BLSM/TU.pdf

pdfTeX warning: /usr/bin/pdflatex (file ./Images//BLSM/TU.pdf): PDF inclusion: 
multiple pdfs with page group included in a single page
>] [31 <./Images//BLSM/mZp_Xsec_Amu.pdf> <./Images//BLSM/mZp_Mhp_Amu.pdf

pdfTeX warning: /usr/bin/pdflatex (file ./Images//BLSM/mZp_Mhp_Amu.pdf): PDF in
clusion: multiple pdfs with page group included in a single page
>]
<./Images//BLSM/g-2.pdf, id=981, 318.18875pt x 175.65625pt>
File: ./Images//BLSM/g-2.pdf Graphic file (type pdf)
<use ./Images//BLSM/g-2.pdf>
Package pdftex.def Info: ./Images//BLSM/g-2.pdf  used on input line 576.
(pdftex.def)             Requested size: 238.64096pt x 131.74185pt.
<./Images//BLSM/mZp_Xsec_mh2.pdf, id=987, 520.10815pt x 376.15797pt>
File: ./Images//BLSM/mZp_Xsec_mh2.pdf Graphic file (type pdf)
<use ./Images//BLSM/mZp_Xsec_mh2.pdf>
Package pdftex.def Info: ./Images//BLSM/mZp_Xsec_mh2.pdf  used on input line 58
5.
(pdftex.def)             Requested size: 192.437pt x 139.17625pt.
<./Images//BLSM/mZp_Xsec_VEV.pdf, id=988, 558.69188pt x 376.15797pt>
File: ./Images//BLSM/mZp_Xsec_VEV.pdf Graphic file (type pdf)
<use ./Images//BLSM/mZp_Xsec_VEV.pdf>
Package pdftex.def Info: ./Images//BLSM/mZp_Xsec_VEV.pdf  used on input line 58
6.
(pdftex.def)             Requested size: 206.71275pt x 139.17625pt.
<./Images//BLSM/mZp_Xsec_alpha.pdf, id=989, 567.25714pt x 376.15797pt>
File: ./Images//BLSM/mZp_Xsec_alpha.pdf Graphic file (type pdf)
<use ./Images//BLSM/mZp_Xsec_alpha.pdf>
Package pdftex.def Info: ./Images//BLSM/mZp_Xsec_alpha.pdf  used on input line 
587.
(pdftex.def)             Requested size: 209.88185pt x 139.17625pt.
 [32 <./Images//BLSM/g-2.pdf>]
<./Images//BLSM/mZp_Xsec_gYB.pdf, id=1021, 537.52657pt x 376.15797pt>
File: ./Images//BLSM/mZp_Xsec_gYB.pdf Graphic file (type pdf)
<use ./Images//BLSM/mZp_Xsec_gYB.pdf>
Package pdftex.def Info: ./Images//BLSM/mZp_Xsec_gYB.pdf  used on input line 62
3.
(pdftex.def)             Requested size: 198.8817pt x 139.17625pt.
<./Images//BLSM/mZp_Xsec_twp.pdf, id=1022, 569.83868pt x 376.15797pt>
File: ./Images//BLSM/mZp_Xsec_twp.pdf Graphic file (type pdf)
<use ./Images//BLSM/mZp_Xsec_twp.pdf>
Package pdftex.def Info: ./Images//BLSM/mZp_Xsec_twp.pdf  used on input line 62
4.
(pdftex.def)             Requested size: 210.837pt x 139.17625pt.
<./Images//BLSM/mZp_Xsec_gBL.pdf, id=1023, 555.7917pt x 376.15797pt>
File: ./Images//BLSM/mZp_Xsec_gBL.pdf Graphic file (type pdf)
<use ./Images//BLSM/mZp_Xsec_gBL.pdf>
Package pdftex.def Info: ./Images//BLSM/mZp_Xsec_gBL.pdf  used on input line 62
5.
(pdftex.def)             Requested size: 205.63971pt x 139.17625pt.
 [33 <./Images//BLSM/mZp_Xsec_mh2.pdf> <./Images//BLSM/mZp_Xsec_VEV.pdf

pdfTeX warning: /usr/bin/pdflatex (file ./Images//BLSM/mZp_Xsec_VEV.pdf): PDF i
nclusion: multiple pdfs with page group included in a single page
> <./Images//BLSM/mZp_Xsec_alpha.pdf

pdfTeX warning: /usr/bin/pdflatex (file ./Images//BLSM/mZp_Xsec_alpha.pdf): PDF
 inclusion: multiple pdfs with page group included in a single page
>] [34 <./Images//BLSM/mZp_Xsec_gYB.pdf> <./Images//BLSM/mZp_Xsec_twp.pdf

pdfTeX warning: /usr/bin/pdflatex (file ./Images//BLSM/mZp_Xsec_twp.pdf): PDF i
nclusion: multiple pdfs with page group included in a single page
> <./Images//BLSM/mZp_Xsec_gBL.pdf

pdfTeX warning: /usr/bin/pdflatex (file ./Images//BLSM/mZp_Xsec_gBL.pdf): PDF i
nclusion: multiple pdfs with page group included in a single page
>]
<./Images//BLSM/mZp_Xsec_gLmumuZ.pdf, id=1290, 561.94359pt x 376.15797pt>
File: ./Images//BLSM/mZp_Xsec_gLmumuZ.pdf Graphic file (type pdf)
<use ./Images//BLSM/mZp_Xsec_gLmumuZ.pdf>
Package pdftex.def Info: ./Images//BLSM/mZp_Xsec_gLmumuZ.pdf  used on input lin
e 645.
(pdftex.def)             Requested size: 207.91586pt x 139.17625pt.
<./Images//BLSM/mZp_Xsec_gRmumuZ.pdf, id=1291, 561.94359pt x 376.15797pt>
File: ./Images//BLSM/mZp_Xsec_gRmumuZ.pdf Graphic file (type pdf)
<use ./Images//BLSM/mZp_Xsec_gRmumuZ.pdf>
Package pdftex.def Info: ./Images//BLSM/mZp_Xsec_gRmumuZ.pdf  used on input lin
e 646.
(pdftex.def)             Requested size: 207.91586pt x 139.17625pt.
<./Images//BLSM/mZp_Xsec_gWWZp.pdf, id=1292, 542.53276pt x 376.15797pt>
File: ./Images//BLSM/mZp_Xsec_gWWZp.pdf Graphic file (type pdf)
<use ./Images//BLSM/mZp_Xsec_gWWZp.pdf>
Package pdftex.def Info: ./Images//BLSM/mZp_Xsec_gWWZp.pdf  used on input line 
647.
(pdftex.def)             Requested size: 200.73398pt x 139.17625pt.
<./Images//BLSM/Barr-Zee.pdf, id=1301, 417.56pt x 436.63126pt>
File: ./Images//BLSM/Barr-Zee.pdf Graphic file (type pdf)
<use ./Images//BLSM/Barr-Zee.pdf>
Package pdftex.def Info: ./Images//BLSM/Barr-Zee.pdf  used on input line 666.
(pdftex.def)             Requested size: 250.53792pt x 261.98077pt.
 [35 <./Images//BLSM/mZp_Xsec_gLmumuZ.pdf> <./Images//BLSM/mZp_Xsec_gRmumuZ.pdf


pdfTeX warning: /usr/bin/pdflatex (file ./Images//BLSM/mZp_Xsec_gRmumuZ.pdf): P
DF inclusion: multiple pdfs with page group included in a single page
> <./Images//BLSM/mZp_Xsec_gWWZp.pdf

pdfTeX warning: /usr/bin/pdflatex (file ./Images//BLSM/mZp_Xsec_gWWZp.pdf): PDF
 inclusion: multiple pdfs with page group included in a single page
>] [36 <./Images//BLSM/Barr-Zee.pdf>])
\openout2 = `3HDM.aux'.

 (./3HDM.tex [37]
Chapter 5.

Package hyperref Warning: Token not allowed in a PDF string (PDFDocEncoding):
(hyperref)                removing `\@ifnextchar' on input line 6.

[38]

Package hyperref Warning: Token not allowed in a PDF string (PDFDocEncoding):
(hyperref)                removing `math shift' on input line 96.


Package hyperref Warning: Token not allowed in a PDF string (PDFDocEncoding):
(hyperref)                removing `\times' on input line 96.


Package hyperref Warning: Token not allowed in a PDF string (PDFDocEncoding):
(hyperref)                removing `math shift' on input line 96.

[39]

Package hyperref Warning: Token not allowed in a PDF string (PDFDocEncoding):
(hyperref)                removing `\@ifnextchar' on input line 154.

[40] [41] [42] [43] [44] [45] [46]
Overfull \hbox (7.3466pt too wide) in paragraph at lines 750--750
|[]\OT1/cmr/bx/n/14.4 The BGL-like sup-pres-sion of FC-NCs in the 3HDM model| 
 []

[47] [48] [49]
<./Images//3HDM/H1_H2.pdf, id=1638, 529.31865pt x 392.19446pt>
File: ./Images//3HDM/H1_H2.pdf Graphic file (type pdf)
<use ./Images//3HDM/H1_H2.pdf>
Package pdftex.def Info: ./Images//3HDM/H1_H2.pdf  used on input line 973.
(pdftex.def)             Requested size: 208.04959pt x 154.1521pt.
<./Images//3HDM/H1_A1.pdf, id=1639, 540.20747pt x 396.7158pt>
File: ./Images//3HDM/H1_A1.pdf Graphic file (type pdf)
<use ./Images//3HDM/H1_A1.pdf>
Package pdftex.def Info: ./Images//3HDM/H1_A1.pdf  used on input line 974.
(pdftex.def)             Requested size: 208.04959pt x 152.7875pt.
 [50]
<./Images//3HDM/A1_A2.pdf, id=1646, 518.84998pt x 393.30345pt>
File: ./Images//3HDM/A1_A2.pdf Graphic file (type pdf)
<use ./Images//3HDM/A1_A2.pdf>
Package pdftex.def Info: ./Images//3HDM/A1_A2.pdf  used on input line 981.
(pdftex.def)             Requested size: 208.04959pt x 157.70866pt.
<./Images//3HDM/Hc1_Hc2.pdf, id=1647, 532.63126pt x 394.68686pt>
File: ./Images//3HDM/Hc1_Hc2.pdf Graphic file (type pdf)
<use ./Images//3HDM/Hc1_Hc2.pdf>
Package pdftex.def Info: ./Images//3HDM/Hc1_Hc2.pdf  used on input line 982.
(pdftex.def)             Requested size: 208.04959pt x 154.16814pt.
 [51 <./Images//3HDM/H1_H2.pdf> <./Images//3HDM/H1_A1.pdf

pdfTeX warning: /usr/bin/pdflatex (file ./Images//3HDM/H1_A1.pdf): PDF inclusio
n: multiple pdfs with page group included in a single page
> <./Images//3HDM/A1_A2.pdf

pdfTeX warning: /usr/bin/pdflatex (file ./Images//3HDM/A1_A2.pdf): PDF inclusio
n: multiple pdfs with page group included in a single page
> <./Images//3HDM/Hc1_Hc2.pdf

pdfTeX warning: /usr/bin/pdflatex (file ./Images//3HDM/Hc1_Hc2.pdf): PDF inclus
ion: multiple pdfs with page group included in a single page
>]
<./Images//3HDM/Xsgamma_Hc1_A1.pdf, id=1794, 544.71173pt x 401.046pt>
File: ./Images//3HDM/Xsgamma_Hc1_A1.pdf Graphic file (type pdf)
<use ./Images//3HDM/Xsgamma_Hc1_A1.pdf>
Package pdftex.def Info: ./Images//3HDM/Xsgamma_Hc1_A1.pdf  used on input line 
1012.
(pdftex.def)             Requested size: 318.43968pt x 234.46103pt.
<./Images//3HDM/XsGamma_H1.pdf, id=1795, 549.75487pt x 397.6838pt>
File: ./Images//3HDM/XsGamma_H1.pdf Graphic file (type pdf)
<use ./Images//3HDM/XsGamma_H1.pdf>
Package pdftex.def Info: ./Images//3HDM/XsGamma_H1.pdf  used on input line 1026
.
(pdftex.def)             Requested size: 208.04959pt x 150.49638pt.
<./Images//3HDM/Eps_K_H1.pdf, id=1796, 532.07726pt x 390.73936pt>
File: ./Images//3HDM/Eps_K_H1.pdf Graphic file (type pdf)
<use ./Images//3HDM/Eps_K_H1.pdf>
Package pdftex.def Info: ./Images//3HDM/Eps_K_H1.pdf  used on input line 1027.
(pdftex.def)             Requested size: 208.04959pt x 152.7872pt.
 [52 <./Images//3HDM/Xsgamma_Hc1_A1.pdf>]
<./Images//3HDM/Eps_K_Hc1_Thighter_Centered.pdf, id=1842, 568.31976pt x 401.046
pt>
File: ./Images//3HDM/Eps_K_Hc1_Thighter_Centered.pdf Graphic file (type pdf)
<use ./Images//3HDM/Eps_K_Hc1_Thighter_Centered.pdf>
Package pdftex.def Info: ./Images//3HDM/Eps_K_Hc1_Thighter_Centered.pdf  used o
n input line 1035.
(pdftex.def)             Requested size: 318.43968pt x 224.71272pt.
)
\openout2 = `Conclusions.aux'.

 (./Conclusions.tex [53 <./Images//3HDM/XsGamma_H1.pdf> <./Images//3HDM/Eps_K_H
1.pdf

pdfTeX warning: /usr/bin/pdflatex (file ./Images//3HDM/Eps_K_H1.pdf): PDF inclu
sion: multiple pdfs with page group included in a single page
> <./Images//3HDM/Eps_K_Hc1_Thighter_Centered.pdf

pdfTeX warning: /usr/bin/pdflatex (file ./Images//3HDM/Eps_K_Hc1_Thighter_Cente
red.pdf): PDF inclusion: multiple pdfs with page group included in a single pag
e
>]
Chapter 6.
)
\openout2 = `Appendix.aux'.

 (./Appendix.tex [54])
Appendix A.

Package hyperref Warning: Token not allowed in a PDF string (PDFDocEncoding):
(hyperref)                removing `math shift' on input line 220.


Package hyperref Warning: Token not allowed in a PDF string (PDFDocEncoding):
(hyperref)                removing `math shift' on input line 220.

[55] [56] (./Thesis_2020.bbl [57]
Underfull \hbox (badness 1902) in paragraph at lines 136--138
[]\OT1/cmr/m/n/10 T. Yanagida, ``Hor-i-zon-tal gauge sym-me-try and masses of n
eu-tri-nos,'' \OT1/cmr/m/it/10 Conf. Proc.\OT1/cmr/m/n/10 ,
 []

[58] [59] [60])
Package atveryend Info: Empty hook `BeforeClearDocument' on input line 285.
Package atveryend Info: Empty hook `AfterLastShipout' on input line 285.
 (./Thesis_2020.aux (./Introduction.aux)
(./The_Standard_Model.aux) (./BLSM.aux) (./3HDM.aux) (./Conclusions.aux)
(./Appendix.aux))
Package atveryend Info: Executing hook `AtVeryEndDocument' on input line 285.
Package atveryend Info: Executing hook `AtEndAfterFileList' on input line 285.
Package rerunfilecheck Info: File `Thesis_2020.out' has not changed.
(rerunfilecheck)             Checksum: BFF2DF190FC3B6B7ED8CD22729AB0D9F;2944.


LaTeX Warning: There were multiply-defined labels.

Package atveryend Info: Empty hook `AtVeryVeryEnd' on input line 285.
 ) 
Here is how much of TeX's memory you used:
 17660 strings out of 492982
 300216 string characters out of 6134895
 417721 words of memory out of 5000000
 20541 multiletter control sequences out of 15000+600000
 550198 words of font info for 97 fonts, out of 8000000 for 9000
 1141 hyphenation exceptions out of 8191
 32i,20n,37p,10362b,460s stack positions out of 5000i,500n,10000p,200000b,80000s
pdfTeX warning (dest): name{cite.Peskin1992} has been referenced but does not
 exist, replaced by a fixed one

pdfTeX warning (dest): name{cite.Moretti_2015} has been referenced but does not
 exist, replaced by a fixed one

pdfTeX warning (dest): name{cite.straub2018flavio} has been referenced but does
 not exist, replaced by a fixed one

pdfTeX warning (dest): name{cite.Ian_Thesis} has been referenced but does not e
xist, replaced by a fixed one

pdfTeX warning (dest): name{cite.Ginzburg_2005} has been referenced but does no
t exist, replaced by a fixed one

pdfTeX warning (dest): name{cite.Ivanov_2015} has been referenced but does not 
exist, replaced by a fixed one

pdfTeX warning (dest): name{cite.Ivanov_2012} has been referenced but does not 
exist, replaced by a fixed one

pdfTeX warning (dest): name{cite.Ivanov2007} has been referenced but does not e
xist, replaced by a fixed one

pdfTeX warning (dest): name{cite.Ivanov_2008} has been referenced but does not 
exist, replaced by a fixed one

</usr/share/texlive/texmf-dist/fonts/type1/public/amsfonts/cm/cmbx10.pfb></usr/
share/texlive/texmf-dist/fonts/type1/public/amsfonts/cm/cmbx12.pfb></usr/share/
texlive/texmf-dist/fonts/type1/public/amsfonts/cm/cmbx7.pfb></usr/share/texlive
/texmf-dist/fonts/type1/public/amsfonts/cm/cmex10.pfb></usr/share/texlive/texmf
-dist/fonts/type1/public/amsfonts/cm/cmmi10.pfb></usr/share/texlive/texmf-dist/
fonts/type1/public/amsfonts/cm/cmmi12.pfb></usr/share/texlive/texmf-dist/fonts/
type1/public/amsfonts/cm/cmmi5.pfb></usr/share/texlive/texmf-dist/fonts/type1/p
ublic/amsfonts/cm/cmmi7.pfb></usr/share/texlive/texmf-dist/fonts/type1/public/a
msfonts/cm/cmmi8.pfb></usr/share/texlive/texmf-dist/fonts/type1/public/amsfonts
/cm/cmr10.pfb></usr/share/texlive/texmf-dist/fonts/type1/public/amsfonts/cm/cmr
12.pfb></usr/share/texlive/texmf-dist/fonts/type1/public/amsfonts/cm/cmr17.pfb>
</usr/share/texlive/texmf-dist/fonts/type1/public/amsfonts/cm/cmr5.pfb></usr/sh
are/texlive/texmf-dist/fonts/type1/public/amsfonts/cm/cmr6.pfb></usr/share/texl
ive/texmf-dist/fonts/type1/public/amsfonts/cm/cmr7.pfb></usr/share/texlive/texm
f-dist/fonts/type1/public/amsfonts/cm/cmr8.pfb></usr/share/texlive/texmf-dist/f
onts/type1/public/amsfonts/cm/cmss10.pfb></usr/share/texlive/texmf-dist/fonts/t
ype1/public/amsfonts/cm/cmss9.pfb></usr/share/texlive/texmf-dist/fonts/type1/pu
blic/amsfonts/cm/cmssbx10.pfb></usr/share/texlive/texmf-dist/fonts/type1/public
/amsfonts/cm/cmsy10.pfb></usr/share/texlive/texmf-dist/fonts/type1/public/amsfo
nts/cm/cmsy5.pfb></usr/share/texlive/texmf-dist/fonts/type1/public/amsfonts/cm/
cmsy7.pfb></usr/share/texlive/texmf-dist/fonts/type1/public/amsfonts/cm/cmti10.
pfb></usr/share/texlive/texmf-dist/fonts/type1/public/amsfonts/cm/cmtt10.pfb></
usr/share/texlive/texmf-dist/fonts/type1/public/amsfonts/symbols/msam10.pfb></u
sr/share/texlive/texmf-dist/fonts/type1/public/amsfonts/symbols/msbm10.pfb></us
r/share/texlive/texmf-dist/fonts/type1/urw/zapfding/uzdr.pfb>
Output written on Thesis_2020.pdf (75 pages, 6576330 bytes).
PDF statistics:
 2190 PDF objects out of 2487 (max. 8388607)
 1798 compressed objects within 18 object streams
 393 named destinations out of 1000 (max. 500000)
 463 words of extra memory for PDF output out of 10000 (max. 10000000)

