\BOOKMARK [0][-]{section.0.1}{Contents}{}% 1
\BOOKMARK [0][-]{section.0.2}{List of Figures}{}% 2
\BOOKMARK [0][-]{section.0.3}{List of Tables}{}% 3
\BOOKMARK [0][-]{chapter.1}{Introduction}{}% 4
\BOOKMARK [0][-]{chapter.2}{The Standard Model of Particle Physics}{}% 5
\BOOKMARK [1][-]{section.2.1}{Internal symmetry of the Standard Model}{chapter.2}% 6
\BOOKMARK [2][-]{subsection.2.1.1}{Fields, Particles and Lagrangian of the SM}{section.2.1}% 7
\BOOKMARK [1][-]{section.2.2}{The Higgs mechanism and the mass generation of the Gauge bosons}{chapter.2}% 8
\BOOKMARK [0][-]{chapter.3}{The Standard Model of Particle Physics}{}% 9
\BOOKMARK [1][-]{section.3.1}{Internal symmetry of the Standard Model}{chapter.3}% 10
\BOOKMARK [2][-]{subsection.3.1.1}{Fields, Particles and Lagrangian of the SM}{section.3.1}% 11
\BOOKMARK [1][-]{section.3.2}{The Higgs mechanism and the mass generation of the Gauge bosons}{chapter.3}% 12
\BOOKMARK [1][-]{section.3.3}{Fermion Masses in the SM and Quark mixing}{chapter.3}% 13
\BOOKMARK [2][-]{subsection.3.3.1}{Charged Flavour Currents vs. Neutral Flavour Currents}{section.3.3}% 14
\BOOKMARK [0][-]{chapter.4}{B-L-SM Model}{}% 15
\BOOKMARK [1][-]{section.4.1}{Formulating the model}{chapter.4}% 16
\BOOKMARK [1][-]{section.4.2}{Numerical Results}{chapter.4}% 17
\BOOKMARK [2][-]{subsection.4.2.1}{The scanning apparatus}{section.4.2}% 18
\BOOKMARK [2][-]{subsection.4.2.2}{Numerical discussion}{section.4.2}% 19
\BOOKMARK [1][-]{section.4.3}{The B-L-SM Conclusions}{chapter.4}% 20
\BOOKMARK [0][-]{chapter.5}{ForestGreen3HDM Model}{}% 21
\BOOKMARK [1][-]{section.5.1}{Introduction}{chapter.5}% 22
\BOOKMARK [2][-]{subsection.5.1.1}{Context, the case of the BGL-2HDM}{section.5.1}% 23
\BOOKMARK [1][-]{section.5.2}{The formulation of a BGL-like 3HDM}{chapter.5}% 24
\BOOKMARK [2][-]{subsection.5.2.1}{Fields and the Additional U\(1\)Z_2 Symmetry}{section.5.2}% 25
\BOOKMARK [2][-]{subsection.5.2.2}{Introducing ForestGreenthe Scalar Sector}{section.5.2}% 26
\BOOKMARK [2][-]{subsection.5.2.3}{The CP-odd portion of the scalar sector}{section.5.2}% 27
\BOOKMARK [2][-]{subsection.5.2.4}{The CP-even portion of the scalar sector}{section.5.2}% 28
\BOOKMARK [1][-]{section.5.3}{Introducing the Yukawa sector}{chapter.5}% 29
\BOOKMARK [1][-]{section.5.4}{The BGL-like suppression of FCNCs in the 3HDM model}{chapter.5}% 30
\BOOKMARK [1][-]{section.5.5}{Numerical Results}{chapter.5}% 31
\BOOKMARK [2][-]{subsection.5.5.1}{Additional Methodology}{section.5.5}% 32
\BOOKMARK [2][-]{subsection.5.5.2}{Constraints}{section.5.5}% 33
\BOOKMARK [2][-]{subsection.5.5.3}{Discussion of results}{section.5.5}% 34
\BOOKMARK [2][-]{subsection.5.5.4}{Flavour results}{section.5.5}% 35
\BOOKMARK [2][-]{subsection.5.5.5}{Flavour and Scalar cuts }{section.5.5}% 36
\BOOKMARK [0][-]{chapter.6}{Future Work}{}% 37
\BOOKMARK [0][-]{appendix.A}{The loop integral T_7\(x,y,x\)}{}% 38
\BOOKMARK [0][-]{section.A.1}{Bibliography}{}% 39
