\BOOKMARK [0][-]{section.0.1}{Contents}{}% 1
\BOOKMARK [0][-]{section.0.2}{List of Figures}{}% 2
\BOOKMARK [0][-]{section.0.3}{List of Tables}{}% 3
\BOOKMARK [1][-]{section.0.4}{Labels}{section.0.3}% 4
\BOOKMARK [0][-]{chapter.1}{Introduction}{}% 5
\BOOKMARK [0][-]{chapter.2}{The Standard Model of Particle Physics}{}% 6
\BOOKMARK [1][-]{section.2.1}{Motivation}{chapter.2}% 7
\BOOKMARK [1][-]{section.2.2}{Internal symmetry of the Standard Model}{chapter.2}% 8
\BOOKMARK [2][-]{subsection.2.2.1}{Fields, Particles and Lagrangian of the SM}{section.2.2}% 9
\BOOKMARK [1][-]{section.2.3}{The Higgs mechanism and the mass generation of the Gauge bosons}{chapter.2}% 10
\BOOKMARK [1][-]{section.2.4}{Fermion Masses in the SM and Quark mixing}{chapter.2}% 11
\BOOKMARK [2][-]{subsection.2.4.1}{Charged Flavour Currents vs. Neutral Flavour Currents}{section.2.4}% 12
\BOOKMARK [1][-]{section.2.5}{Quantum chromodynamics}{chapter.2}% 13
\BOOKMARK [0][-]{chapter.3}{B-L-SM Model}{}% 14
\BOOKMARK [1][-]{section.3.1}{Formulating the model}{chapter.3}% 15
\BOOKMARK [1][-]{section.3.2}{Numerical Results}{chapter.3}% 16
\BOOKMARK [1][-]{section.3.3}{The B-L-SM Conclusions}{chapter.3}% 17
\BOOKMARK [0][-]{chapter.4}{Proper 3HDM}{}% 18
\BOOKMARK [1][-]{section.4.1}{Context}{chapter.4}% 19
\BOOKMARK [1][-]{section.4.2}{3HDM formulation}{chapter.4}% 20
\BOOKMARK [2][-]{subsection.4.2.1}{Scalar}{section.4.2}% 21
\BOOKMARK [2][-]{subsection.4.2.2}{Gauge}{section.4.2}% 22
\BOOKMARK [2][-]{subsection.4.2.3}{Yukawa}{section.4.2}% 23
\BOOKMARK [1][-]{section.4.3}{Flavour}{chapter.4}% 24
\BOOKMARK [1][-]{section.4.4}{Numerical Results}{chapter.4}% 25
\BOOKMARK [2][-]{subsection.4.4.1}{Scalar Sector}{section.4.4}% 26
\BOOKMARK [2][-]{subsection.4.4.2}{Flavour}{section.4.4}% 27
\BOOKMARK [2][-]{subsection.4.4.3}{Fine Tuning}{section.4.4}% 28
\BOOKMARK [0][-]{chapter.5}{3HDM}{}% 29
\BOOKMARK [1][-]{section.5.1}{ The \040parameter }{chapter.5}% 30
\BOOKMARK [1][-]{section.5.2}{Pre-3HDM}{chapter.5}% 31
\BOOKMARK [1][-]{section.5.3}{BGL? Should I meantion it}{chapter.5}% 32
\BOOKMARK [2][-]{subsection.5.3.1}{Lagrangian Yukawa}{section.5.3}% 33
\BOOKMARK [1][-]{section.5.4}{General Notes}{chapter.5}% 34
\BOOKMARK [2][-]{subsection.5.4.1}{Basic}{section.5.4}% 35
\BOOKMARK [1][-]{section.5.5}{Formulation of the 3HDM-BGL like model}{chapter.5}% 36
\BOOKMARK [2][-]{subsection.5.5.1}{The scalar potential}{section.5.5}% 37
\BOOKMARK [2][-]{subsection.5.5.2}{The Yukawa sector}{section.5.5}% 38
\BOOKMARK [2][-]{subsection.5.5.3}{The inverse procedure and the Quark masses}{section.5.5}% 39
\BOOKMARK [1][-]{section.5.6}{Constraints on the Model}{chapter.5}% 40
\BOOKMARK [1][-]{section.5.7}{Numerical Results}{chapter.5}% 41
\BOOKMARK [2][-]{subsection.5.7.1}{Flavour results}{section.5.7}% 42
\BOOKMARK [2][-]{subsection.5.7.2}{Conclusions}{section.5.7}% 43
\BOOKMARK [1][-]{section.5.8}{Old}{chapter.5}% 44
\BOOKMARK [0][-]{chapter.6}{Future Work}{}% 45
\BOOKMARK [0][-]{chapter.7}{Appendix}{}% 46
\BOOKMARK [1][-]{subsection.7.0.1}{Gamma Matrices}{chapter.7}% 47
\BOOKMARK [2][-]{subsection.7.0.2}{Lagrangian Dynamics}{subsection.7.0.1}% 48
\BOOKMARK [1][-]{section.7.1}{The loop integral T_7\(x,y,x\)}{chapter.7}% 49
\BOOKMARK [0][-]{section.7.2}{Bibliography}{}% 50
