This is pdfTeX, Version 3.14159265-2.6-1.40.21 (TeX Live 2020) (preloaded format=pdflatex 2020.12.17)  17 DEC 2020 17:50
entering extended mode
 restricted \write18 enabled.
 %&-line parsing enabled.
**Thesis_2020.tex --shell-escape
(./Thesis_2020.tex
LaTeX2e <2020-10-01> patch level 2
L3 programming layer <2020-12-07> xparse <2020-03-03>
(/usr/local/texlive/2020/texmf-dist/tex/latex/base/report.cls
Document Class: report 2020/04/10 v1.4m Standard LaTeX document class
(/usr/local/texlive/2020/texmf-dist/tex/latex/base/size10.clo
File: size10.clo 2020/04/10 v1.4m Standard LaTeX file (size option)
)
\c@part=\count177
\c@chapter=\count178
\c@section=\count179
\c@subsection=\count180
\c@subsubsection=\count181
\c@paragraph=\count182
\c@subparagraph=\count183
\c@figure=\count184
\c@table=\count185
\abovecaptionskip=\skip47
\belowcaptionskip=\skip48
\bibindent=\dimen138
)
(/usr/local/texlive/2020/texmf-dist/tex/latex/appendix/appendix.sty
Package: appendix 2020/02/08 v1.2c extra appendix facilities
\c@@pps=\count186
\c@@ppsavesec=\count187
\c@@ppsaveapp=\count188
)
   defining Unicode char U+2212 (decimal 8722)

(/usr/local/texlive/2020/texmf-dist/tex/latex/scalerel/scalerel.sty
Package: scalerel 2016/12/29 v1.8 Routines for constrained scaling and stretchi
ng of objects, relative to a reference object or in absolute terms

(/usr/local/texlive/2020/texmf-dist/tex/latex/tools/calc.sty
Package: calc 2017/05/25 v4.3 Infix arithmetic (KKT,FJ)
\calc@Acount=\count189
\calc@Bcount=\count190
\calc@Adimen=\dimen139
\calc@Bdimen=\dimen140
\calc@Askip=\skip49
\calc@Bskip=\skip50
LaTeX Info: Redefining \setlength on input line 80.
LaTeX Info: Redefining \addtolength on input line 81.
\calc@Ccount=\count191
\calc@Cskip=\skip51
)
(/usr/local/texlive/2020/texmf-dist/tex/latex/graphics/graphicx.sty
Package: graphicx 2020/09/09 v1.2b Enhanced LaTeX Graphics (DPC,SPQR)

(/usr/local/texlive/2020/texmf-dist/tex/latex/graphics/keyval.sty
Package: keyval 2014/10/28 v1.15 key=value parser (DPC)
\KV@toks@=\toks15
)
(/usr/local/texlive/2020/texmf-dist/tex/latex/graphics/graphics.sty
Package: graphics 2020/08/30 v1.4c Standard LaTeX Graphics (DPC,SPQR)

(/usr/local/texlive/2020/texmf-dist/tex/latex/graphics/trig.sty
Package: trig 2016/01/03 v1.10 sin cos tan (DPC)
)
(/usr/local/texlive/2020/texmf-dist/tex/latex/graphics-cfg/graphics.cfg
File: graphics.cfg 2016/06/04 v1.11 sample graphics configuration
)
Package graphics Info: Driver file: pdftex.def on input line 105.

(/usr/local/texlive/2020/texmf-dist/tex/latex/graphics-def/pdftex.def
File: pdftex.def 2020/10/05 v1.2a Graphics/color driver for pdftex
))
\Gin@req@height=\dimen141
\Gin@req@width=\dimen142
)
(/usr/local/texlive/2020/texmf-dist/tex/latex/etoolbox/etoolbox.sty
Package: etoolbox 2020/10/05 v2.5k e-TeX tools for LaTeX (JAW)
\etb@tempcnta=\count192
)
\thesrwidth=\skip52
\thesrheight=\skip53
\srblobheight=\skip54
\srblobdepth=\skip55
\mnxsrwidth=\skip56
\LMex=\skip57
\LMpt=\skip58
)

LaTeX Warning: File `vovalblob.mp' already exists on the system.
               Not generating it from this source.

(/usr/local/texlive/2020/texmf-dist/tex/latex/geometry/geometry.sty
Package: geometry 2020/01/02 v5.9 Page Geometry

(/usr/local/texlive/2020/texmf-dist/tex/generic/iftex/ifvtex.sty
Package: ifvtex 2019/10/25 v1.7 ifvtex legacy package. Use iftex instead.

(/usr/local/texlive/2020/texmf-dist/tex/generic/iftex/iftex.sty
Package: iftex 2020/03/06 v1.0d TeX engine tests
))
\Gm@cnth=\count193
\Gm@cntv=\count194
\c@Gm@tempcnt=\count195
\Gm@bindingoffset=\dimen143
\Gm@wd@mp=\dimen144
\Gm@odd@mp=\dimen145
\Gm@even@mp=\dimen146
\Gm@layoutwidth=\dimen147
\Gm@layoutheight=\dimen148
\Gm@layouthoffset=\dimen149
\Gm@layoutvoffset=\dimen150
\Gm@dimlist=\toks16
)
(/usr/local/texlive/2020/texmf-dist/tex/latex/feynmp-auto/feynmp-auto.sty
Package: feynmp-auto 2013/05/03 v1.1 Automatic processing of feynmp graphics

(/usr/local/texlive/2020/texmf-dist/tex/latex/feynmf/feynmp.sty
Package: feynmp 1996/12/02 v1.08 LaTeX/MetaPost Feynman Diagram Package (ohl)
\@outfmf=\write3
\fmfbuf@=\toks17
\c@fmfgraph=\count196
)
(/usr/local/texlive/2020/texmf-dist/tex/generic/iftex/ifpdf.sty
Package: ifpdf 2019/10/25 v3.4 ifpdf legacy package. Use iftex instead.
)
(/usr/local/texlive/2020/texmf-dist/tex/generic/iftex/ifxetex.sty
Package: ifxetex 2019/10/25 v0.7 ifxetex legacy package. Use iftex instead.
)
(/usr/local/texlive/2020/texmf-dist/tex/generic/pdftexcmds/pdftexcmds.sty
Package: pdftexcmds 2020-06-27 v0.33 Utility functions of pdfTeX for LuaTeX (HO
)

(/usr/local/texlive/2020/texmf-dist/tex/generic/infwarerr/infwarerr.sty
Package: infwarerr 2019/12/03 v1.5 Providing info/warning/error messages (HO)
)
(/usr/local/texlive/2020/texmf-dist/tex/generic/ltxcmds/ltxcmds.sty
Package: ltxcmds 2020-05-10 v1.25 LaTeX kernel commands for general use (HO)
)
Package pdftexcmds Info: \pdf@primitive is available.
Package pdftexcmds Info: \pdf@ifprimitive is available.
Package pdftexcmds Info: \pdfdraftmode found.
))
(/usr/local/texlive/2020/texmf-dist/tex/latex/comment/comment.sty
\CommentStream=\write4

Excluding comment 'comment')
(/usr/local/texlive/2020/texmf-dist/tex/latex/float/float.sty
Package: float 2001/11/08 v1.3d Float enhancements (AL)
\c@float@type=\count197
\float@exts=\toks18
\float@box=\box47
\@float@everytoks=\toks19
\@floatcapt=\box48
)
(/usr/local/texlive/2020/texmf-dist/tex/latex/booktabs/booktabs.sty
Package: booktabs 2020/01/12 v1.61803398 Publication quality tables
\heavyrulewidth=\dimen151
\lightrulewidth=\dimen152
\cmidrulewidth=\dimen153
\belowrulesep=\dimen154
\belowbottomsep=\dimen155
\aboverulesep=\dimen156
\abovetopsep=\dimen157
\cmidrulesep=\dimen158
\cmidrulekern=\dimen159
\defaultaddspace=\dimen160
\@cmidla=\count198
\@cmidlb=\count199
\@aboverulesep=\dimen161
\@belowrulesep=\dimen162
\@thisruleclass=\count266
\@lastruleclass=\count267
\@thisrulewidth=\dimen163
)
(/usr/local/texlive/2020/texmf-dist/tex/latex/carlisle/slashed.sty
Package: slashed 1997/01/16 v0.01 Feynman Slashed Character Notation (DPC)
)
(/usr/local/texlive/2020/texmf-dist/tex/latex/psnfss/pifont.sty
Package: pifont 2020/03/25 PSNFSS-v9.3 Pi font support (SPQR) 
LaTeX Font Info:    Trying to load font information for U+pzd on input line 63.


(/usr/local/texlive/2020/texmf-dist/tex/latex/psnfss/upzd.fd
File: upzd.fd 2001/06/04 font definitions for U/pzd.
)
LaTeX Font Info:    Trying to load font information for U+psy on input line 64.


(/usr/local/texlive/2020/texmf-dist/tex/latex/psnfss/upsy.fd
File: upsy.fd 2001/06/04 font definitions for U/psy.
))
(/usr/local/texlive/2020/texmf-dist/tex/generic/babel/babel.sty
Package: babel 2020/12/16 3.52 The Babel package

(/usr/local/texlive/2020/texmf-dist/tex/generic/babel/babel.def
File: babel.def 2020/12/16 3.52 Babel common definitions
\babel@savecnt=\count268
\U@D=\dimen164
\l@babelnohyphens=\language86

(/usr/local/texlive/2020/texmf-dist/tex/generic/babel/txtbabel.def)
\bbl@readstream=\read2
)
\bbl@dirlevel=\count269

(/usr/local/texlive/2020/texmf-dist/tex/generic/babel-english/english.ldf
Language: english 2017/06/06 v3.3r English support from the babel system
Package babel Info: \l@canadian = using hyphenrules for english
(babel)             (\language0) on input line 102.
Package babel Info: \l@australian = using hyphenrules for ukenglish
(babel)             (\language21) on input line 105.
Package babel Info: \l@newzealand = using hyphenrules for ukenglish
(babel)             (\language21) on input line 108.
))
(/usr/local/texlive/2020/texmf-dist/tex/latex/hyperref/hyperref.sty
Package: hyperref 2020-05-15 v7.00e Hypertext links for LaTeX

(/usr/local/texlive/2020/texmf-dist/tex/generic/kvsetkeys/kvsetkeys.sty
Package: kvsetkeys 2019/12/15 v1.18 Key value parser (HO)
)
(/usr/local/texlive/2020/texmf-dist/tex/generic/kvdefinekeys/kvdefinekeys.sty
Package: kvdefinekeys 2019-12-19 v1.6 Define keys (HO)
)
(/usr/local/texlive/2020/texmf-dist/tex/generic/pdfescape/pdfescape.sty
Package: pdfescape 2019/12/09 v1.15 Implements pdfTeX's escape features (HO)
)
(/usr/local/texlive/2020/texmf-dist/tex/latex/hycolor/hycolor.sty
Package: hycolor 2020-01-27 v1.10 Color options for hyperref/bookmark (HO)
)
(/usr/local/texlive/2020/texmf-dist/tex/latex/letltxmacro/letltxmacro.sty
Package: letltxmacro 2019/12/03 v1.6 Let assignment for LaTeX macros (HO)
)
(/usr/local/texlive/2020/texmf-dist/tex/latex/auxhook/auxhook.sty
Package: auxhook 2019-12-17 v1.6 Hooks for auxiliary files (HO)
)
(/usr/local/texlive/2020/texmf-dist/tex/latex/kvoptions/kvoptions.sty
Package: kvoptions 2020-10-07 v3.14 Key value format for package options (HO)
)
\@linkdim=\dimen165
\Hy@linkcounter=\count270
\Hy@pagecounter=\count271

(/usr/local/texlive/2020/texmf-dist/tex/latex/hyperref/pd1enc.def
File: pd1enc.def 2020-05-15 v7.00e Hyperref: PDFDocEncoding definition (HO)
Now handling font encoding PD1 ...
... no UTF-8 mapping file for font encoding PD1
)
(/usr/local/texlive/2020/texmf-dist/tex/generic/intcalc/intcalc.sty
Package: intcalc 2019/12/15 v1.3 Expandable calculations with integers (HO)
)
(/usr/local/texlive/2020/texmf-dist/tex/generic/etexcmds/etexcmds.sty
Package: etexcmds 2019/12/15 v1.7 Avoid name clashes with e-TeX commands (HO)
)
\Hy@SavedSpaceFactor=\count272
Package hyperref Info: Hyper figures OFF on input line 4464.
Package hyperref Info: Link nesting OFF on input line 4469.
Package hyperref Info: Hyper index ON on input line 4472.
Package hyperref Info: Plain pages OFF on input line 4479.
Package hyperref Info: Backreferencing OFF on input line 4484.
Package hyperref Info: Implicit mode ON; LaTeX internals redefined.
Package hyperref Info: Bookmarks ON on input line 4717.
\c@Hy@tempcnt=\count273

(/usr/local/texlive/2020/texmf-dist/tex/latex/url/url.sty
\Urlmuskip=\muskip16
Package: url 2013/09/16  ver 3.4  Verb mode for urls, etc.
)
LaTeX Info: Redefining \url on input line 5076.
\XeTeXLinkMargin=\dimen166

(/usr/local/texlive/2020/texmf-dist/tex/generic/bitset/bitset.sty
Package: bitset 2019/12/09 v1.3 Handle bit-vector datatype (HO)

(/usr/local/texlive/2020/texmf-dist/tex/generic/bigintcalc/bigintcalc.sty
Package: bigintcalc 2019/12/15 v1.5 Expandable calculations on big integers (HO
)
))
\Fld@menulength=\count274
\Field@Width=\dimen167
\Fld@charsize=\dimen168
Package hyperref Info: Hyper figures OFF on input line 6347.
Package hyperref Info: Link nesting OFF on input line 6352.
Package hyperref Info: Hyper index ON on input line 6355.
Package hyperref Info: backreferencing OFF on input line 6362.
Package hyperref Info: Link coloring OFF on input line 6367.
Package hyperref Info: Link coloring with OCG OFF on input line 6372.
Package hyperref Info: PDF/A mode OFF on input line 6377.
LaTeX Info: Redefining \ref on input line 6417.
LaTeX Info: Redefining \pageref on input line 6421.

(/usr/local/texlive/2020/texmf-dist/tex/latex/base/atbegshi-ltx.sty
Package: atbegshi-ltx 2020/08/17 v1.0a Emulation of the original atbegshi packa
ge
with kernel methods
)
\Hy@abspage=\count275
\c@Item=\count276
\c@Hfootnote=\count277
)
Package hyperref Info: Driver (autodetected): hpdftex.

(/usr/local/texlive/2020/texmf-dist/tex/latex/hyperref/hpdftex.def
File: hpdftex.def 2020-05-15 v7.00e Hyperref driver for pdfTeX

(/usr/local/texlive/2020/texmf-dist/tex/latex/base/atveryend-ltx.sty
Package: atveryend-ltx 2020/08/19 v1.0a Emulation of the original atvery packag
e
with kernel methods
)
\Fld@listcount=\count278
\c@bookmark@seq@number=\count279

(/usr/local/texlive/2020/texmf-dist/tex/latex/rerunfilecheck/rerunfilecheck.sty
Package: rerunfilecheck 2019/12/05 v1.9 Rerun checks for auxiliary files (HO)

(/usr/local/texlive/2020/texmf-dist/tex/generic/uniquecounter/uniquecounter.sty
Package: uniquecounter 2019/12/15 v1.4 Provide unlimited unique counter (HO)
)
Package uniquecounter Info: New unique counter `rerunfilecheck' on input line 2
86.
)
\Hy@SectionHShift=\skip59
) (/usr/local/texlive/2020/texmf-dist/tex/latex/amsmath/amsmath.sty
Package: amsmath 2020/09/23 v2.17i AMS math features
\@mathmargin=\skip60

For additional information on amsmath, use the `?' option.
(/usr/local/texlive/2020/texmf-dist/tex/latex/amsmath/amstext.sty
Package: amstext 2000/06/29 v2.01 AMS text

(/usr/local/texlive/2020/texmf-dist/tex/latex/amsmath/amsgen.sty
File: amsgen.sty 1999/11/30 v2.0 generic functions
\@emptytoks=\toks20
\ex@=\dimen169
))
(/usr/local/texlive/2020/texmf-dist/tex/latex/amsmath/amsbsy.sty
Package: amsbsy 1999/11/29 v1.2d Bold Symbols
\pmbraise@=\dimen170
)
(/usr/local/texlive/2020/texmf-dist/tex/latex/amsmath/amsopn.sty
Package: amsopn 2016/03/08 v2.02 operator names
)
\inf@bad=\count280
LaTeX Info: Redefining \frac on input line 234.
\uproot@=\count281
\leftroot@=\count282
LaTeX Info: Redefining \overline on input line 399.
\classnum@=\count283
\DOTSCASE@=\count284
LaTeX Info: Redefining \ldots on input line 496.
LaTeX Info: Redefining \dots on input line 499.
LaTeX Info: Redefining \cdots on input line 620.
\Mathstrutbox@=\box49
\strutbox@=\box50
\big@size=\dimen171
LaTeX Font Info:    Redeclaring font encoding OML on input line 743.
LaTeX Font Info:    Redeclaring font encoding OMS on input line 744.
\macc@depth=\count285
\c@MaxMatrixCols=\count286
\dotsspace@=\muskip17
\c@parentequation=\count287
\dspbrk@lvl=\count288
\tag@help=\toks21
\row@=\count289
\column@=\count290
\maxfields@=\count291
\andhelp@=\toks22
\eqnshift@=\dimen172
\alignsep@=\dimen173
\tagshift@=\dimen174
\tagwidth@=\dimen175
\totwidth@=\dimen176
\lineht@=\dimen177
\@envbody=\toks23
\multlinegap=\skip61
\multlinetaggap=\skip62
\mathdisplay@stack=\toks24
LaTeX Info: Redefining \[ on input line 2923.
LaTeX Info: Redefining \] on input line 2924.
)
(/usr/local/texlive/2020/texmf-dist/tex/latex/amsfonts/amssymb.sty
Package: amssymb 2013/01/14 v3.01 AMS font symbols

(/usr/local/texlive/2020/texmf-dist/tex/latex/amsfonts/amsfonts.sty
Package: amsfonts 2013/01/14 v3.01 Basic AMSFonts support
\symAMSa=\mathgroup4
\symAMSb=\mathgroup5
LaTeX Font Info:    Redeclaring math symbol \hbar on input line 98.
LaTeX Font Info:    Overwriting math alphabet `\mathfrak' in version `bold'
(Font)                  U/euf/m/n --> U/euf/b/n on input line 106.
))
(/usr/local/texlive/2020/texmf-dist/tex/latex/base/inputenc.sty
Package: inputenc 2020/08/01 v1.3d Input encoding file
\inpenc@prehook=\toks25
\inpenc@posthook=\toks26
)
(/usr/local/texlive/2020/texmf-dist/tex/latex/subfiles/subfiles.sty
Package: subfiles 2020/11/14 v2.2 Multi-file projects (package)

(/usr/local/texlive/2020/texmf-dist/tex/latex/import/import.sty
Package: import 2020/04/01  v 6.2
))
(/usr/local/texlive/2020/texmf-dist/tex/latex/cancel/cancel.sty
Package: cancel 2013/04/12 v2.2 Cancel math terms
)
(/usr/local/texlive/2020/texmf-dist/tex/latex/tools/tabularx.sty
Package: tabularx 2020/01/15 v2.11c `tabularx' package (DPC)

(/usr/local/texlive/2020/texmf-dist/tex/latex/tools/array.sty
Package: array 2020/10/01 v2.5c Tabular extension package (FMi)
\col@sep=\dimen178
\ar@mcellbox=\box51
\extrarowheight=\dimen179
\NC@list=\toks27
\extratabsurround=\skip63
\backup@length=\skip64
\ar@cellbox=\box52
)
\TX@col@width=\dimen180
\TX@old@table=\dimen181
\TX@old@col=\dimen182
\TX@target=\dimen183
\TX@delta=\dimen184
\TX@cols=\count292
\TX@ftn=\toks28
)
(/usr/local/texlive/2020/texmf-dist/tex/latex/xcolor/xcolor.sty
Package: xcolor 2016/05/11 v2.12 LaTeX color extensions (UK)

(/usr/local/texlive/2020/texmf-dist/tex/latex/graphics-cfg/color.cfg
File: color.cfg 2016/01/02 v1.6 sample color configuration
)
Package xcolor Info: Driver file: pdftex.def on input line 225.
Package xcolor Info: Model `cmy' substituted by `cmy0' on input line 1348.
Package xcolor Info: Model `hsb' substituted by `rgb' on input line 1352.
Package xcolor Info: Model `RGB' extended on input line 1364.
Package xcolor Info: Model `HTML' substituted by `rgb' on input line 1366.
Package xcolor Info: Model `Hsb' substituted by `hsb' on input line 1367.
Package xcolor Info: Model `tHsb' substituted by `hsb' on input line 1368.
Package xcolor Info: Model `HSB' substituted by `hsb' on input line 1369.
Package xcolor Info: Model `Gray' substituted by `gray' on input line 1370.
Package xcolor Info: Model `wave' substituted by `hsb' on input line 1371.
)
(./uaThesis.sty
Package: uaThesis 2009/11/21 v0.6a UA thesis
 (/usr/local/texlive/2020/texmf-dist/tex/latex/a4wide/a4wide.sty
Package: a4wide 1994/08/30
(/usr/local/texlive/2020/texmf-dist/tex/latex/ntgclass/a4.sty
Package: a4 2020/02/18 v1.2g A4 based page layout
)))
(/usr/local/texlive/2020/texmf-dist/tex/latex/titlesec/titlesec.sty
Package: titlesec 2019/10/16 v2.13 Sectioning titles
\ttl@box=\box53
\beforetitleunit=\skip65
\aftertitleunit=\skip66
\ttl@plus=\dimen185
\ttl@minus=\dimen186
\ttl@toksa=\toks29
\titlewidth=\dimen187
\titlewidthlast=\dimen188
\titlewidthfirst=\dimen189
)
(/usr/local/texlive/2020/texmf-dist/tex/latex/breqn/flexisym.sty
(/usr/local/texlive/2020/texmf-dist/tex/latex/l3kernel/expl3.sty
Package: expl3 2020-12-07 L3 programming layer (loader) 

(/usr/local/texlive/2020/texmf-dist/tex/latex/l3backend/l3backend-pdftex.def
File: l3backend-pdftex.def 2020-09-24 L3 backend support: PDF output (pdfTeX)
\l__kernel_color_stack_int=\count293
\l__pdf_internal_box=\box54
))
Package: flexisym 2020/09/24 v0.98k Make math characters macros
LaTeX Info: Redefining \textprime on input line 299.
LaTeX Info: Redefining \not on input line 357.

(/usr/local/texlive/2020/texmf-dist/tex/latex/breqn/cmbase.sym
File: cmbase.sym 2007/12/19 v0.92
LaTeX Info: Redefining \hbar on input line 324.
LaTeX Info: Redefining \surd on input line 326.
LaTeX Info: Redefining \angle on input line 334.
LaTeX Info: Redefining \neq on input line 335.
LaTeX Info: Redefining \mapsto on input line 336.
LaTeX Info: Redefining \cong on input line 337.
LaTeX Info: Redefining \notin on input line 340.
LaTeX Info: Redefining \rightleftharpoons on input line 341.
LaTeX Info: Redefining \doteq on input line 342.
LaTeX Info: Redefining \hookrightarrow on input line 343.
LaTeX Info: Redefining \hookleftarrow on input line 344.
LaTeX Info: Redefining \bowtie on input line 345.
LaTeX Info: Redefining \models on input line 346.
LaTeX Info: Redefining \Longrightarrow on input line 347.
LaTeX Info: Redefining \longrightarrow on input line 348.
LaTeX Info: Redefining \Longleftarrow on input line 349.
LaTeX Info: Redefining \longleftarrow on input line 350.
LaTeX Info: Redefining \longmapsto on input line 351.
LaTeX Info: Redefining \longleftrightarrow on input line 352.
LaTeX Info: Redefining \Longleftrightarrow on input line 353.
LaTeX Info: Redefining \cdots on input line 357.
LaTeX Info: Redefining \vdots on input line 360.
LaTeX Info: Redefining \ddots on input line 365.
)
(/usr/local/texlive/2020/texmf-dist/tex/latex/breqn/mathstyle.sty
Package: mathstyle 2020/09/24 v0.98k Tracking mathstyle implicitly
LaTeX Info: Redefining \displaystyle on input line 95.
LaTeX Info: Redefining \textstyle on input line 97.
LaTeX Info: Redefining \scriptstyle on input line 99.
LaTeX Info: Redefining \scriptscriptstyle on input line 101.
LaTeX Info: Redefining \genfrac on input line 149.
))
No file Thesis_2020.aux.
\openout1 = `Thesis_2020.aux'.

LaTeX Font Info:    Checking defaults for OML/cmm/m/it on input line 131.
LaTeX Font Info:    ... okay on input line 131.
LaTeX Font Info:    Checking defaults for OMS/cmsy/m/n on input line 131.
LaTeX Font Info:    ... okay on input line 131.
LaTeX Font Info:    Checking defaults for OT1/cmr/m/n on input line 131.
LaTeX Font Info:    ... okay on input line 131.
LaTeX Font Info:    Checking defaults for T1/cmr/m/n on input line 131.
LaTeX Font Info:    ... okay on input line 131.
LaTeX Font Info:    Checking defaults for TS1/cmr/m/n on input line 131.
LaTeX Font Info:    ... okay on input line 131.
LaTeX Font Info:    Checking defaults for OMX/cmex/m/n on input line 131.
LaTeX Font Info:    ... okay on input line 131.
LaTeX Font Info:    Checking defaults for U/cmr/m/n on input line 131.
LaTeX Font Info:    ... okay on input line 131.
LaTeX Font Info:    Checking defaults for PD1/pdf/m/n on input line 131.
LaTeX Font Info:    ... okay on input line 131.
(/usr/local/texlive/2020/texmf-dist/tex/context/base/mkii/supp-pdf.mkii
[Loading MPS to PDF converter (version 2006.09.02).]
\scratchcounter=\count294
\scratchdimen=\dimen190
\scratchbox=\box55
\nofMPsegments=\count295
\nofMParguments=\count296
\everyMPshowfont=\toks30
\MPscratchCnt=\count297
\MPscratchDim=\dimen191
\MPnumerator=\count298
\makeMPintoPDFobject=\count299
\everyMPtoPDFconversion=\toks31
) (/usr/local/texlive/2020/texmf-dist/tex/latex/epstopdf-pkg/epstopdf-base.sty
Package: epstopdf-base 2020-01-24 v2.11 Base part for package epstopdf
Package epstopdf-base Info: Redefining graphics rule for `.eps' on input line 4
85.

(/usr/local/texlive/2020/texmf-dist/tex/latex/latexconfig/epstopdf-sys.cfg
File: epstopdf-sys.cfg 2010/07/13 v1.3 Configuration of (r)epstopdf for TeX Liv
e
))
*geometry* driver: auto-detecting
*geometry* detected driver: pdftex
*geometry* verbose mode - [ preamble ] result:
* driver: pdftex
* paper: a4paper
* layout: <same size as paper>
* layoutoffset:(h,v)=(0.0pt,0.0pt)
* modes: 
* h-part:(L,W,R)=(85.35826pt, 441.01773pt, 71.13188pt)
* v-part:(T,H,B)=(85.35826pt, 674.33032pt, 85.35826pt)
* \paperwidth=597.50787pt
* \paperheight=845.04684pt
* \textwidth=424.58624pt
* \textheight=646.0pt
* \oddsidemargin=18.06749pt
* \evensidemargin=18.06749pt
* \topmargin=0.0pt
* \headheight=12.0pt
* \headsep=25.0pt
* \topskip=10.0pt
* \footskip=30.0pt
* \marginparwidth=54.2025pt
* \marginparsep=11.0pt
* \columnsep=10.0pt
* \skip\footins=9.0pt plus 4.0pt minus 2.0pt
* \hoffset=0.0pt
* \voffset=0.0pt
* \mag=1000
* \@twocolumnfalse
* \@twosidefalse
* \@mparswitchfalse
* \@reversemarginfalse
* (1in=72.27pt=25.4mm, 1cm=28.453pt)

Package hyperref Info: Link coloring OFF on input line 131.
(/usr/local/texlive/2020/texmf-dist/tex/latex/hyperref/nameref.sty
Package: nameref 2019/09/16 v2.46 Cross-referencing by name of section

(/usr/local/texlive/2020/texmf-dist/tex/latex/refcount/refcount.sty
Package: refcount 2019/12/15 v3.6 Data extraction from label references (HO)
)
(/usr/local/texlive/2020/texmf-dist/tex/generic/gettitlestring/gettitlestring.s
ty
Package: gettitlestring 2019/12/15 v1.6 Cleanup title references (HO)
)
\c@section@level=\count300
)
LaTeX Info: Redefining \ref on input line 131.
LaTeX Info: Redefining \pageref on input line 131.
LaTeX Info: Redefining \nameref on input line 131.
\@outlinefile=\write5
\openout5 = `Thesis_2020.out'.

<./Images//uaLogoNew.pdf, id=4, 60.225pt x 75.28125pt>
File: ./Images//uaLogoNew.pdf Graphic file (type pdf)
<use ./Images//uaLogoNew.pdf>
Package pdftex.def Info: ./Images//uaLogoNew.pdf  used on input line 137.
(pdftex.def)             Requested size: 136.60036pt x 170.71652pt.
LaTeX Font Info:    Trying to load font information for U+msa on input line 137
.
 (/usr/local/texlive/2020/texmf-dist/tex/latex/amsfonts/umsa.fd
File: umsa.fd 2013/01/14 v3.01 AMS symbols A
)
LaTeX Font Info:    Trying to load font information for U+msb on input line 137
.

(/usr/local/texlive/2020/texmf-dist/tex/latex/amsfonts/umsb.fd
File: umsb.fd 2013/01/14 v3.01 AMS symbols B
)
File: ./Images//uaLogoNew.pdf Graphic file (type pdf)
<use ./Images//uaLogoNew.pdf>
Package pdftex.def Info: ./Images//uaLogoNew.pdf  used on input line 137.
(pdftex.def)             Requested size: 20.48633pt x 25.60747pt.
 [1

{/usr/local/texlive/2020/texmf-var/fonts/map/pdftex/updmap/pdftex.map} <./Image
s//uaLogoNew.pdf>]pdfTeX warning (ext4): destination with the same identifier (
name{page.1}) has been already used, duplicate ignored
<to be read again> 
                   \relax 
l.141 \titlepage\ \endtitlepage
                                % empty page [1]pdfTeX warning (ext4): destinat
ion with the same identifier (name{page.1}) has been already used, duplicate ig
nored
<to be read again> 
                   \relax 
l.158 \EndTitlePage
                    [1]pdfTeX warning (ext4): destination with the same identif
ier (name{page.1}) has been already used, duplicate ignored
<to be read again> 
                   \relax 
l.159 \titlepage\ \endtitlepage
                                % empty page [1]pdfTeX warning (ext4): destinat
ion with the same identifier (name{page.1}) has been already used, duplicate ig
nored
<to be read again> 
                   \relax 
l.167 \EndTitlePage
                    [1]pdfTeX warning (ext4): destination with the same identif
ier (name{page.1}) has been already used, duplicate ignored
<to be read again> 
                   \relax 
l.168 \titlepage\ \endtitlepage
                                % empty page [1]
Underfull \hbox (badness 10000) in paragraph at lines 178--178

 []


Underfull \hbox (badness 10000) in paragraph at lines 178--178

 []

pdfTeX warning (ext4): destination with the same identifier (name{page.1}) has 
been already used, duplicate ignored
<to be read again> 
                   \relax 
l.179 \EndTitlePage
                    [1]pdfTeX warning (ext4): destination with the same identif
ier (name{page.1}) has been already used, duplicate ignored
<to be read again> 
                   \relax 
l.180 \titlepage\ \endtitlepage
                                % empty page [1]pdfTeX warning (ext4): destinat
ion with the same identifier (name{page.1}) has been already used, duplicate ig
nored
<to be read again> 
                   \relax 
l.188 \EndTitlePage
                    [1]pdfTeX warning (ext4): destination with the same identif
ier (name{page.1}) has been already used, duplicate ignored
<to be read again> 
                   \relax 
l.189 \titlepage\ \endtitlepage
                                % empty page [1]
\tf@toc=\write6
\openout6 = `Thesis_2020.toc'.

 [1

]
\tf@lof=\write7
\openout7 = `Thesis_2020.lof'.

 [2


]
\tf@lot=\write8
\openout8 = `Thesis_2020.lot'.

 [3


]
\openout2 = `Introduction.aux'.


(./Introduction.tex
Chapter 1.

LaTeX Warning: Citation `Aad_2012' on page 1 undefined on input line 19.


LaTeX Warning: Citation `chatrchyan2012observation' on page 1 undefined on inpu
t line 19.


LaTeX Warning: Citation `collaborations2015combined' on page 1 undefined on inp
ut line 19.


LaTeX Warning: Citation `collaborations2016measurements' on page 1 undefined on
 input line 19.


LaTeX Warning: Citation `Bergstr_m_2000' on page 1 undefined on input line 27.


LaTeX Warning: Citation `book_Baryion' on page 1 undefined on input line 31.


LaTeX Warning: Citation `Morrissey2012' on page 1 undefined on input line 33.


LaTeX Warning: Citation `PhysRevD.89.013001' on page 1 undefined on input line 
43.

pdfTeX warning (ext4): destination with the same identifier (name{page.1}) has 
been already used, duplicate ignored
<to be read again> 
                   \relax 
l.58 
      [1



]

LaTeX Warning: Citation `ILYUSHIN2020114921' on page 2 undefined on input line 
81.


LaTeX Warning: Citation `Huitu2019' on page 2 undefined on input line 81.

) [2]
\openout2 = `The_Standard_Model.aux'.

 (./The_Standard_Model.tex
Chapter 2.

LaTeX Warning: Reference `Chap:Introduction' on page 3 undefined on input line 
13.


LaTeX Warning: Citation `SALAM1964168' on page 3 undefined on input line 15.


LaTeX Warning: Citation `Gr_newald_2008' on page 3 undefined on input line 15.


LaTeX Warning: Citation `NobelPrize:2009-Physics' on page 3 undefined on input 
line 15.


LaTeX Warning: Citation `doi:10.1080/00411457108231446' on page 3 undefined on 
input line 21.


LaTeX Warning: Citation `Gr_newald_2008' on page 3 undefined on input line 27.


LaTeX Warning: Citation `higgs1964broken' on page 3 undefined on input line 31.



LaTeX Warning: Citation `englert1964broken' on page 3 undefined on input line 3
1.


LaTeX Warning: Citation `guralnik1964global' on page 3 undefined on input line 
31.


LaTeX Warning: Citation `politzer1973reliable' on page 3 undefined on input lin
e 33.


LaTeX Warning: Citation `gross1973ultraviolet' on page 3 undefined on input lin
e 33.


LaTeX Warning: Citation `Quigg:1983gw' on page 3 undefined on input line 40.

[3




]

LaTeX Warning: Reference `eq:SM_Group' on page 4 undefined on input line 59.

[4]

LaTeX Warning: Reference `table1' on page 5 undefined on input line 143.


LaTeX Warning: Reference `table2' on page 5 undefined on input line 143.


LaTeX Warning: Reference `eq:SM_Group' on page 5 undefined on input line 177.


LaTeX Warning: Reference `eq:SM_Group' on page 5 undefined on input line 189.


LaTeX Warning: Reference `table1' on page 5 undefined on input line 189.


LaTeX Warning: Reference `table2' on page 5 undefined on input line 189.

[5]

LaTeX Warning: Reference `eq:KinSM' on page 6 undefined on input line 219.


LaTeX Warning: Reference `eq:PartialDefSM' on page 6 undefined on input line 21
9.


LaTeX Warning: Reference `eq:KinSM' on page 6 undefined on input line 233.


LaTeX Warning: Reference `eq:PotentialSM' on page 6 undefined on input line 233
.


LaTeX Warning: Reference `eq:YukawaSM' on page 6 undefined on input line 233.

[6]

LaTeX Warning: Reference `eq:GaugeSM' on page 7 undefined on input line 293.


LaTeX Warning: Reference `complicatedpart' on page 7 undefined on input line 32
0.

[7] (./Yukawa.tex

LaTeX Warning: Reference `eq:Yukawa2' on page 8 undefined on input line 11.


LaTeX Warning: Reference `shame' on page 8 undefined on input line 18.


LaTeX Warning: Reference `YukawaMasses' on page 8 undefined on input line 41.


LaTeX Warning: Reference `eq:YukawaBiUni' on page 8 undefined on input line 50.



LaTeX Warning: Reference `eq:YukawaSM' on page 8 undefined on input line 50.

[8]

LaTeX Warning: Reference `fig:QuarkCKM' on page 9 undefined on input line 106.


LaTeX Warning: Citation `PhysRevLett.13.138' on page 9 undefined on input line 
108.


LaTeX Warning: Citation `NobelPrize:1980-Physics' on page 9 undefined on input 
line 108.

\openout3 = `feyngraph_Yuk.mp'.

feynmp: File feyngraph_Yuk.1 not found:
feynmp: Process feyngraph_Yuk.mp with MetaPost and then reprocess this file.
feynmf: Label file feyngraph_Yuk.t1 not found:
feynmf: Process feyngraph_Yuk.mp with MetaPost and then reprocess this file.


pdfTeX warning: /opt/texbin/pdflatex (file ./Images//TestYukawaCouplings.pdf): 
PDF inclusion: found PDF version <1.7>, but at most version <1.5> allowed
<./Images//TestYukawaCouplings.pdf, id=149, 842.17867pt x 219.72412pt>
File: ./Images//TestYukawaCouplings.pdf Graphic file (type pdf)
<use ./Images//TestYukawaCouplings.pdf>
Package pdftex.def Info: ./Images//TestYukawaCouplings.pdf  used on input line 
153.
(pdftex.def)             Requested size: 382.12502pt x 99.69635pt.
[9pdfTeX warning (ext4): destination with the same identifier (name{equation.2.
3.33}) has been already used, duplicate ignored
<argument> ...shipout:D \box_use:N \l_shipout_box 
                                                  
l.156 \end{figure}
                  ])

LaTeX Warning: Citation `Tanabashi2018' on page 10 undefined on input line 372.



LaTeX Warning: Reference `LagFermFCCCs' on page 10 undefined on input line 404.



LaTeX Warning: Reference `fig:Flavour_D_1' on page 10 undefined on input line 4
04.

<./Images//Stolen.png, id=158, 1310.8975pt x 525.965pt>
File: ./Images//Stolen.png Graphic file (type png)
<use ./Images//Stolen.png>
Package pdftex.def Info: ./Images//Stolen.png  used on input line 408.
(pdftex.def)             Requested size: 318.43968pt x 127.76706pt.
[10 <./Images//TestYukawaCouplings.pdf>]

LaTeX Warning: Citation `glashow1970weak' on page 11 undefined on input line 41
5.


LaTeX Warning: Citation `CasteloBranco2014' on page 11 undefined on input line 
423.


LaTeX Warning: Citation `Graverini2019' on page 11 undefined on input line 423.



LaTeX Warning: Citation `Sirunyan_2018' on page 11 undefined on input line 425.



LaTeX Warning: Citation `Tanabashi2018' on page 11 undefined on input line 429.



LaTeX Warning: Reference `fig:QuarkCKM' on page 11 undefined on input line 431.



LaTeX Warning: Citation `DAmico2017' on page 11 undefined on input line 447.


LaTeX Warning: Citation `Geng_2017' on page 11 undefined on input line 447.


LaTeX Warning: Citation `Buras2015' on page 11 undefined on input line 447.


LaTeX Warning: Citation `Fajfer_2012' on page 11 undefined on input line 447.


LaTeX Warning: Reference `eq:NP' on page 11 undefined on input line 454.

[11 <./Images/stolen.png>]
<./Images//My_First_Diagram.png, id=180, 529.98pt x 527.9725pt>
File: ./Images//My_First_Diagram.png Graphic file (type png)
<use ./Images//My_First_Diagram.png>
Package pdftex.def Info: ./Images//My_First_Diagram.png  used on input line 464
.
(pdftex.def)             Requested size: 111.45583pt x 111.03056pt.


LaTeX Warning: Reference `fig:Flavour_D_2_Muon' on page 12 undefined on input l
ine 479.

<./Images//Stolen_2.png, id=181, 1567.8575pt x 545.03625pt>
File: ./Images//Stolen_2.png Graphic file (type png)
<use ./Images//Stolen_2.png>
Package pdftex.def Info: ./Images//Stolen_2.png  used on input line 483.
(pdftex.def)             Requested size: 318.43968pt x 110.69357pt.

LaTeX Warning: Citation `Fajfer_2012' on page 12 undefined on input line 489.


LaTeX Warning: Reference `fig:Flavour_D_3_Tau' on page 12 undefined on input li
ne 491.


LaTeX Warning: Citation `Alonso_2017' on page 12 undefined on input line 491.

<./Images//Stolen_3.png, id=182, 1308.89pt x 290.08376pt>
File: ./Images//Stolen_3.png Graphic file (type png)
<use ./Images//Stolen_3.png>
Package pdftex.def Info: ./Images//Stolen_3.png  used on input line 495.
(pdftex.def)             Requested size: 318.43968pt x 70.57317pt.
[12 <./Images//My_First_Diagram.png> <./Images//Stolen_2.png>]

LaTeX Warning: Citation `Wei_2009' on page 13 undefined on input line 510.

)
\openout2 = `BLSM.aux'.

 (./BLSM.tex [13 <./Images//Stolen_3.png>]
Chapter 3.

LaTeX Warning: Citation `Mohapatra:1980qe' on page 14 undefined on input line 1
6.


LaTeX Warning: Citation `Basso:2010hk' on page 14 undefined on input line 16.


LaTeX Warning: Citation `Basso:2011na' on page 14 undefined on input line 16.


LaTeX Warning: Citation `Tanabashi:2018oca' on page 14 undefined on input line 
18.


LaTeX Warning: Citation `Degrassi:2012ry' on page 14 undefined on input line 26
.


LaTeX Warning: Citation `Alekhin:2012py' on page 14 undefined on input line 26.



LaTeX Warning: Citation `Buttazzo:2013uya' on page 14 undefined on input line 2
6.


LaTeX Warning: Citation `Chanowitz:1977ye' on page 14 undefined on input line 2
8.


LaTeX Warning: Citation `Fritzsch:1974nn' on page 14 undefined on input line 28
.


LaTeX Warning: Citation `Georgi:1978fu' on page 14 undefined on input line 28.


LaTeX Warning: Citation `Georgi:1979dq' on page 14 undefined on input line 28.


LaTeX Warning: Citation `Georgi:1979ga' on page 14 undefined on input line 28.


LaTeX Warning: Citation `Achiman:1978vg' on page 14 undefined on input line 28.



LaTeX Warning: Citation `Gursey:1975ki' on page 14 undefined on input line 28.


LaTeX Warning: Citation `Gursey:1981kf' on page 14 undefined on input line 28.


LaTeX Warning: Citation `Barger:2008jx' on page 14 undefined on input line 29.


LaTeX Warning: Citation `Yanagida:1979as' on page 14 undefined on input line 35
.


LaTeX Warning: Citation `GellMann:1980vs' on page 14 undefined on input line 35
.


LaTeX Warning: Citation `Mohapatra:1979ia' on page 14 undefined on input line 3
5.


LaTeX Warning: Citation `Kaneta:2016vkq' on page 14 undefined on input line 39.



LaTeX Warning: Citation `Okada:2010wd' on page 14 undefined on input line 41.


LaTeX Warning: Citation `Okada:2018ktp' on page 14 undefined on input line 41.


LaTeX Warning: Citation `Fukugita:1986hr' on page 14 undefined on input line 43
.


LaTeX Warning: Citation `Pilaftsis:1997jf' on page 14 undefined on input line 4
3.


LaTeX Warning: Citation `Pilaftsis:2003gt' on page 14 undefined on input line 4
3.

[14]

LaTeX Warning: Reference `tab:BLSM_Charges' on page 15 undefined on input line 
61.


LaTeX Warning: Reference `tab:BLSM_Charges' on page 15 undefined on input line 
79.


LaTeX Warning: Reference `eq:potential' on page 15 undefined on input line 86.

[15]

LaTeX Warning: Reference `eq:sols' on page 16 undefined on input line 138.


LaTeX Warning: Reference `eq:potential' on page 16 undefined on input line 151.



LaTeX Warning: Reference `eq:sols' on page 16 undefined on input line 151.


LaTeX Warning: Reference `eq:potential' on page 16 undefined on input line 151.



LaTeX Warning: Reference `eq:sols' on page 16 undefined on input line 151.

[16]

LaTeX Warning: Reference `eq:Lu1' on page 17 undefined on input line 238.


LaTeX Warning: Reference `tab:charges' on page 17 undefined on input line 243.


LaTeX Warning: Reference `eq:AtoB' on page 17 undefined on input line 250.


LaTeX Warning: Reference `eq:AtoB' on page 17 undefined on input line 250.


LaTeX Warning: Reference `eq:Lu1' on page 17 undefined on input line 250.


LaTeX Warning: Reference `eq:trans-kappa' on page 17 undefined on input line 26
7.

[17]

LaTeX Warning: Citation `Bandyopadhyay_2018' on page 18 undefined on input line
 323.


LaTeX Warning: Reference `eq:theta-p' on page 18 undefined on input line 345.


LaTeX Warning: Reference `eq:ZZp-mass' on page 18 undefined on input line 345.

[18]

LaTeX Warning: Reference `eq:Yuk' on page 19 undefined on input line 386.


LaTeX Warning: Citation `Khalil:2010iu' on page 19 undefined on input line 397.



LaTeX Warning: Citation `Deppisch:2019ldi' on page 19 undefined on input line 4
08.


LaTeX Warning: Citation `Aaboud:2017buh' on page 19 undefined on input line 410
.

[19]

LaTeX Warning: Citation `Tanabashi:2018oca' on page 20 undefined on input line 
419.


LaTeX Warning: Citation `Czarnecki:2001pv' on page 20 undefined on input line 4
28.


LaTeX Warning: Citation `Khalil:2015wua' on page 20 undefined on input line 428
.


LaTeX Warning: Citation `Yang:2018guw' on page 20 undefined on input line 428.


LaTeX Warning: Citation `Porod:2003um' on page 20 undefined on input line 437.


LaTeX Warning: Citation `Porod:2011nf' on page 20 undefined on input line 437.


LaTeX Warning: Citation `Staub:2008uz' on page 20 undefined on input line 437.


LaTeX Warning: Citation `Staub:2013tta' on page 20 undefined on input line 437.



LaTeX Warning: Citation `Bechtle:2013wla' on page 20 undefined on input line 43
7.


LaTeX Warning: Citation `Bechtle:2013xfa' on page 20 undefined on input line 43
7.


LaTeX Warning: Citation `Alwall:2014hca' on page 20 undefined on input line 437
.


Overfull \hbox (46.10718pt too wide) in paragraph at lines 437--438
\OT1/cmtt/m/n/10 4.0.3 \OT1/cmr/m/n/10 [[], []], \OT1/cmtt/m/n/10 SARAH 4.13.0 
\OT1/cmr/m/n/10 [[], []], \OT1/cmtt/m/n/10 HiggsBounds 4.3.1 \OT1/cmr/m/n/10 [[
]], \OT1/cmtt/m/n/10 HiggsSignals 1.4.0 \OT1/cmr/m/n/10 [[]] and \OT1/cmtt/m/n/
10 MadGraph5[]aMC@NLO
 []


LaTeX Warning: Reference `tab:scan' on page 20 undefined on input line 439.

[20]

LaTeX Warning: Citation `Aaboud:2017buh' on page 21 undefined on input line 462
.


LaTeX Warning: Reference `fig:g-2' on page 21 undefined on input line 466.

<./Images///BLSM/g-2.pdf, id=275, 318.18875pt x 175.65625pt>
File: ./Images///BLSM/g-2.pdf Graphic file (type pdf)
<use ./Images///BLSM/g-2.pdf>
Package pdftex.def Info: ./Images///BLSM/g-2.pdf  used on input line 470.
(pdftex.def)             Requested size: 238.64096pt x 131.74185pt.

LaTeX Warning: Reference `tab:scan' on page 21 undefined on input line 478.


LaTeX Warning: Reference `eq:simplify' on page 21 undefined on input line 497.


LaTeX Warning: Reference `eq:simplify' on page 21 undefined on input line 497.


LaTeX Warning: Citation `Peskin1992' on page 21 undefined on input line 523.

[21 <./Images///BLSM/g-2.pdf>]

LaTeX Warning: Reference `eq:oblique' on page 22 undefined on input line 535.


LaTeX Warning: Citation `Costa:2014qga' on page 22 undefined on input line 535.



LaTeX Warning: Citation `Baak_2012' on page 22 undefined on input line 551.


LaTeX Warning: Reference `fig:STU' on page 22 undefined on input line 553.

<./Images///BLSM/ST.pdf, id=300, 421.18047pt x 283.60121pt>
File: ./Images///BLSM/ST.pdf Graphic file (type pdf)
<use ./Images///BLSM/ST.pdf>
Package pdftex.def Info: ./Images///BLSM/ST.pdf  used on input line 557.
(pdftex.def)             Requested size: 189.52945pt x 127.61935pt.
<./Images///BLSM/TU.pdf, id=301, 423.13898pt x 283.60121pt>
File: ./Images///BLSM/TU.pdf Graphic file (type pdf)
<use ./Images///BLSM/TU.pdf>
Package pdftex.def Info: ./Images///BLSM/TU.pdf  used on input line 558.
(pdftex.def)             Requested size: 190.41077pt x 127.61935pt.

LaTeX Warning: Reference `fig:STU' on page 22 undefined on input line 568.


LaTeX Warning: Citation `Tanabashi:2018oca' on page 22 undefined on input line 
574.


LaTeX Warning: Citation `Skands:2003cj' on page 22 undefined on input line 576.



LaTeX Warning: Citation `Bechtle:2013wla' on page 22 undefined on input line 58
0.


Overfull \hbox (8.05727pt too wide) in paragraph at lines 582--583
[]\OT1/cmr/m/n/10 The ba-sic value cal-cu-lated by \OT1/cmtt/m/n/10 HiggsSignal
s \OT1/cmr/m/n/10 is the sig-nal strength mod-i-fier $\OML/cmm/m/it/10 ^^V[]$ \
OT1/cmr/m/n/10 which parametrizes
 []

[22 <./Images///BLSM/ST.pdf> <./Images///BLSM/TU.pdf

pdfTeX warning: /opt/texbin/pdflatex (file ./Images///BLSM/TU.pdf): PDF inclusi
on: multiple pdfs with page group included in a single page
>]

LaTeX Warning: Citation `Alwall:2014hca' on page 23 undefined on input line 600
.


LaTeX Warning: Citation `Aaboud:2017buh' on page 23 undefined on input line 600
.

<./Images///BLSM/mZp_Xsec_Amu.pdf, id=349, 556.50446pt x 376.15797pt>
File: ./Images///BLSM/mZp_Xsec_Amu.pdf Graphic file (type pdf)
<use ./Images///BLSM/mZp_Xsec_Amu.pdf>
Package pdftex.def Info: ./Images///BLSM/mZp_Xsec_Amu.pdf  used on input line 6
14.
(pdftex.def)             Requested size: 205.90343pt x 139.17625pt.
<./Images///BLSM/mZp_Mhp_Amu.pdf, id=350, 542.9722pt x 354.42827pt>
File: ./Images///BLSM/mZp_Mhp_Amu.pdf Graphic file (type pdf)
<use ./Images///BLSM/mZp_Mhp_Amu.pdf>
Package pdftex.def Info: ./Images///BLSM/mZp_Mhp_Amu.pdf  used on input line 61
5.
(pdftex.def)             Requested size: 200.89656pt x 131.1364pt.

LaTeX Warning: Citation `Aaboud:2017buh' on page 23 undefined on input line 616
.


LaTeX Warning: Reference `tab:bench' on page 23 undefined on input line 616.


LaTeX Warning: Citation `Aaboud:2017buh' on page 23 undefined on input line 616
.


LaTeX Warning: Reference `tab:bench' on page 23 undefined on input line 616.


LaTeX Warning: Reference `fig:Plots1' on page 23 undefined on input line 621.


LaTeX Warning: Reference `tab:scan' on page 23 undefined on input line 621.


LaTeX Warning: Citation `Aaboud:2017buh' on page 23 undefined on input line 631
.


LaTeX Warning: Reference `fig:Plots1' on page 23 undefined on input line 633.


LaTeX Warning: Reference `tab:bench' on page 23 undefined on input line 635.


LaTeX Warning: Reference `tab:bench' on page 23 undefined on input line 639.


LaTeX Warning: Reference `fig:Plots1' on page 23 undefined on input line 662.


LaTeX Warning: Reference `fig:Plots4' on page 23 undefined on input line 662.


LaTeX Warning: Reference `fig:Plots2' on page 23 undefined on input line 662.


LaTeX Warning: Reference `fig:Plots1' on page 23 undefined on input line 662.


LaTeX Warning: Reference `fig:Plots4' on page 23 undefined on input line 662.


LaTeX Warning: Reference `fig:Plots2' on page 23 undefined on input line 662.

[23 <./Images///BLSM/mZp_Xsec_Amu.pdf> <./Images///BLSM/mZp_Mhp_Amu.pdf

pdfTeX warning: /opt/texbin/pdflatex (file ./Images///BLSM/mZp_Mhp_Amu.pdf): PD
F inclusion: multiple pdfs with page group included in a single page
>]

LaTeX Warning: Reference `fig:Plots1' on page 24 undefined on input line 669.


LaTeX Warning: Reference `g-2' on page 24 undefined on input line 669.


LaTeX Warning: Reference `fig:Plots1' on page 24 undefined on input line 669.


LaTeX Warning: Reference `fig:Plots4' on page 24 undefined on input line 672.


LaTeX Warning: Reference `fig:g-2' on page 24 undefined on input line 672.


LaTeX Warning: Reference `fig:Plots4' on page 24 undefined on input line 672.


LaTeX Warning: Reference `fig:g-2' on page 24 undefined on input line 672.

<./Images///BLSM/mZp_Xsec_mh2.pdf, id=438, 520.10815pt x 376.15797pt>
File: ./Images///BLSM/mZp_Xsec_mh2.pdf Graphic file (type pdf)
<use ./Images///BLSM/mZp_Xsec_mh2.pdf>
Package pdftex.def Info: ./Images///BLSM/mZp_Xsec_mh2.pdf  used on input line 6
76.
(pdftex.def)             Requested size: 192.437pt x 139.17625pt.
<./Images///BLSM/mZp_Xsec_VEV.pdf, id=439, 558.69188pt x 376.15797pt>
File: ./Images///BLSM/mZp_Xsec_VEV.pdf Graphic file (type pdf)
<use ./Images///BLSM/mZp_Xsec_VEV.pdf>
Package pdftex.def Info: ./Images///BLSM/mZp_Xsec_VEV.pdf  used on input line 6
77.
(pdftex.def)             Requested size: 206.71275pt x 139.17625pt.
<./Images///BLSM/mZp_Xsec_alpha.pdf, id=440, 567.25714pt x 376.15797pt>
File: ./Images///BLSM/mZp_Xsec_alpha.pdf Graphic file (type pdf)
<use ./Images///BLSM/mZp_Xsec_alpha.pdf>
Package pdftex.def Info: ./Images///BLSM/mZp_Xsec_alpha.pdf  used on input line
 678.
(pdftex.def)             Requested size: 209.88185pt x 139.17625pt.

LaTeX Warning: Reference `tab:bench' on page 24 undefined on input line 679.


LaTeX Warning: Reference `tab:bench' on page 24 undefined on input line 679.


LaTeX Warning: Citation `Freitas:2014pua' on page 24 undefined on input line 68
3.

[24]

LaTeX Warning: Reference `fig:Plots4' on page 25 undefined on input line 696.


LaTeX Warning: Reference `fig:Plots3' on page 25 undefined on input line 709.


LaTeX Warning: Reference `fig:Plots1' on page 25 undefined on input line 709.


LaTeX Warning: Reference `eq:ZpContribution' on page 25 undefined on input line
 709.


LaTeX Warning: Reference `eq:amu-simple' on page 25 undefined on input line 709
.


LaTeX Warning: Reference `fig:Plots3' on page 25 undefined on input line 709.


LaTeX Warning: Reference `fig:Plots1' on page 25 undefined on input line 709.


LaTeX Warning: Reference `tab:bench' on page 25 undefined on input line 709.


LaTeX Warning: Reference `fig:Plots1' on page 25 undefined on input line 710.


LaTeX Warning: Reference `fig:Plots4' on page 25 undefined on input line 710.


LaTeX Warning: Reference `fig:Plots2' on page 25 undefined on input line 710.

<./Images///BLSM/mZp_Xsec_gYB.pdf, id=448, 537.52657pt x 376.15797pt>
File: ./Images///BLSM/mZp_Xsec_gYB.pdf Graphic file (type pdf)
<use ./Images///BLSM/mZp_Xsec_gYB.pdf>
Package pdftex.def Info: ./Images///BLSM/mZp_Xsec_gYB.pdf  used on input line 7
14.
(pdftex.def)             Requested size: 198.8817pt x 139.17625pt.
<./Images///BLSM/mZp_Xsec_twp.pdf, id=449, 569.83868pt x 376.15797pt>
File: ./Images///BLSM/mZp_Xsec_twp.pdf Graphic file (type pdf)
<use ./Images///BLSM/mZp_Xsec_twp.pdf>
Package pdftex.def Info: ./Images///BLSM/mZp_Xsec_twp.pdf  used on input line 7
15.
(pdftex.def)             Requested size: 210.837pt x 139.17625pt.
<./Images///BLSM/mZp_Xsec_gBL.pdf, id=450, 555.7917pt x 376.15797pt>
File: ./Images///BLSM/mZp_Xsec_gBL.pdf Graphic file (type pdf)
<use ./Images///BLSM/mZp_Xsec_gBL.pdf>
Package pdftex.def Info: ./Images///BLSM/mZp_Xsec_gBL.pdf  used on input line 7
16.
(pdftex.def)             Requested size: 205.63971pt x 139.17625pt.

LaTeX Warning: Reference `fig:Plots4' on page 25 undefined on input line 717.


LaTeX Warning: Reference `fig:Plots4' on page 25 undefined on input line 717.


LaTeX Warning: Reference `fig:Plots1' on page 25 undefined on input line 722.


LaTeX Warning: Reference `fig:Plots4' on page 25 undefined on input line 722.


LaTeX Warning: Reference `fig:Plots3' on page 25 undefined on input line 724.


LaTeX Warning: Reference `eq:mZ' on page 25 undefined on input line 725.


LaTeX Warning: Reference `eq:amu-simple' on page 25 undefined on input line 725
.

[25 <./Images///BLSM/mZp_Xsec_mh2.pdf> <./Images///BLSM/mZp_Xsec_VEV.pdf

pdfTeX warning: /opt/texbin/pdflatex (file ./Images///BLSM/mZp_Xsec_VEV.pdf): P
DF inclusion: multiple pdfs with page group included in a single page
> <./Images///BLSM/mZp_Xsec_alpha.pdf

pdfTeX warning: /opt/texbin/pdflatex (file ./Images///BLSM/mZp_Xsec_alpha.pdf):
 PDF inclusion: multiple pdfs with page group included in a single page
>]

LaTeX Warning: Reference `fig:Plots1' on page 26 undefined on input line 730.


LaTeX Warning: Reference `fig:Plots4' on page 26 undefined on input line 730.


LaTeX Warning: Reference `tab:scan' on page 26 undefined on input line 730.


LaTeX Warning: Reference `eq:theta-p' on page 26 undefined on input line 730.


LaTeX Warning: Reference `fig:Plots3' on page 26 undefined on input line 730.


LaTeX Warning: Reference `fig:Plots4' on page 26 undefined on input line 730.


LaTeX Warning: Reference `fig:Plots3' on page 26 undefined on input line 730.


LaTeX Warning: Reference `fig:Plots2' on page 26 undefined on input line 732.

<./Images///BLSM/mZp_Xsec_gLmumuZ.pdf, id=577, 561.94359pt x 376.15797pt>
File: ./Images///BLSM/mZp_Xsec_gLmumuZ.pdf Graphic file (type pdf)
<use ./Images///BLSM/mZp_Xsec_gLmumuZ.pdf>
Package pdftex.def Info: ./Images///BLSM/mZp_Xsec_gLmumuZ.pdf  used on input li
ne 736.
(pdftex.def)             Requested size: 207.91586pt x 139.17625pt.
<./Images///BLSM/mZp_Xsec_gRmumuZ.pdf, id=578, 561.94359pt x 376.15797pt>
File: ./Images///BLSM/mZp_Xsec_gRmumuZ.pdf Graphic file (type pdf)
<use ./Images///BLSM/mZp_Xsec_gRmumuZ.pdf>
Package pdftex.def Info: ./Images///BLSM/mZp_Xsec_gRmumuZ.pdf  used on input li
ne 737.
(pdftex.def)             Requested size: 207.91586pt x 139.17625pt.
<./Images///BLSM/mZp_Xsec_gWWZp.pdf, id=579, 542.53276pt x 376.15797pt>
File: ./Images///BLSM/mZp_Xsec_gWWZp.pdf Graphic file (type pdf)
<use ./Images///BLSM/mZp_Xsec_gWWZp.pdf>
Package pdftex.def Info: ./Images///BLSM/mZp_Xsec_gWWZp.pdf  used on input line
 738.
(pdftex.def)             Requested size: 200.73398pt x 139.17625pt.

LaTeX Warning: Reference `fig:Plots4' on page 26 undefined on input line 739.


LaTeX Warning: Reference `fig:Plots4' on page 26 undefined on input line 739.


LaTeX Warning: Reference `fig:Plots3' on page 26 undefined on input line 748.


LaTeX Warning: Reference `eq:gWWZp' on page 26 undefined on input line 748.


LaTeX Warning: Reference `fig:Plots3' on page 26 undefined on input line 748.


LaTeX Warning: Reference `eq:gLgR-simp' on page 26 undefined on input line 748.


[26 <./Images///BLSM/mZp_Xsec_gYB.pdf> <./Images///BLSM/mZp_Xsec_twp.pdf

pdfTeX warning: /opt/texbin/pdflatex (file ./Images///BLSM/mZp_Xsec_twp.pdf): P
DF inclusion: multiple pdfs with page group included in a single page
> <./Images///BLSM/mZp_Xsec_gBL.pdf

pdfTeX warning: /opt/texbin/pdflatex (file ./Images///BLSM/mZp_Xsec_gBL.pdf): P
DF inclusion: multiple pdfs with page group included in a single page
>]

LaTeX Warning: Citation `Barr:1990vd' on page 27 undefined on input line 753.


LaTeX Warning: Reference `fig:Barr-Zee' on page 27 undefined on input line 753.


<./Images///BLSM/Barr-Zee.pdf, id=706, 417.56pt x 436.63126pt>
File: ./Images///BLSM/Barr-Zee.pdf Graphic file (type pdf)
<use ./Images///BLSM/Barr-Zee.pdf>
Package pdftex.def Info: ./Images///BLSM/Barr-Zee.pdf  used on input line 757.
(pdftex.def)             Requested size: 250.53792pt x 261.98077pt.

LaTeX Warning: Reference `fig:g-2' on page 27 undefined on input line 762.


LaTeX Warning: Reference `fig:Barr-Zee' on page 27 undefined on input line 762.



LaTeX Warning: Citation `Ilisie:2015tra' on page 27 undefined on input line 762
.


LaTeX Warning: Reference `fig:Plots4' on page 27 undefined on input line 762.


LaTeX Warning: Reference `fig:Barr-Zee' on page 27 undefined on input line 764.



LaTeX Warning: Citation `Feng:2009gn' on page 27 undefined on input line 764.


LaTeX Warning: Reference `app:T7' on page 27 undefined on input line 770.

[27 <./Images///BLSM/mZp_Xsec_gLmumuZ.pdf> <./Images///BLSM/mZp_Xsec_gRmumuZ.pd
f

pdfTeX warning: /opt/texbin/pdflatex (file ./Images///BLSM/mZp_Xsec_gRmumuZ.pdf
): PDF inclusion: multiple pdfs with page group included in a single page
> <./Images///BLSM/mZp_Xsec_gWWZp.pdf

pdfTeX warning: /opt/texbin/pdflatex (file ./Images///BLSM/mZp_Xsec_gWWZp.pdf):
 PDF inclusion: multiple pdfs with page group included in a single page
>]

LaTeX Warning: Citation `Feng:2009gn' on page 28 undefined on input line 778.


LaTeX Warning: Reference `eq:T7-expanded' on page 28 undefined on input line 77
8.


LaTeX Warning: Reference `app:T7' on page 28 undefined on input line 783.

)
\openout2 = `3HDM.aux'.

 (./3HDM.tex [28 <./Images///BLSM/Barr-Zee.pdf>]
Chapter 4.

LaTeX Warning: Citation `Ludvig_Thesis' on page 29 undefined on input line 18.


LaTeX Warning: Citation `straub2018flavio' on page 29 undefined on input line 2
2.


LaTeX Warning: Citation `Weinberg1976' on page 29 undefined on input line 32.


Package hyperref Warning: Difference (2) between bookmark levels is greater 
(hyperref)                than one, level fixed on input line 51.


LaTeX Warning: Citation `Lee1973' on page 29 undefined on input line 53.


LaTeX Warning: Reference `Chap:SM' on page 29 undefined on input line 63.


LaTeX Warning: Reference `Chap_1_Sec_3' on page 29 undefined on input line 63.


LaTeX Warning: Citation `Branco:1999fs' on page 29 undefined on input line 65.


LaTeX Warning: Citation `Ferreira_2011' on page 29 undefined on input line 71.


LaTeX Warning: Citation `Nebot_2015' on page 29 undefined on input line 71.


LaTeX Warning: Citation `ferreira2019strong' on page 29 undefined on input line
 71.


LaTeX Warning: Citation `Pich_2009' on page 29 undefined on input line 73.


LaTeX Warning: Citation `Jung_2010' on page 29 undefined on input line 73.


LaTeX Warning: Citation `Jung_2011' on page 29 undefined on input line 73.


LaTeX Warning: Citation `Branco_1996' on page 29 undefined on input line 75.


LaTeX Warning: Citation `LAVOURA1994' on page 29 undefined on input line 75.


LaTeX Warning: Citation `Botella_2014' on page 29 undefined on input line 77.


LaTeX Warning: Citation `Botella_2016' on page 29 undefined on input line 77.

[29]

LaTeX Warning: Citation `Branco_2012' on page 30 undefined on input line 86.


LaTeX Warning: Citation `Ferreira_2004' on page 30 undefined on input line 86.


LaTeX Warning: Citation `Barroso_2007' on page 30 undefined on input line 86.


LaTeX Warning: Citation `Barroso_2006' on page 30 undefined on input line 88.


LaTeX Warning: Citation `Ivanov_2008' on page 30 undefined on input line 90.


LaTeX Warning: Citation `Ivanov2007' on page 30 undefined on input line 90.


LaTeX Warning: Citation `Ivanov_2012' on page 30 undefined on input line 90.


LaTeX Warning: Citation `Ivanov_2015' on page 30 undefined on input line 90.


LaTeX Warning: Citation `Ginzburg_2005' on page 30 undefined on input line 92.


LaTeX Warning: Reference `Chap:SM' on page 30 undefined on input line 98.


LaTeX Warning: Reference `eq:3HDM_Transformations' on page 30 undefined on inpu
t line 149.

[30] Excluding 'comment' comment.

LaTeX Warning: Reference `Ian_Thesis' on page 31 undefined on input line 214.


LaTeX Warning: Reference `eq:3HDM_Scalar_Pot' on page 31 undefined on input lin
e 234.

[31]

LaTeX Warning: Reference `eq:3HDM_tadpoles' on page 32 undefined on input line 
251.

[32]

LaTeX Warning: Citation `das2015implications' on page 33 undefined on input lin
e 308.


LaTeX Warning: Citation `Ian_Thesis' on page 33 undefined on input line 310.


LaTeX Warning: Reference `Aad_2020' on page 33 undefined on input line 312.


LaTeX Warning: Reference `eq:3HDM_Orthg' on page 33 undefined on input line 333
.

Excluding 'comment' comment. [33]

LaTeX Warning: Reference `eq:3HDM_Charged_M1' on page 34 undefined on input lin
e 423.

Excluding 'comment' comment. [34] Excluding 'comment' comment. [35] [36]

LaTeX Warning: Reference `eq:3HDM_Yuk' on page 37 undefined on input line 631.

[37]
Overfull \hbox (7.3466pt too wide) in paragraph at lines 794--794
|[]\OT1/cmr/bx/n/14.4 The BGL-like sup-pres-sion of FC-NCs in the 3HDM model| 
 []

[38]

LaTeX Warning: Reference `eq:3HDM_Quark_gauge_mass' on page 39 undefined on inp
ut line 837.

[39]

LaTeX Warning: Reference `tired' on page 40 undefined on input line 935.


LaTeX Warning: Citation `straub2018flavio' on page 40 undefined on input line 9
46.

[40]
\openout3 = `3HDM_Lepton_Diagrams_1.mp'.


feynmp: File 3HDM_Lepton_Diagrams_1.1 not found:
feynmp: Process 3HDM_Lepton_Diagrams_1.mp with MetaPost and then reprocess this
 file.
feynmf: Label file 3HDM_Lepton_Diagrams_1.t1 not found:
feynmf: Process 3HDM_Lepton_Diagrams_1.mp with MetaPost and then reprocess this
 file.
[41]

LaTeX Warning: Reference `3HDM_Leptonics' on page 42 undefined on input line 10
50.

<placeholder.png, id=983, 708.9687pt x 338.2236pt>
File: placeholder.png Graphic file (type png)
<use placeholder.png>
Package pdftex.def Info: placeholder.png  used on input line 1058.
(pdftex.def)             Requested size: 212.29312pt x 101.2769pt.
\openout3 = `feyngraph_3HDM_11.mp'.

feynmp: File feyngraph_3HDM_11.1 not found:
feynmp: Process feyngraph_3HDM_11.mp with MetaPost and then reprocess this file
.
feynmf: Label file feyngraph_3HDM_11.t1 not found:
feynmf: Process feyngraph_3HDM_11.mp with MetaPost and then reprocess this file
.
\openout3 = `feyngraph_3HDM_12.mp'.

feynmp: File feyngraph_3HDM_12.1 not found:
feynmp: Process feyngraph_3HDM_12.mp with MetaPost and then reprocess this file
.
feynmf: Label file feyngraph_3HDM_12.t1 not found:
feynmf: Process feyngraph_3HDM_12.mp with MetaPost and then reprocess this file
.

Overfull \hbox (2.22221pt too wide) in paragraph at lines 1069--1107
[]$[]$ $[]$ 
 []

\openout3 = `feyngraph_3HDM_13.mp'.

feynmp: File feyngraph_3HDM_13.1 not found:
feynmp: Process feyngraph_3HDM_13.mp with MetaPost and then reprocess this file
.
feynmf: Label file feyngraph_3HDM_13.t1 not found:
feynmf: Process feyngraph_3HDM_13.mp with MetaPost and then reprocess this file
.

LaTeX Warning: Reference `eq:3HDM_Scalar_Pot' on page 42 undefined on input lin
e 1141.

[42 <./placeholder.png>]

LaTeX Warning: Citation `Branco_1996' on page 43 undefined on input line 1147.


LaTeX Warning: Citation `Moretti_2015' on page 43 undefined on input line 1156.



LaTeX Warning: Citation `Moretti_2015' on page 43 undefined on input line 1177.



LaTeX Warning: Citation `Peskin1992' on page 43 undefined on input line 1179.


LaTeX Warning: Reference `sec:later' on page 43 undefined on input line 1201.

<Images/3HDM/EW/EW_S_T_black.pdf, id=993, 545.90816pt x 388.43645pt>
File: Images/3HDM/EW/EW_S_T_black.pdf Graphic file (type pdf)
<use Images/3HDM/EW/EW_S_T_black.pdf>
Package pdftex.def Info: Images/3HDM/EW/EW_S_T_black.pdf  used on input line 12
07.
(pdftex.def)             Requested size: 208.04959pt x 148.03413pt.
<Images/3HDM/EW/EW_S_U_black.pdf, id=994, 555.08055pt x 388.43645pt>
File: Images/3HDM/EW/EW_S_U_black.pdf Graphic file (type pdf)
<use Images/3HDM/EW/EW_S_U_black.pdf>
Package pdftex.def Info: Images/3HDM/EW/EW_S_U_black.pdf  used on input line 12
07.
(pdftex.def)             Requested size: 208.04959pt x 145.58626pt.
<Images/3HDM/EW/EW_T_U_black.pdf, id=995, 539.86072pt x 388.43645pt>
File: Images/3HDM/EW/EW_T_U_black.pdf Graphic file (type pdf)
<use Images/3HDM/EW/EW_T_U_black.pdf>
Package pdftex.def Info: Images/3HDM/EW/EW_T_U_black.pdf  used on input line 12
08.
(pdftex.def)             Requested size: 208.04959pt x 149.69371pt.
[43]

LaTeX Warning: Citation `Baak_2012' on page 44 undefined on input line 1217.

<./Images///3HDM/H1_H2.pdf, id=1005, 529.31865pt x 392.19446pt>
File: ./Images///3HDM/H1_H2.pdf Graphic file (type pdf)
<use ./Images///3HDM/H1_H2.pdf>
Package pdftex.def Info: ./Images///3HDM/H1_H2.pdf  used on input line 1238.
(pdftex.def)             Requested size: 208.04959pt x 154.1521pt.
<./Images///3HDM/H1_A1.pdf, id=1006, 540.20747pt x 396.7158pt>
File: ./Images///3HDM/H1_A1.pdf Graphic file (type pdf)
<use ./Images///3HDM/H1_A1.pdf>
Package pdftex.def Info: ./Images///3HDM/H1_A1.pdf  used on input line 1239.
(pdftex.def)             Requested size: 208.04959pt x 152.7875pt.
<./Images///3HDM/A1_A2.pdf, id=1007, 518.84998pt x 393.30345pt>
File: ./Images///3HDM/A1_A2.pdf Graphic file (type pdf)
<use ./Images///3HDM/A1_A2.pdf>
Package pdftex.def Info: ./Images///3HDM/A1_A2.pdf  used on input line 1240.
(pdftex.def)             Requested size: 208.04959pt x 157.70866pt.
<./Images///3HDM/Hc1_Hc2.pdf, id=1008, 532.63126pt x 394.68686pt>
File: ./Images///3HDM/Hc1_Hc2.pdf Graphic file (type pdf)
<use ./Images///3HDM/Hc1_Hc2.pdf>
Package pdftex.def Info: ./Images///3HDM/Hc1_Hc2.pdf  used on input line 1241.
(pdftex.def)             Requested size: 208.04959pt x 154.16814pt.
[44 <./Images/3HDM/EW/EW_S_T_black.pdf> <./Images/3HDM/EW/EW_S_U_black.pdf

pdfTeX warning: /opt/texbin/pdflatex (file ./Images/3HDM/EW/EW_S_U_black.pdf): 
PDF inclusion: multiple pdfs with page group included in a single page
> <./Images/3HDM/EW/EW_T_U_black.pdf

pdfTeX warning: /opt/texbin/pdflatex (file ./Images/3HDM/EW/EW_T_U_black.pdf): 
PDF inclusion: multiple pdfs with page group included in a single page
>] [45 <./Images///3HDM/H1_H2.pdf> <./Images///3HDM/H1_A1.pdf

pdfTeX warning: /opt/texbin/pdflatex (file ./Images///3HDM/H1_A1.pdf): PDF incl
usion: multiple pdfs with page group included in a single page
> <./Images///3HDM/A1_A2.pdf

pdfTeX warning: /opt/texbin/pdflatex (file ./Images///3HDM/A1_A2.pdf): PDF incl
usion: multiple pdfs with page group included in a single page
> <./Images///3HDM/Hc1_Hc2.pdf

pdfTeX warning: /opt/texbin/pdflatex (file ./Images///3HDM/Hc1_Hc2.pdf): PDF in
clusion: multiple pdfs with page group included in a single page
>]
<Images/3HDM/Reds/Xsgamma_H1_H2.pdf, id=1224, 544.71173pt x 397.6838pt>
File: Images/3HDM/Reds/Xsgamma_H1_H2.pdf Graphic file (type pdf)
<use Images/3HDM/Reds/Xsgamma_H1_H2.pdf>
Package pdftex.def Info: Images/3HDM/Reds/Xsgamma_H1_H2.pdf  used on input line
 1273.
(pdftex.def)             Requested size: 208.04959pt x 151.89206pt.
<Images/3HDM/Reds/Bsmumu_H1_H2.pdf, id=1225, 535.5394pt x 397.6838pt>
File: Images/3HDM/Reds/Bsmumu_H1_H2.pdf Graphic file (type pdf)
<use Images/3HDM/Reds/Bsmumu_H1_H2.pdf>
Package pdftex.def Info: Images/3HDM/Reds/Bsmumu_H1_H2.pdf  used on input line 
1274.
(pdftex.def)             Requested size: 208.04959pt x 154.4953pt.
<Images/3HDM/Reds/DeltaMd_H1_H2.pdf, id=1226, 529.10864pt x 390.73936pt>
File: Images/3HDM/Reds/DeltaMd_H1_H2.pdf Graphic file (type pdf)
<use Images/3HDM/Reds/DeltaMd_H1_H2.pdf>
Package pdftex.def Info: Images/3HDM/Reds/DeltaMd_H1_H2.pdf  used on input line
 1275.
(pdftex.def)             Requested size: 208.04959pt x 153.63979pt.
<Images/3HDM/Reds/DeltaMs_H1_H2.pdf, id=1227, 538.23643pt x 390.73936pt>
File: Images/3HDM/Reds/DeltaMs_H1_H2.pdf Graphic file (type pdf)
<use Images/3HDM/Reds/DeltaMs_H1_H2.pdf>
Package pdftex.def Info: Images/3HDM/Reds/DeltaMs_H1_H2.pdf  used on input line
 1276.
(pdftex.def)             Requested size: 208.04959pt x 151.03432pt.
<Images/3HDM/Reds/Eps_K_H1_H2_Centered.pdf, id=1228, 561.76776pt x 397.6838pt>
File: Images/3HDM/Reds/Eps_K_H1_H2_Centered.pdf Graphic file (type pdf)
<use Images/3HDM/Reds/Eps_K_H1_H2_Centered.pdf>
Package pdftex.def Info: Images/3HDM/Reds/Eps_K_H1_H2_Centered.pdf  used on inp
ut line 1277.
(pdftex.def)             Requested size: 208.04959pt x 147.28026pt.
 [46 <./Images/3HDM/Reds/Xsgamma_H1_H2.pdf> <./Images/3HDM/Reds/Bsmumu_H1_H2.pd
f

pdfTeX warning: /opt/texbin/pdflatex (file ./Images/3HDM/Reds/Bsmumu_H1_H2.pdf)
: PDF inclusion: multiple pdfs with page group included in a single page
> <./Images/3HDM/Reds/DeltaMd_H1_H2.pdf

pdfTeX warning: /opt/texbin/pdflatex (file ./Images/3HDM/Reds/DeltaMd_H1_H2.pdf
): PDF inclusion: multiple pdfs with page group included in a single page
> <./Images/3HDM/Reds/DeltaMs_H1_H2.pdf

pdfTeX warning: /opt/texbin/pdflatex (file ./Images/3HDM/Reds/DeltaMs_H1_H2.pdf
): PDF inclusion: multiple pdfs with page group included in a single page
> <./Images/3HDM/Reds/Eps_K_H1_H2_Centered.pdf

pdfTeX warning: /opt/texbin/pdflatex (file ./Images/3HDM/Reds/Eps_K_H1_H2_Cente
red.pdf): PDF inclusion: multiple pdfs with page group included in a single pag
e
>]
<Images/3HDM/PT_Folder/XsGamma_H1.pdf, id=1407, 549.75487pt x 397.6838pt>
File: Images/3HDM/PT_Folder/XsGamma_H1.pdf Graphic file (type pdf)
<use Images/3HDM/PT_Folder/XsGamma_H1.pdf>
Package pdftex.def Info: Images/3HDM/PT_Folder/XsGamma_H1.pdf  used on input li
ne 1303.
(pdftex.def)             Requested size: 208.04959pt x 150.49638pt.
<Images/3HDM/PT_Folder/Bsmumu_H1.pdf, id=1408, 525.9704pt x 390.73936pt>
File: Images/3HDM/PT_Folder/Bsmumu_H1.pdf Graphic file (type pdf)
<use Images/3HDM/PT_Folder/Bsmumu_H1.pdf>
Package pdftex.def Info: Images/3HDM/PT_Folder/Bsmumu_H1.pdf  used on input lin
e 1304.
(pdftex.def)             Requested size: 208.04959pt x 154.55797pt.
<Images/3HDM/PT_Folder/Delta_Md_H1.pdf, id=1409, 535.66064pt x 390.73936pt>
File: Images/3HDM/PT_Folder/Delta_Md_H1.pdf Graphic file (type pdf)
<use Images/3HDM/PT_Folder/Delta_Md_H1.pdf>
Package pdftex.def Info: Images/3HDM/PT_Folder/Delta_Md_H1.pdf  used on input l
ine 1304.
(pdftex.def)             Requested size: 208.04959pt x 151.7617pt.
<Images/3HDM/PT_Folder/Delta_Ms_H1.pdf, id=1410, 544.78844pt x 390.73936pt>
File: Images/3HDM/PT_Folder/Delta_Ms_H1.pdf Graphic file (type pdf)
<use Images/3HDM/PT_Folder/Delta_Ms_H1.pdf>
Package pdftex.def Info: Images/3HDM/PT_Folder/Delta_Ms_H1.pdf  used on input l
ine 1305.
(pdftex.def)             Requested size: 208.04959pt x 149.21585pt.
<Images/3HDM/PT_Folder/Eps_K_H1_Thighter_Centered.pdf, id=1411, 568.31976pt x 3
97.6838pt>
File: Images/3HDM/PT_Folder/Eps_K_H1_Thighter_Centered.pdf Graphic file (type p
df)
<use Images/3HDM/PT_Folder/Eps_K_H1_Thighter_Centered.pdf>
Package pdftex.def Info: Images/3HDM/PT_Folder/Eps_K_H1_Thighter_Centered.pdf  
used on input line 1306.
(pdftex.def)             Requested size: 208.04959pt x 145.58118pt.
 [47 <./Images/3HDM/PT_Folder/XsGamma_H1.pdf> <./Images/3HDM/PT_Folder/Bsmumu_H
1.pdf

pdfTeX warning: /opt/texbin/pdflatex (file ./Images/3HDM/PT_Folder/Bsmumu_H1.pd
f): PDF inclusion: multiple pdfs with page group included in a single page
> <./Images/3HDM/PT_Folder/Delta_Md_H1.pdf

pdfTeX warning: /opt/texbin/pdflatex (file ./Images/3HDM/PT_Folder/Delta_Md_H1.
pdf): PDF inclusion: multiple pdfs with page group included in a single page
> <./Images/3HDM/PT_Folder/Delta_Ms_H1.pdf

pdfTeX warning: /opt/texbin/pdflatex (file ./Images/3HDM/PT_Folder/Delta_Ms_H1.
pdf): PDF inclusion: multiple pdfs with page group included in a single page
> <./Images/3HDM/PT_Folder/Eps_K_H1_Thighter_Centered.pdf

pdfTeX warning: /opt/texbin/pdflatex (file ./Images/3HDM/PT_Folder/Eps_K_H1_Thi
ghter_Centered.pdf): PDF inclusion: multiple pdfs with page group included in a
 single page
>]

LaTeX Warning: Reference `Tab:BadTable' on page 48 undefined on input line 1313
.

<Images/3HDM/Fine_Tuning/Xsgamma_H1.pdf, id=1633, 543.50606pt x 403.52077pt>
File: Images/3HDM/Fine_Tuning/Xsgamma_H1.pdf Graphic file (type pdf)
<use Images/3HDM/Fine_Tuning/Xsgamma_H1.pdf>
Package pdftex.def Info: Images/3HDM/Fine_Tuning/Xsgamma_H1.pdf  used on input 
line 1341.
(pdftex.def)             Requested size: 208.04959pt x 154.4601pt.
<Images/3HDM/Fine_Tuning/Bsmumu_H1.pdf, id=1634, 528.8939pt x 403.52077pt>
File: Images/3HDM/Fine_Tuning/Bsmumu_H1.pdf Graphic file (type pdf)
<use Images/3HDM/Fine_Tuning/Bsmumu_H1.pdf>
Package pdftex.def Info: Images/3HDM/Fine_Tuning/Bsmumu_H1.pdf  used on input l
ine 1342.
(pdftex.def)             Requested size: 208.04959pt x 158.72705pt.
<Images/3HDM/Fine_Tuning/DeltaMd_H1.pdf, id=1635, 527.5162pt x 411.25269pt>
File: Images/3HDM/Fine_Tuning/DeltaMd_H1.pdf Graphic file (type pdf)
<use Images/3HDM/Fine_Tuning/DeltaMd_H1.pdf>
Package pdftex.def Info: Images/3HDM/Fine_Tuning/DeltaMd_H1.pdf  used on input 
line 1343.
(pdftex.def)             Requested size: 208.04959pt x 162.19516pt.
<Images/3HDM/Fine_Tuning/DeltaMs_H1.pdf, id=1636, 527.49391pt x 403.52077pt>
File: Images/3HDM/Fine_Tuning/DeltaMs_H1.pdf Graphic file (type pdf)
<use Images/3HDM/Fine_Tuning/DeltaMs_H1.pdf>
Package pdftex.def Info: Images/3HDM/Fine_Tuning/DeltaMs_H1.pdf  used on input 
line 1344.
(pdftex.def)             Requested size: 208.04959pt x 159.1519pt.
<Images/3HDM/Fine_Tuning/eps_K_H1.pdf, id=1637, 558.1174pt x 409.84003pt>
File: Images/3HDM/Fine_Tuning/eps_K_H1.pdf Graphic file (type pdf)
<use Images/3HDM/Fine_Tuning/eps_K_H1.pdf>
Package pdftex.def Info: Images/3HDM/Fine_Tuning/eps_K_H1.pdf  used on input li
ne 1345.
(pdftex.def)             Requested size: 208.04959pt x 152.7766pt.
[48]
<Images/3HDM/Xsec/Xsec_1_Grey_tight.pdf, id=1643, 541.46835pt x 404.85973pt>
File: Images/3HDM/Xsec/Xsec_1_Grey_tight.pdf Graphic file (type pdf)
<use Images/3HDM/Xsec/Xsec_1_Grey_tight.pdf>
Package pdftex.def Info: Images/3HDM/Xsec/Xsec_1_Grey_tight.pdf  used on input 
line 1356.
(pdftex.def)             Requested size: 208.04959pt x 155.5595pt.
<Images/3HDM/Xsec/Xsec_2_Colourful_tight.pdf, id=1644, 541.46835pt x 402.92825p
t>
File: Images/3HDM/Xsec/Xsec_2_Colourful_tight.pdf Graphic file (type pdf)
<use Images/3HDM/Xsec/Xsec_2_Colourful_tight.pdf>
Package pdftex.def Info: Images/3HDM/Xsec/Xsec_2_Colourful_tight.pdf  used on i
nput line 1356.
(pdftex.def)             Requested size: 208.04959pt x 154.81737pt.
<Images/3HDM/Xsec/Xsec_3_Grey_Thight.pdf, id=1645, 546.51125pt x 417.8727pt>
File: Images/3HDM/Xsec/Xsec_3_Grey_Thight.pdf Graphic file (type pdf)
<use Images/3HDM/Xsec/Xsec_3_Grey_Thight.pdf>
Package pdftex.def Info: Images/3HDM/Xsec/Xsec_3_Grey_Thight.pdf  used on input
 line 1357.
(pdftex.def)             Requested size: 208.04959pt x 159.0802pt.
 [49 <./Images/3HDM/Fine_Tuning/Xsgamma_H1.pdf> <./Images/3HDM/Fine_Tuning/Bsmu
mu_H1.pdf

pdfTeX warning: /opt/texbin/pdflatex (file ./Images/3HDM/Fine_Tuning/Bsmumu_H1.
pdf): PDF inclusion: multiple pdfs with page group included in a single page
> <./Images/3HDM/Fine_Tuning/DeltaMd_H1.pdf

pdfTeX warning: /opt/texbin/pdflatex (file ./Images/3HDM/Fine_Tuning/DeltaMd_H1
.pdf): PDF inclusion: multiple pdfs with page group included in a single page
> <./Images/3HDM/Fine_Tuning/DeltaMs_H1.pdf

pdfTeX warning: /opt/texbin/pdflatex (file ./Images/3HDM/Fine_Tuning/DeltaMs_H1
.pdf): PDF inclusion: multiple pdfs with page group included in a single page
> <./Images/3HDM/Fine_Tuning/eps_K_H1.pdf

pdfTeX warning: /opt/texbin/pdflatex (file ./Images/3HDM/Fine_Tuning/eps_K_H1.p
df): PDF inclusion: multiple pdfs with page group included in a single page
>])
\openout2 = `Conclusions.aux'.

 (./Conclusions.tex
Chapter 5.

LaTeX Warning: Reference `Chap:B-L-SM_Model' on page 50 undefined on input line
 9.

[50 <./Images/3HDM/Xsec/Xsec_1_Grey_tight.pdf> <./Images/3HDM/Xsec/Xsec_2_Colou
rful_tight.pdf

pdfTeX warning: /opt/texbin/pdflatex (file ./Images/3HDM/Xsec/Xsec_2_Colourful_
tight.pdf): PDF inclusion: multiple pdfs with page group included in a single p
age
> <./Images/3HDM/Xsec/Xsec_3_Grey_Thight.pdf

pdfTeX warning: /opt/texbin/pdflatex (file ./Images/3HDM/Xsec/Xsec_3_Grey_Thigh
t.pdf): PDF inclusion: multiple pdfs with page group included in a single page
>]

LaTeX Warning: Reference `ch:3HDM' on page 51 undefined on input line 27.

) [51
\@writefile{toc}{\contentsline {section}{\numberline {5.1} Future Work}{51}{sec
tion.5.1}\protected@file@percent }
] [52]
Appendix A.

LaTeX Warning: Citation `Feng:2009gn' on page 53 undefined on input line 233.


LaTeX Warning: Reference `eq:T7' on page 53 undefined on input line 235.


LaTeX Warning: Reference `eq:T7' on page 53 undefined on input line 236.


LaTeX Warning: Citation `Feng:2009gn' on page 53 undefined on input line 246.


LaTeX Warning: Reference `eq:expand2' on page 53 undefined on input line 257.


LaTeX Warning: Reference `eq:expand1' on page 53 undefined on input line 278.


LaTeX Warning: Reference `eq:T7-Integrals' on page 53 undefined on input line 2
78.


LaTeX Warning: Reference `eq:expand2' on page 53 undefined on input line 278.


LaTeX Warning: Reference `eq:expand3' on page 53 undefined on input line 278.


LaTeX Warning: Reference `eq:expand4' on page 53 undefined on input line 278.


LaTeX Warning: Reference `eq:expand5' on page 53 undefined on input line 278.


LaTeX Warning: Reference `eq:expand6' on page 53 undefined on input line 278.

[53] [54]
No file Thesis_2020.bbl.
(./Thesis_2020.aux (./Introduction.aux) (./The_Standard_Model.aux) (./BLSM.aux)
(./3HDM.aux) (./Conclusions.aux))

Package rerunfilecheck Warning: File `Thesis_2020.out' has changed.
(rerunfilecheck)                Rerun to get outlines right
(rerunfilecheck)                or use package `bookmark'.

Package rerunfilecheck Info: Checksums for `Thesis_2020.out':
(rerunfilecheck)             Before: <no file>
(rerunfilecheck)             After:  B5FE8100749AE28ECABDC8341F0476E9;2101.

LaTeX Warning: There were undefined references.


LaTeX Warning: Label(s) may have changed. Rerun to get cross-references right.

 ) 
Here is how much of TeX's memory you used:
 10497 strings out of 479382
 157478 string characters out of 5869354
 507137 words of memory out of 5000000
 26995 multiletter control sequences out of 15000+600000
 422985 words of font info for 100 fonts, out of 8000000 for 9000
 1141 hyphenation exceptions out of 8191
 80i,20n,85p,1063b,447s stack positions out of 5000i,500n,10000p,200000b,80000s
{/usr/local/texlive/2020/texmf-dist/fonts/enc/dvips/cm-super/cm-super-ts1.enc
}</usr/local/texlive/2020/texmf-dist/fonts/type1/public/amsfonts/cm/cmbx10.pfb>
</usr/local/texlive/2020/texmf-dist/fonts/type1/public/amsfonts/cm/cmbx12.pfb><
/usr/local/texlive/2020/texmf-dist/fonts/type1/public/amsfonts/cm/cmbx8.pfb></u
sr/local/texlive/2020/texmf-dist/fonts/type1/public/amsfonts/cm/cmex10.pfb></us
r/local/texlive/2020/texmf-dist/fonts/type1/public/amsfonts/cm/cmmi10.pfb></usr
/local/texlive/2020/texmf-dist/fonts/type1/public/amsfonts/cm/cmmi12.pfb></usr/
local/texlive/2020/texmf-dist/fonts/type1/public/amsfonts/cm/cmmi5.pfb></usr/lo
cal/texlive/2020/texmf-dist/fonts/type1/public/amsfonts/cm/cmmi7.pfb></usr/loca
l/texlive/2020/texmf-dist/fonts/type1/public/amsfonts/cm/cmmi8.pfb></usr/local/
texlive/2020/texmf-dist/fonts/type1/public/amsfonts/cm/cmr10.pfb></usr/local/te
xlive/2020/texmf-dist/fonts/type1/public/amsfonts/cm/cmr12.pfb></usr/local/texl
ive/2020/texmf-dist/fonts/type1/public/amsfonts/cm/cmr17.pfb></usr/local/texliv
e/2020/texmf-dist/fonts/type1/public/amsfonts/cm/cmr5.pfb></usr/local/texlive/2
020/texmf-dist/fonts/type1/public/amsfonts/cm/cmr6.pfb></usr/local/texlive/2020
/texmf-dist/fonts/type1/public/amsfonts/cm/cmr7.pfb></usr/local/texlive/2020/te
xmf-dist/fonts/type1/public/amsfonts/cm/cmr8.pfb></usr/local/texlive/2020/texmf
-dist/fonts/type1/public/amsfonts/cm/cmss10.pfb></usr/local/texlive/2020/texmf-
dist/fonts/type1/public/amsfonts/cm/cmss9.pfb></usr/local/texlive/2020/texmf-di
st/fonts/type1/public/amsfonts/cm/cmssbx10.pfb></usr/local/texlive/2020/texmf-d
ist/fonts/type1/public/amsfonts/cm/cmsy10.pfb></usr/local/texlive/2020/texmf-di
st/fonts/type1/public/amsfonts/cm/cmsy5.pfb></usr/local/texlive/2020/texmf-dist
/fonts/type1/public/amsfonts/cm/cmsy6.pfb></usr/local/texlive/2020/texmf-dist/f
onts/type1/public/amsfonts/cm/cmsy7.pfb></usr/local/texlive/2020/texmf-dist/fon
ts/type1/public/amsfonts/cm/cmsy9.pfb></usr/local/texlive/2020/texmf-dist/fonts
/type1/public/amsfonts/cm/cmti10.pfb></usr/local/texlive/2020/texmf-dist/fonts/
type1/public/amsfonts/cm/cmtt10.pfb></usr/local/texlive/2020/texmf-dist/fonts/t
ype1/public/amsfonts/symbols/msam10.pfb></usr/local/texlive/2020/texmf-dist/fon
ts/type1/public/amsfonts/symbols/msbm10.pfb></usr/local/texlive/2020/texmf-dist
/fonts/type1/public/amsfonts/symbols/msbm7.pfb></usr/local/texlive/2020/texmf-d
ist/fonts/type1/public/cm-super/sfrm1000.pfb></usr/local/texlive/2020/texmf-dis
t/fonts/type1/urw/zapfding/uzdr.pfb>
Output written on Thesis_2020.pdf (67 pages, 15230025 bytes).
PDF statistics:
 2049 PDF objects out of 2073 (max. 8388607)
 1575 compressed objects within 16 object streams
 281 named destinations out of 1000 (max. 500000)
 236 words of extra memory for PDF output out of 10000 (max. 10000000)

