\BOOKMARK [0][-]{section.0.1}{Contents}{}% 1
\BOOKMARK [0][-]{section.0.2}{List of Figures}{}% 2
\BOOKMARK [0][-]{section.0.3}{List of Tables}{}% 3
\BOOKMARK [0][-]{chapter.1}{Introduction}{}% 4
\BOOKMARK [0][-]{chapter.2}{The Standard Model of Particle Physics}{}% 5
\BOOKMARK [1][-]{section.2.1}{Internal symmetry of the Standard Model}{chapter.2}% 6
\BOOKMARK [1][-]{section.2.2}{The Higgs mechanism and the mass generation of the Gauge bosons}{chapter.2}% 7
\BOOKMARK [1][-]{section.2.3}{Fermion Masses in the SM and Quark mixing}{chapter.2}% 8
\BOOKMARK [2][-]{subsection.2.3.1}{Charged Flavour Currents vs. Neutral Flavour Currents}{section.2.3}% 9
\BOOKMARK [0][-]{chapter.3}{B-L-SM Model}{}% 10
\BOOKMARK [1][-]{section.3.1}{Formulating the model}{chapter.3}% 11
\BOOKMARK [1][-]{section.3.2}{Numerical Results}{chapter.3}% 12
\BOOKMARK [2][-]{subsection.3.2.1}{The scanning apparatus}{section.3.2}% 13
\BOOKMARK [2][-]{subsection.3.2.2}{Numerical discussion}{section.3.2}% 14
\BOOKMARK [0][-]{chapter.4}{3HDM Model}{}% 15
\BOOKMARK [1][-]{subsection.4.0.1}{Context, the case of the BGL-2HDM}{chapter.4}% 16
\BOOKMARK [1][-]{section.4.1}{The formulation of a BGL-like 3HDM}{chapter.4}% 17
\BOOKMARK [2][-]{subsection.4.1.1}{Fields and the Additional \040Symmetry}{section.4.1}% 18
\BOOKMARK [2][-]{subsection.4.1.2}{Introducing the Scalar Sector}{section.4.1}% 19
\BOOKMARK [2][-]{subsection.4.1.3}{The CP-odd portion of the scalar sector}{section.4.1}% 20
\BOOKMARK [2][-]{subsection.4.1.4}{The CP-even portion of the scalar sector}{section.4.1}% 21
\BOOKMARK [1][-]{section.4.2}{Introducing the Yukawa sector}{chapter.4}% 22
\BOOKMARK [1][-]{section.4.3}{The BGL-like suppression of FCNCs in the 3HDM model}{chapter.4}% 23
\BOOKMARK [1][-]{section.4.4}{Numerical Discussion of the 3HDM}{chapter.4}% 24
\BOOKMARK [2][-]{subsection.4.4.1}{Discussion of results}{section.4.4}% 25
\BOOKMARK [0][-]{chapter.5}{Conclusions}{}% 26
\BOOKMARK [1][-]{section.5.1}{ Future Work}{chapter.5}% 27
\BOOKMARK [0][-]{section*.4}{Appendices}{}% 28
\BOOKMARK [0][-]{appendix.a.A}{The loop integral \040}{}% 29
