\BOOKMARK [0][-]{section.0.1}{Contents}{}% 1
\BOOKMARK [0][-]{section.0.2}{List of Figures}{}% 2
\BOOKMARK [0][-]{section.0.3}{List of Tables}{}% 3
\BOOKMARK [0][-]{chapter.1}{Introduction}{}% 4
\BOOKMARK [0][-]{chapter.2}{The Standard Model of Particle Physics}{}% 5
\BOOKMARK [1][-]{section.2.1}{Motivation}{chapter.2}% 6
\BOOKMARK [1][-]{section.2.2}{Internal symmetry of the Standard Model}{chapter.2}% 7
\BOOKMARK [2][-]{subsection.2.2.1}{Fields, Particles and Lagrangian of the SM}{section.2.2}% 8
\BOOKMARK [1][-]{section.2.3}{The Higgs mechanism and the mass generation of the Gauge bosons}{chapter.2}% 9
\BOOKMARK [1][-]{section.2.4}{Fermion Masses in the SM and Quark mixing}{chapter.2}% 10
\BOOKMARK [2][-]{subsection.2.4.1}{Charged Flavour Currents vs. Neutral Flavour Currents}{section.2.4}% 11
\BOOKMARK [0][-]{chapter.3}{B-L-SM Model}{}% 12
\BOOKMARK [1][-]{section.3.1}{Formulating the model}{chapter.3}% 13
\BOOKMARK [1][-]{section.3.2}{Numerical Results}{chapter.3}% 14
\BOOKMARK [2][-]{subsection.3.2.1}{The scanning apparatus}{section.3.2}% 15
\BOOKMARK [2][-]{subsection.3.2.2}{Numerical discussion}{section.3.2}% 16
\BOOKMARK [1][-]{section.3.3}{The B-L-SM Conclusions}{chapter.3}% 17
\BOOKMARK [0][-]{chapter.4}{Proper 3HDM }{}% 18
\BOOKMARK [1][-]{section.4.1}{Introduction}{chapter.4}% 19
\BOOKMARK [2][-]{subsection.4.1.1}{Context, the case of the BGL-2HDM}{section.4.1}% 20
\BOOKMARK [1][-]{section.4.2}{The formulation of a BGL-like 3HDM}{chapter.4}% 21
\BOOKMARK [2][-]{subsection.4.2.1}{Fields and the Additional U\(1\)Z_2 Symmetry}{section.4.2}% 22
\BOOKMARK [2][-]{subsection.4.2.2}{Introducing The Scalar Sector}{section.4.2}% 23
\BOOKMARK [2][-]{subsection.4.2.3}{The CP-odd portion of the scalar sector}{section.4.2}% 24
\BOOKMARK [2][-]{subsection.4.2.4}{The CP-even portion of the scalar sector}{section.4.2}% 25
\BOOKMARK [1][-]{section.4.3}{Introducing the Yukawa sector}{chapter.4}% 26
\BOOKMARK [1][-]{section.4.4}{The BGL-like suppression of FCNCs in the 3HDM model}{chapter.4}% 27
\BOOKMARK [1][-]{section.4.5}{Numerical Results}{chapter.4}% 28
\BOOKMARK [2][-]{subsection.4.5.1}{Additional Methodology}{section.4.5}% 29
\BOOKMARK [2][-]{subsection.4.5.2}{Constraints}{section.4.5}% 30
\BOOKMARK [2][-]{subsection.4.5.3}{Discussion of results}{section.4.5}% 31
\BOOKMARK [2][-]{subsection.4.5.4}{Flavour results}{section.4.5}% 32
\BOOKMARK [2][-]{subsection.4.5.5}{Flavour and Scalar cuts }{section.4.5}% 33
\BOOKMARK [0][-]{chapter.5}{Future Work}{}% 34
\BOOKMARK [0][-]{chapter.6}{Appendix}{}% 35
\BOOKMARK [1][-]{subsection.6.0.1}{Gamma Matrices}{chapter.6}% 36
\BOOKMARK [1][-]{section.6.1}{The loop integral T_7\(x,y,x\)}{chapter.6}% 37
\BOOKMARK [0][-]{section.6.2}{Bibliography}{}% 38
