\BOOKMARK [0][-]{section.0.1}{Contents}{}% 1
\BOOKMARK [0][-]{section.0.2}{List of Figures}{}% 2
\BOOKMARK [0][-]{section.0.3}{List of Tables}{}% 3
\BOOKMARK [1][-]{section.0.4}{Labels}{section.0.3}% 4
\BOOKMARK [0][-]{chapter.1}{Introduction}{}% 5
\BOOKMARK [0][-]{chapter.2}{The Standard Model of Particle Physics}{}% 6
\BOOKMARK [1][-]{section.2.1}{Motivation}{chapter.2}% 7
\BOOKMARK [1][-]{section.2.2}{Internal symmetry of the Standard Model}{chapter.2}% 8
\BOOKMARK [2][-]{subsection.2.2.1}{Fields, Particles and Lagrangian of the SM}{section.2.2}% 9
\BOOKMARK [1][-]{section.2.3}{The Higgs mechanism and the mass generation of the Gauge bosons}{chapter.2}% 10
\BOOKMARK [1][-]{section.2.4}{Fermion Masses in the SM and Quark mixing}{chapter.2}% 11
\BOOKMARK [2][-]{subsection.2.4.1}{Charged Flavour Currents vs. Neutral Flavour Currents}{section.2.4}% 12
\BOOKMARK [0][-]{chapter.3}{B-L-SM Model}{}% 13
\BOOKMARK [1][-]{section.3.1}{Formulating the model}{chapter.3}% 14
\BOOKMARK [1][-]{section.3.2}{Numerical Results}{chapter.3}% 15
\BOOKMARK [2][-]{subsection.3.2.1}{The scanning apparatus}{section.3.2}% 16
\BOOKMARK [2][-]{subsection.3.2.2}{Numerical discussion}{section.3.2}% 17
\BOOKMARK [1][-]{section.3.3}{The B-L-SM Conclusions}{chapter.3}% 18
\BOOKMARK [0][-]{chapter.4}{Proper 3HDM}{}% 19
\BOOKMARK [1][-]{section.4.1}{The formulation of a BGL-like 3HDM}{chapter.4}% 20
\BOOKMARK [2][-]{subsection.4.1.1}{Introducing The Scalar Sector}{section.4.1}% 21
\BOOKMARK [2][-]{subsection.4.1.2}{The CP-odd portion of the scalar sector}{section.4.1}% 22
\BOOKMARK [2][-]{subsection.4.1.3}{The CP-even portion of the scalar sector}{section.4.1}% 23
\BOOKMARK [1][-]{section.4.2}{Introducing the Yukawa sector}{chapter.4}% 24
\BOOKMARK [1][-]{section.4.3}{The BGL-like suppression of FCNCs in the 3HDM model}{chapter.4}% 25
\BOOKMARK [1][-]{section.4.4}{Numerical Results}{chapter.4}% 26
\BOOKMARK [2][-]{subsection.4.4.1}{Methodology}{section.4.4}% 27
\BOOKMARK [2][-]{subsection.4.4.2}{Constraints}{section.4.4}% 28
\BOOKMARK [2][-]{subsection.4.4.3}{Scalar Sector}{section.4.4}% 29
\BOOKMARK [2][-]{subsection.4.4.4}{Flavour}{section.4.4}% 30
\BOOKMARK [2][-]{subsection.4.4.5}{Fine Tuning}{section.4.4}% 31
\BOOKMARK [2][-]{subsection.4.4.6}{Flavour results}{section.4.4}% 32
\BOOKMARK [2][-]{subsection.4.4.7}{Conclusions}{section.4.4}% 33
\BOOKMARK [1][-]{section.4.5}{Old}{chapter.4}% 34
\BOOKMARK [0][-]{chapter.5}{Future Work}{}% 35
\BOOKMARK [0][-]{chapter.6}{Appendix}{}% 36
\BOOKMARK [1][-]{subsection.6.0.1}{Gamma Matrices}{chapter.6}% 37
\BOOKMARK [2][-]{subsection.6.0.2}{Lagrangian Dynamics}{subsection.6.0.1}% 38
\BOOKMARK [1][-]{section.6.1}{The loop integral T_7\(x,y,x\)}{chapter.6}% 39
\BOOKMARK [0][-]{section.6.2}{Bibliography}{}% 40
