\BOOKMARK [0][-]{section.0.1}{Contents}{}% 1
\BOOKMARK [0][-]{section.0.2}{List of Figures}{}% 2
\BOOKMARK [0][-]{section.0.3}{List of Tables}{}% 3
\BOOKMARK [0][-]{chapter.1}{Introduction}{}% 4
\BOOKMARK [0][-]{chapter.2}{The Standard Model of Particle Physics}{}% 5
\BOOKMARK [1][-]{section.2.1}{Internal symmetry of the Standard Model}{chapter.2}% 6
\BOOKMARK [1][-]{section.2.2}{The Higgs Mechanism and the Mass Generation of the Gauge Bosons}{chapter.2}% 7
\BOOKMARK [1][-]{section.2.3}{Fermion Masses in the Standard Model and Quark Mixing}{chapter.2}% 8
\BOOKMARK [2][-]{subsection.2.3.1}{Charged Flavour Currents vs. Neutral Flavor Currents}{section.2.3}% 9
\BOOKMARK [0][-]{chapter.3}{B-L-SM Model}{}% 10
\BOOKMARK [1][-]{section.3.1}{Formulating the Model}{chapter.3}% 11
\BOOKMARK [1][-]{section.3.2}{Numerical Results}{chapter.3}% 12
\BOOKMARK [2][-]{subsection.3.2.1}{The Scanning Apparatus}{section.3.2}% 13
\BOOKMARK [2][-]{subsection.3.2.2}{Numerical discussion}{section.3.2}% 14
\BOOKMARK [0][-]{chapter.4}{3HDM Model}{}% 15
\BOOKMARK [1][-]{section.4.1}{The Case of the BGL-2HDM and its Relation to our Work}{chapter.4}% 16
\BOOKMARK [1][-]{section.4.2}{The formulation of a BGL-like 3HDM}{chapter.4}% 17
\BOOKMARK [2][-]{subsection.4.2.1}{The Scalar Sector}{section.4.2}% 18
\BOOKMARK [2][-]{subsection.4.2.2}{The Gauge Sector}{section.4.2}% 19
\BOOKMARK [2][-]{subsection.4.2.3}{The Yukawa sector}{section.4.2}% 20
\BOOKMARK [1][-]{section.4.3}{The BGL-like suppression of FCNCs in the 3HDM model}{chapter.4}% 21
\BOOKMARK [1][-]{section.4.4}{The inversion process}{chapter.4}% 22
\BOOKMARK [2][-]{subsection.4.4.1}{The CP-odd portion of the scalar sector}{section.4.4}% 23
\BOOKMARK [2][-]{subsection.4.4.2}{The CP-even portion of the Scalar Sector}{section.4.4}% 24
\BOOKMARK [1][-]{section.4.5}{Numerical Discussion of the 3HDM}{chapter.4}% 25
\BOOKMARK [2][-]{subsection.4.5.1}{Methodology and Constraints}{section.4.5}% 26
\BOOKMARK [2][-]{subsection.4.5.2}{Discussion of results}{section.4.5}% 27
\BOOKMARK [0][-]{chapter.5}{Conclusions}{}% 28
\BOOKMARK [0][-]{section.5.1}{Bibliography}{}% 29
