This is pdfTeX, Version 3.14159265-2.6-1.40.20 (TeX Live 2019/Debian) (preloaded format=pdflatex 2020.9.9)  12 DEC 2020 17:19
entering extended mode
 restricted \write18 enabled.
 %&-line parsing enabled.
**Thesis_2020.tex
(./Thesis_2020.tex
LaTeX2e <2020-02-02> patch level 2
L3 programming layer <2020-02-14>
(/usr/share/texlive/texmf-dist/tex/latex/base/report.cls
Document Class: report 2019/12/20 v1.4l Standard LaTeX document class
(/usr/share/texlive/texmf-dist/tex/latex/base/size10.clo
File: size10.clo 2019/12/20 v1.4l Standard LaTeX file (size option)
)
\c@part=\count167
\c@chapter=\count168
\c@section=\count169
\c@subsection=\count170
\c@subsubsection=\count171
\c@paragraph=\count172
\c@subparagraph=\count173
\c@figure=\count174
\c@table=\count175
\abovecaptionskip=\skip47
\belowcaptionskip=\skip48
\bibindent=\dimen134
)
(/usr/share/texlive/texmf-dist/tex/latex/scalerel/scalerel.sty
Package: scalerel 2016/12/29 v1.8 Routines for constrained scaling and stretchi
ng of objects, relative to a reference object or in absolute terms

(/usr/share/texlive/texmf-dist/tex/latex/tools/calc.sty
Package: calc 2017/05/25 v4.3 Infix arithmetic (KKT,FJ)
\calc@Acount=\count176
\calc@Bcount=\count177
\calc@Adimen=\dimen135
\calc@Bdimen=\dimen136
\calc@Askip=\skip49
\calc@Bskip=\skip50
LaTeX Info: Redefining \setlength on input line 80.
LaTeX Info: Redefining \addtolength on input line 81.
\calc@Ccount=\count178
\calc@Cskip=\skip51
)
(/usr/share/texlive/texmf-dist/tex/latex/graphics/graphicx.sty
Package: graphicx 2019/11/30 v1.2a Enhanced LaTeX Graphics (DPC,SPQR)

(/usr/share/texlive/texmf-dist/tex/latex/graphics/keyval.sty
Package: keyval 2014/10/28 v1.15 key=value parser (DPC)
\KV@toks@=\toks14
)
(/usr/share/texlive/texmf-dist/tex/latex/graphics/graphics.sty
Package: graphics 2019/11/30 v1.4a Standard LaTeX Graphics (DPC,SPQR)

(/usr/share/texlive/texmf-dist/tex/latex/graphics/trig.sty
Package: trig 2016/01/03 v1.10 sin cos tan (DPC)
)
(/usr/share/texlive/texmf-dist/tex/latex/graphics-cfg/graphics.cfg
File: graphics.cfg 2016/06/04 v1.11 sample graphics configuration
)
Package graphics Info: Driver file: pdftex.def on input line 105.

(/usr/share/texlive/texmf-dist/tex/latex/graphics-def/pdftex.def
File: pdftex.def 2018/01/08 v1.0l Graphics/color driver for pdftex
))
\Gin@req@height=\dimen137
\Gin@req@width=\dimen138
)
(/usr/share/texlive/texmf-dist/tex/latex/etoolbox/etoolbox.sty
Package: etoolbox 2019/09/21 v2.5h e-TeX tools for LaTeX (JAW)
\etb@tempcnta=\count179
)
\thesrwidth=\skip52
\thesrheight=\skip53
\srblobheight=\skip54
\srblobdepth=\skip55
\mnxsrwidth=\skip56
\LMex=\skip57
\LMpt=\skip58
)
(/usr/share/texlive/texmf-dist/tex/latex/geometry/geometry.sty
Package: geometry 2020/01/02 v5.9 Page Geometry

(/usr/share/texlive/texmf-dist/tex/generic/iftex/ifvtex.sty
Package: ifvtex 2019/10/25 v1.7 ifvtex legacy package. Use iftex instead.

(/usr/share/texlive/texmf-dist/tex/generic/iftex/iftex.sty
Package: iftex 2019/11/07 v1.0c TeX engine tests
))
\Gm@cnth=\count180
\Gm@cntv=\count181
\c@Gm@tempcnt=\count182
\Gm@bindingoffset=\dimen139
\Gm@wd@mp=\dimen140
\Gm@odd@mp=\dimen141
\Gm@even@mp=\dimen142
\Gm@layoutwidth=\dimen143
\Gm@layoutheight=\dimen144
\Gm@layouthoffset=\dimen145
\Gm@layoutvoffset=\dimen146
\Gm@dimlist=\toks15
)
(/usr/share/texmf/tex/latex/feynmf/feynmf.sty
Package: feynmf 1996/12/02 v1.08 LaTeX/Metafont Feynman Diagram Package (ohl)
\@outfmf=\write3
\fmfbuf@=\toks16
\c@fmfgraph=\count183
\grep@infile=\read2
\grep@outfile=\write4
)
(/usr/share/texmf/tex/latex/feynmf/feynmp.sty
Package: feynmp 1996/12/02 v1.08 LaTeX/MetaPost Feynman Diagram Package (ohl)
\@outfmf=\write5
\fmfbuf@=\toks17


! LaTeX Error: Command \c@fmfgraph already defined.
               Or name \end... illegal, see p.192 of the manual.

See the LaTeX manual or LaTeX Companion for explanation.
Type  H <return>  for immediate help.
 ...                                              
                                                  
l.117 \newcounter{fmfgraph}
                           
Your command was ignored.
Type  I <command> <return>  to replace it with another command,
or  <return>  to continue without it.

) (/usr/share/texlive/texmf-dist/tex/latex/comment/comment.sty
\CommentStream=\write6

Excluding comment 'comment')
(/usr/share/texlive/texmf-dist/tex/latex/float/float.sty
Package: float 2001/11/08 v1.3d Float enhancements (AL)
\c@float@type=\count184
\float@exts=\toks18
\float@box=\box45
\@float@everytoks=\toks19
\@floatcapt=\box46
)
(/usr/share/texlive/texmf-dist/tex/latex/booktabs/booktabs.sty
Package: booktabs 2020/01/12 v1.61803398 Publication quality tables
\heavyrulewidth=\dimen147
\lightrulewidth=\dimen148
\cmidrulewidth=\dimen149
\belowrulesep=\dimen150
\belowbottomsep=\dimen151
\aboverulesep=\dimen152
\abovetopsep=\dimen153
\cmidrulesep=\dimen154
\cmidrulekern=\dimen155
\defaultaddspace=\dimen156
\@cmidla=\count185
\@cmidlb=\count186
\@aboverulesep=\dimen157
\@belowrulesep=\dimen158
\@thisruleclass=\count187
\@lastruleclass=\count188
\@thisrulewidth=\dimen159
)
(/usr/share/texlive/texmf-dist/tex/latex/carlisle/slashed.sty
Package: slashed 1997/01/16 v0.01 Feynman Slashed Character Notation (DPC)
)
(/usr/share/texlive/texmf-dist/tex/latex/psnfss/pifont.sty
Package: pifont 2005/04/12 PSNFSS-v9.2a Pi font support (SPQR) 
LaTeX Font Info:    Trying to load font information for U+pzd on input line 63.


(/usr/share/texlive/texmf-dist/tex/latex/psnfss/upzd.fd
File: upzd.fd 2001/06/04 font definitions for U/pzd.
)
LaTeX Font Info:    Trying to load font information for U+psy on input line 64.


(/usr/share/texlive/texmf-dist/tex/latex/psnfss/upsy.fd
File: upsy.fd 2001/06/04 font definitions for U/psy.
))
(/usr/share/texlive/texmf-dist/tex/generic/babel/babel.sty
Package: babel 2020/02/14 3.40 The Babel package

(/usr/share/texlive/texmf-dist/tex/generic/babel/switch.def
File: switch.def 2020/02/14 3.40 Babel switching mechanism
)
(/usr/share/texlive/texmf-dist/tex/generic/babel-english/english.ldf
Language: english 2017/06/06 v3.3r English support from the babel system

(/usr/share/texlive/texmf-dist/tex/generic/babel/babel.def
File: babel.def 2020/02/14 3.40 Babel common definitions
\babel@savecnt=\count189
\U@D=\dimen160

(/usr/share/texlive/texmf-dist/tex/generic/babel/txtbabel.def)
\bbl@readstream=\read3
\bbl@dirlevel=\count190
)
Package babel Info: \l@canadian = using hyphenrules for english
(babel)             (\language0) on input line 102.
Package babel Info: \l@australian = using hyphenrules for ukenglish
(babel)             (\language33) on input line 105.
Package babel Info: \l@newzealand = using hyphenrules for ukenglish
(babel)             (\language33) on input line 108.
))
(/usr/share/texlive/texmf-dist/tex/latex/hyperref/hyperref.sty
Package: hyperref 2020/01/14 v7.00d Hypertext links for LaTeX

(/usr/share/texlive/texmf-dist/tex/generic/ltxcmds/ltxcmds.sty
Package: ltxcmds 2019/12/15 v1.24 LaTeX kernel commands for general use (HO)
)
(/usr/share/texlive/texmf-dist/tex/latex/pdftexcmds/pdftexcmds.sty
Package: pdftexcmds 2019/11/24 v0.31 Utility functions of pdfTeX for LuaTeX (HO
)

(/usr/share/texlive/texmf-dist/tex/generic/infwarerr/infwarerr.sty
Package: infwarerr 2019/12/03 v1.5 Providing info/warning/error messages (HO)
)
Package pdftexcmds Info: \pdf@primitive is available.
Package pdftexcmds Info: \pdf@ifprimitive is available.
Package pdftexcmds Info: \pdfdraftmode found.
)
(/usr/share/texlive/texmf-dist/tex/generic/kvsetkeys/kvsetkeys.sty
Package: kvsetkeys 2019/12/15 v1.18 Key value parser (HO)
)
(/usr/share/texlive/texmf-dist/tex/generic/kvdefinekeys/kvdefinekeys.sty
Package: kvdefinekeys 2019-12-19 v1.6 Define keys (HO)
)
(/usr/share/texlive/texmf-dist/tex/generic/pdfescape/pdfescape.sty
Package: pdfescape 2019/12/09 v1.15 Implements pdfTeX's escape features (HO)
)
(/usr/share/texlive/texmf-dist/tex/latex/hycolor/hycolor.sty
Package: hycolor 2020-01-27 v1.10 Color options for hyperref/bookmark (HO)
)
(/usr/share/texlive/texmf-dist/tex/latex/letltxmacro/letltxmacro.sty
Package: letltxmacro 2019/12/03 v1.6 Let assignment for LaTeX macros (HO)
)
(/usr/share/texlive/texmf-dist/tex/latex/auxhook/auxhook.sty
Package: auxhook 2019-12-17 v1.6 Hooks for auxiliary files (HO)
)
(/usr/share/texlive/texmf-dist/tex/latex/kvoptions/kvoptions.sty
Package: kvoptions 2019/11/29 v3.13 Key value format for package options (HO)
)
\@linkdim=\dimen161
\Hy@linkcounter=\count191
\Hy@pagecounter=\count192

(/usr/share/texlive/texmf-dist/tex/latex/hyperref/pd1enc.def
File: pd1enc.def 2020/01/14 v7.00d Hyperref: PDFDocEncoding definition (HO)
Now handling font encoding PD1 ...
... no UTF-8 mapping file for font encoding PD1
)
(/usr/share/texlive/texmf-dist/tex/generic/intcalc/intcalc.sty
Package: intcalc 2019/12/15 v1.3 Expandable calculations with integers (HO)
)
(/usr/share/texlive/texmf-dist/tex/generic/etexcmds/etexcmds.sty
Package: etexcmds 2019/12/15 v1.7 Avoid name clashes with e-TeX commands (HO)
)
\Hy@SavedSpaceFactor=\count193
\pdfmajorversion=\count194
Package hyperref Info: Hyper figures OFF on input line 4547.
Package hyperref Info: Link nesting OFF on input line 4552.
Package hyperref Info: Hyper index ON on input line 4555.
Package hyperref Info: Plain pages OFF on input line 4562.
Package hyperref Info: Backreferencing OFF on input line 4567.
Package hyperref Info: Implicit mode ON; LaTeX internals redefined.
Package hyperref Info: Bookmarks ON on input line 4800.
\c@Hy@tempcnt=\count195

(/usr/share/texlive/texmf-dist/tex/latex/url/url.sty
\Urlmuskip=\muskip16
Package: url 2013/09/16  ver 3.4  Verb mode for urls, etc.
)
LaTeX Info: Redefining \url on input line 5159.
\XeTeXLinkMargin=\dimen162

(/usr/share/texlive/texmf-dist/tex/generic/bitset/bitset.sty
Package: bitset 2019/12/09 v1.3 Handle bit-vector datatype (HO)

(/usr/share/texlive/texmf-dist/tex/generic/bigintcalc/bigintcalc.sty
Package: bigintcalc 2019/12/15 v1.5 Expandable calculations on big integers (HO
)
))
\Fld@menulength=\count196
\Field@Width=\dimen163
\Fld@charsize=\dimen164
Package hyperref Info: Hyper figures OFF on input line 6430.
Package hyperref Info: Link nesting OFF on input line 6435.
Package hyperref Info: Hyper index ON on input line 6438.
Package hyperref Info: backreferencing OFF on input line 6445.
Package hyperref Info: Link coloring OFF on input line 6450.
Package hyperref Info: Link coloring with OCG OFF on input line 6455.
Package hyperref Info: PDF/A mode OFF on input line 6460.
LaTeX Info: Redefining \ref on input line 6500.
LaTeX Info: Redefining \pageref on input line 6504.

(/usr/share/texlive/texmf-dist/tex/generic/atbegshi/atbegshi.sty
Package: atbegshi 2019/12/05 v1.19 At begin shipout hook (HO)
)
\Hy@abspage=\count197
\c@Item=\count198
\c@Hfootnote=\count199
)
Package hyperref Info: Driver (autodetected): hpdftex.

(/usr/share/texlive/texmf-dist/tex/latex/hyperref/hpdftex.def
File: hpdftex.def 2020/01/14 v7.00d Hyperref driver for pdfTeX

(/usr/share/texlive/texmf-dist/tex/latex/atveryend/atveryend.sty
Package: atveryend 2019-12-11 v1.11 Hooks at the very end of document (HO)
)
\Fld@listcount=\count266
\c@bookmark@seq@number=\count267

(/usr/share/texlive/texmf-dist/tex/latex/rerunfilecheck/rerunfilecheck.sty
Package: rerunfilecheck 2019/12/05 v1.9 Rerun checks for auxiliary files (HO)

(/usr/share/texlive/texmf-dist/tex/generic/uniquecounter/uniquecounter.sty
Package: uniquecounter 2019/12/15 v1.4 Provide unlimited unique counter (HO)
)
Package uniquecounter Info: New unique counter `rerunfilecheck' on input line 2
86.
)
\Hy@SectionHShift=\skip59
)
(/usr/share/texlive/texmf-dist/tex/latex/amsmath/amsmath.sty
Package: amsmath 2020/01/20 v2.17e AMS math features
\@mathmargin=\skip60

For additional information on amsmath, use the `?' option.
(/usr/share/texlive/texmf-dist/tex/latex/amsmath/amstext.sty
Package: amstext 2000/06/29 v2.01 AMS text

(/usr/share/texlive/texmf-dist/tex/latex/amsmath/amsgen.sty
File: amsgen.sty 1999/11/30 v2.0 generic functions
\@emptytoks=\toks20
\ex@=\dimen165
))
(/usr/share/texlive/texmf-dist/tex/latex/amsmath/amsbsy.sty
Package: amsbsy 1999/11/29 v1.2d Bold Symbols
\pmbraise@=\dimen166
)
(/usr/share/texlive/texmf-dist/tex/latex/amsmath/amsopn.sty
Package: amsopn 2016/03/08 v2.02 operator names
)
\inf@bad=\count268
LaTeX Info: Redefining \frac on input line 227.
\uproot@=\count269
\leftroot@=\count270
LaTeX Info: Redefining \overline on input line 389.
\classnum@=\count271
\DOTSCASE@=\count272
LaTeX Info: Redefining \ldots on input line 486.
LaTeX Info: Redefining \dots on input line 489.
LaTeX Info: Redefining \cdots on input line 610.
\Mathstrutbox@=\box47
\strutbox@=\box48
\big@size=\dimen167
LaTeX Font Info:    Redeclaring font encoding OML on input line 733.
LaTeX Font Info:    Redeclaring font encoding OMS on input line 734.
\macc@depth=\count273
\c@MaxMatrixCols=\count274
\dotsspace@=\muskip17
\c@parentequation=\count275
\dspbrk@lvl=\count276
\tag@help=\toks21
\row@=\count277
\column@=\count278
\maxfields@=\count279
\andhelp@=\toks22
\eqnshift@=\dimen168
\alignsep@=\dimen169
\tagshift@=\dimen170
\tagwidth@=\dimen171
\totwidth@=\dimen172
\lineht@=\dimen173
\@envbody=\toks23
\multlinegap=\skip61
\multlinetaggap=\skip62
\mathdisplay@stack=\toks24
LaTeX Info: Redefining \[ on input line 2859.
LaTeX Info: Redefining \] on input line 2860.
)
(/usr/share/texlive/texmf-dist/tex/latex/amsfonts/amssymb.sty
Package: amssymb 2013/01/14 v3.01 AMS font symbols

(/usr/share/texlive/texmf-dist/tex/latex/amsfonts/amsfonts.sty
Package: amsfonts 2013/01/14 v3.01 Basic AMSFonts support
\symAMSa=\mathgroup4
\symAMSb=\mathgroup5
LaTeX Font Info:    Redeclaring math symbol \hbar on input line 98.
LaTeX Font Info:    Overwriting math alphabet `\mathfrak' in version `bold'
(Font)                  U/euf/m/n --> U/euf/b/n on input line 106.
))
(/usr/share/texlive/texmf-dist/tex/latex/base/inputenc.sty
Package: inputenc 2018/08/11 v1.3c Input encoding file
\inpenc@prehook=\toks25
\inpenc@posthook=\toks26
)
(/usr/share/texlive/texmf-dist/tex/latex/subfiles/subfiles.sty
Package: subfiles 2020/02/14 v1.6 Multi-file projects (package)

(/usr/share/texlive/texmf-dist/tex/latex/import/import.sty
Package: import 2009/03/23  v 5.1
))
(/usr/share/texlive/texmf-dist/tex/latex/cancel/cancel.sty
Package: cancel 2013/04/12 v2.2 Cancel math terms
)
(/usr/share/texlive/texmf-dist/tex/latex/tools/tabularx.sty
Package: tabularx 2020/01/15 v2.11c `tabularx' package (DPC)

(/usr/share/texlive/texmf-dist/tex/latex/tools/array.sty
Package: array 2019/08/31 v2.4l Tabular extension package (FMi)
\col@sep=\dimen174
\ar@mcellbox=\box49
\extrarowheight=\dimen175
\NC@list=\toks27
\extratabsurround=\skip63
\backup@length=\skip64
\ar@cellbox=\box50
)
\TX@col@width=\dimen176
\TX@old@table=\dimen177
\TX@old@col=\dimen178
\TX@target=\dimen179
\TX@delta=\dimen180
\TX@cols=\count280
\TX@ftn=\toks28
)
(/usr/share/texlive/texmf-dist/tex/latex/xcolor/xcolor.sty
Package: xcolor 2016/05/11 v2.12 LaTeX color extensions (UK)

(/usr/share/texlive/texmf-dist/tex/latex/graphics-cfg/color.cfg
File: color.cfg 2016/01/02 v1.6 sample color configuration
)
Package xcolor Info: Driver file: pdftex.def on input line 225.
Package xcolor Info: Model `cmy' substituted by `cmy0' on input line 1348.
Package xcolor Info: Model `hsb' substituted by `rgb' on input line 1352.
Package xcolor Info: Model `RGB' extended on input line 1364.
Package xcolor Info: Model `HTML' substituted by `rgb' on input line 1366.
Package xcolor Info: Model `Hsb' substituted by `hsb' on input line 1367.
Package xcolor Info: Model `tHsb' substituted by `hsb' on input line 1368.
Package xcolor Info: Model `HSB' substituted by `hsb' on input line 1369.
Package xcolor Info: Model `Gray' substituted by `gray' on input line 1370.
Package xcolor Info: Model `wave' substituted by `hsb' on input line 1371.
)
(./uaThesis.sty
Package: uaThesis 2009/11/21 v0.6a UA thesis
 (/usr/share/texlive/texmf-dist/tex/latex/a4wide/a4wide.sty
Package: a4wide 1994/08/30

(/usr/share/texlive/texmf-dist/tex/latex/ntgclass/a4.sty
Package: a4 2004/04/15 v1.2g A4 based page layout
)))
(/usr/share/texlive/texmf-dist/tex/latex/titlesec/titlesec.sty
Package: titlesec 2019/10/16 v2.13 Sectioning titles
\ttl@box=\box51
\beforetitleunit=\skip65
\aftertitleunit=\skip66
\ttl@plus=\dimen181
\ttl@minus=\dimen182
\ttl@toksa=\toks29
\titlewidth=\dimen183
\titlewidthlast=\dimen184
\titlewidthfirst=\dimen185
)
(/usr/share/texlive/texmf-dist/tex/latex/breqn/flexisym.sty
(/usr/share/texlive/texmf-dist/tex/latex/l3kernel/expl3.sty
Package: expl3 2020-02-14 L3 programming layer (loader) 

(/usr/share/texlive/texmf-dist/tex/latex/l3backend/l3backend-pdfmode.def
File: l3backend-pdfmode.def 2020-02-03 L3 backend support: PDF mode
\l__kernel_color_stack_int=\count281
\l__pdf_internal_box=\box52
))
Package: flexisym 2020/02/16 v0.98h Make math characters macros
LaTeX Info: Redefining \textprime on input line 298.
LaTeX Info: Redefining \not on input line 356.

(/usr/share/texlive/texmf-dist/tex/latex/breqn/cmbase.sym
File: cmbase.sym 2007/12/19 v0.92
LaTeX Info: Redefining \hbar on input line 323.
LaTeX Info: Redefining \surd on input line 325.
LaTeX Info: Redefining \angle on input line 333.
LaTeX Info: Redefining \neq on input line 334.
LaTeX Info: Redefining \mapsto on input line 335.
LaTeX Info: Redefining \cong on input line 336.
LaTeX Info: Redefining \notin on input line 339.
LaTeX Info: Redefining \rightleftharpoons on input line 340.
LaTeX Info: Redefining \doteq on input line 341.
LaTeX Info: Redefining \hookrightarrow on input line 342.
LaTeX Info: Redefining \hookleftarrow on input line 343.
LaTeX Info: Redefining \bowtie on input line 344.
LaTeX Info: Redefining \models on input line 345.
LaTeX Info: Redefining \Longrightarrow on input line 346.
LaTeX Info: Redefining \longrightarrow on input line 347.
LaTeX Info: Redefining \Longleftarrow on input line 348.
LaTeX Info: Redefining \longleftarrow on input line 349.
LaTeX Info: Redefining \longmapsto on input line 350.
LaTeX Info: Redefining \longleftrightarrow on input line 351.
LaTeX Info: Redefining \Longleftrightarrow on input line 352.
LaTeX Info: Redefining \cdots on input line 356.
LaTeX Info: Redefining \vdots on input line 359.
LaTeX Info: Redefining \ddots on input line 364.
)
(/usr/share/texlive/texmf-dist/tex/latex/breqn/mathstyle.sty
Package: mathstyle 2020/02/16 v0.98h Tracking mathstyle implicitly
LaTeX Info: Redefining \displaystyle on input line 93.
LaTeX Info: Redefining \textstyle on input line 95.
LaTeX Info: Redefining \scriptstyle on input line 97.
LaTeX Info: Redefining \scriptscriptstyle on input line 99.
LaTeX Info: Redefining \genfrac on input line 145.
))
(./Thesis_2020.aux (./Introduction.aux) (./The_Standard_Model.aux) (./BLSM.aux)
(./3HDM.aux) (./Conclusions.aux

LaTeX Warning: Label `' multiply defined.

) (./Appendix.aux))
\openout1 = `Thesis_2020.aux'.

LaTeX Font Info:    Checking defaults for OML/cmm/m/it on input line 113.
LaTeX Font Info:    ... okay on input line 113.
LaTeX Font Info:    Checking defaults for OMS/cmsy/m/n on input line 113.
LaTeX Font Info:    ... okay on input line 113.
LaTeX Font Info:    Checking defaults for OT1/cmr/m/n on input line 113.
LaTeX Font Info:    ... okay on input line 113.
LaTeX Font Info:    Checking defaults for T1/cmr/m/n on input line 113.
LaTeX Font Info:    ... okay on input line 113.
LaTeX Font Info:    Checking defaults for TS1/cmr/m/n on input line 113.
LaTeX Font Info:    ... okay on input line 113.
LaTeX Font Info:    Checking defaults for OMX/cmex/m/n on input line 113.
LaTeX Font Info:    ... okay on input line 113.
LaTeX Font Info:    Checking defaults for U/cmr/m/n on input line 113.
LaTeX Font Info:    ... okay on input line 113.
LaTeX Font Info:    Checking defaults for PD1/pdf/m/n on input line 113.
LaTeX Font Info:    ... okay on input line 113.

(/usr/share/texlive/texmf-dist/tex/context/base/mkii/supp-pdf.mkii
[Loading MPS to PDF converter (version 2006.09.02).]
\scratchcounter=\count282
\scratchdimen=\dimen186
\scratchbox=\box53
\nofMPsegments=\count283
\nofMParguments=\count284
\everyMPshowfont=\toks30
\MPscratchCnt=\count285
\MPscratchDim=\dimen187
\MPnumerator=\count286
\makeMPintoPDFobject=\count287
\everyMPtoPDFconversion=\toks31
) (/usr/share/texlive/texmf-dist/tex/latex/epstopdf-pkg/epstopdf-base.sty
Package: epstopdf-base 2020-01-24 v2.11 Base part for package epstopdf
Package epstopdf-base Info: Redefining graphics rule for `.eps' on input line 4
85.

(/usr/share/texlive/texmf-dist/tex/latex/latexconfig/epstopdf-sys.cfg
File: epstopdf-sys.cfg 2010/07/13 v1.3 Configuration of (r)epstopdf for TeX Liv
e
))
*geometry* driver: auto-detecting
*geometry* detected driver: pdftex
*geometry* verbose mode - [ preamble ] result:
* driver: pdftex
* paper: a4paper
* layout: <same size as paper>
* layoutoffset:(h,v)=(0.0pt,0.0pt)
* modes: 
* h-part:(L,W,R)=(85.35826pt, 441.01773pt, 71.13188pt)
* v-part:(T,H,B)=(85.35826pt, 674.33032pt, 85.35826pt)
* \paperwidth=597.50787pt
* \paperheight=845.04684pt
* \textwidth=424.58624pt
* \textheight=646.0pt
* \oddsidemargin=18.06749pt
* \evensidemargin=18.06749pt
* \topmargin=0.0pt
* \headheight=12.0pt
* \headsep=25.0pt
* \topskip=10.0pt
* \footskip=30.0pt
* \marginparwidth=54.2025pt
* \marginparsep=11.0pt
* \columnsep=10.0pt
* \skip\footins=9.0pt plus 4.0pt minus 2.0pt
* \hoffset=0.0pt
* \voffset=0.0pt
* \mag=1000
* \@twocolumnfalse
* \@twosidefalse
* \@mparswitchfalse
* \@reversemarginfalse
* (1in=72.27pt=25.4mm, 1cm=28.453pt)

\AtBeginShipoutBox=\box54
Package hyperref Info: Link coloring OFF on input line 113.
(/usr/share/texlive/texmf-dist/tex/latex/hyperref/nameref.sty
Package: nameref 2019/09/16 v2.46 Cross-referencing by name of section

(/usr/share/texlive/texmf-dist/tex/latex/refcount/refcount.sty
Package: refcount 2019/12/15 v3.6 Data extraction from label references (HO)
)
(/usr/share/texlive/texmf-dist/tex/generic/gettitlestring/gettitlestring.sty
Package: gettitlestring 2019/12/15 v1.6 Cleanup title references (HO)
)
\c@section@level=\count288
)
LaTeX Info: Redefining \ref on input line 113.
LaTeX Info: Redefining \pageref on input line 113.
LaTeX Info: Redefining \nameref on input line 113.

(./Thesis_2020.out) (./Thesis_2020.out)
\@outlinefile=\write7
\openout7 = `Thesis_2020.out'.

<./Images/uaLogoNew.pdf, id=144, 60.225pt x 75.28125pt>
File: ./Images/uaLogoNew.pdf Graphic file (type pdf)
<use ./Images/uaLogoNew.pdf>
Package pdftex.def Info: ./Images/uaLogoNew.pdf  used on input line 119.
(pdftex.def)             Requested size: 136.60036pt x 170.71652pt.
LaTeX Font Info:    Trying to load font information for U+msa on input line 119
.

(/usr/share/texlive/texmf-dist/tex/latex/amsfonts/umsa.fd
File: umsa.fd 2013/01/14 v3.01 AMS symbols A
)
LaTeX Font Info:    Trying to load font information for U+msb on input line 119
.

(/usr/share/texlive/texmf-dist/tex/latex/amsfonts/umsb.fd
File: umsb.fd 2013/01/14 v3.01 AMS symbols B
)
File: ./Images/uaLogoNew.pdf Graphic file (type pdf)
<use ./Images/uaLogoNew.pdf>
Package pdftex.def Info: ./Images/uaLogoNew.pdf  used on input line 119.
(pdftex.def)             Requested size: 20.48633pt x 25.60747pt.
 [1

{/var/lib/texmf/fonts/map/pdftex/updmap/pdftex.map} <./Images/uaLogoNew.pdf>]pd
fTeX warning (ext4): destination with the same identifier (name{page.1}) has be
en already used, duplicate ignored
<to be read again> 
                   \relax 
l.123 \titlepage\ \endtitlepage
                                % empty page [1]pdfTeX warning (ext4): destinat
ion with the same identifier (name{page.1}) has been already used, duplicate ig
nored
<to be read again> 
                   \relax 
l.140 \EndTitlePage
                    [1]pdfTeX warning (ext4): destination with the same identif
ier (name{page.1}) has been already used, duplicate ignored
<to be read again> 
                   \relax 
l.141 \titlepage\ \endtitlepage
                                % empty page [1]pdfTeX warning (ext4): destinat
ion with the same identifier (name{page.1}) has been already used, duplicate ig
nored
<to be read again> 
                   \relax 
l.149 \EndTitlePage
                    [1]pdfTeX warning (ext4): destination with the same identif
ier (name{page.1}) has been already used, duplicate ignored
<to be read again> 
                   \relax 
l.150 \titlepage\ \endtitlepage
                                % empty page [1]
Underfull \hbox (badness 10000) in paragraph at lines 160--160

 []


Underfull \hbox (badness 10000) in paragraph at lines 160--160

 []

pdfTeX warning (ext4): destination with the same identifier (name{page.1}) has 
been already used, duplicate ignored
<to be read again> 
                   \relax 
l.161 \EndTitlePage
                    [1]pdfTeX warning (ext4): destination with the same identif
ier (name{page.1}) has been already used, duplicate ignored
<to be read again> 
                   \relax 
l.162 \titlepage\ \endtitlepage
                                % empty page [1]pdfTeX warning (ext4): destinat
ion with the same identifier (name{page.1}) has been already used, duplicate ig
nored
<to be read again> 
                   \relax 
l.170 \EndTitlePage
                    [1]pdfTeX warning (ext4): destination with the same identif
ier (name{page.1}) has been already used, duplicate ignored
<to be read again> 
                   \relax 
l.171 \titlepage\ \endtitlepage
                                % empty page [1] (./Thesis_2020.toc)
\tf@toc=\write8
\openout8 = `Thesis_2020.toc'.

 [1

]
(./Thesis_2020.lof [2


])
\tf@lof=\write9
\openout9 = `Thesis_2020.lof'.

 [3] (./Thesis_2020.lot)
\tf@lot=\write10
\openout10 = `Thesis_2020.lot'.

 [4


]
\openout2 = `Introduction.aux'.

 (./Introduction.tex
Chapter 1.
pdfTeX warning (ext4): destination with the same identifier (name{page.1}) has 
been already used, duplicate ignored
<to be read again> 
                   \relax 
l.56 
      [1



]) [2]
\openout2 = `The_Standard_Model.aux'.

 (./The_Standard_Model.tex
Chapter 2.
[3



] [4] [5] [6] (./Yukawa.tex [7] [8]
\openout5 = `feyngraph.mp'.


feynmp: File feyngraph.1 not found:
feynmp: Process feyngraph.mp with MetaPost and then reprocess this file.
feynmf: Label file feyngraph.t1 not found:
feynmf: Process feyngraph.mp with MetaPost and then reprocess this file.


pdfTeX warning: /usr/bin/pdflatex (file ./Images/TestYukawaCouplings.pdf): PDF 
inclusion: found PDF version <1.7>, but at most version <1.5> allowed
<./Images/TestYukawaCouplings.pdf, id=513, 842.17867pt x 219.72412pt>
File: ./Images/TestYukawaCouplings.pdf Graphic file (type pdf)
<use ./Images/TestYukawaCouplings.pdf>
Package pdftex.def Info: ./Images/TestYukawaCouplings.pdf  used on input line 1
52.
(pdftex.def)             Requested size: 382.12502pt x 99.69635pt.
[9pdfTeX warning (ext4): destination with the same identifier (name{equation.2.
3.33}) has been already used, duplicate ignored

\AtBegShi@Output ...ipout \box \AtBeginShipoutBox 
                                                  \fi \fi 
l.157 T
       he CKM matrix elements are fundamental parameters of the particle phy...
])
<./Images/Stolen.png, id=524, 1310.8975pt x 525.965pt>
File: ./Images/Stolen.png Graphic file (type png)
<use ./Images/Stolen.png>
Package pdftex.def Info: ./Images/Stolen.png  used on input line 395.
(pdftex.def)             Requested size: 318.43968pt x 127.76706pt.
 [10 <./Images/TestYukawaCouplings.pdf> <./Images/stolen.png>]
<./Images/My_First_Diagram.png, id=544, 529.98pt x 527.9725pt>
File: ./Images/My_First_Diagram.png Graphic file (type png)
<use ./Images/My_First_Diagram.png>
Package pdftex.def Info: ./Images/My_First_Diagram.png  used on input line 433.

(pdftex.def)             Requested size: 82.79437pt x 82.47939pt.
<./Images/Stolen_2.png, id=546, 1567.8575pt x 545.03625pt>
File: ./Images/Stolen_2.png Graphic file (type png)
<use ./Images/Stolen_2.png>
Package pdftex.def Info: ./Images/Stolen_2.png  used on input line 452.
(pdftex.def)             Requested size: 318.43968pt x 110.69357pt.
 [11 <./Images/My_First_Diagram.png>]
<./Images/Stolen_3.png, id=567, 1308.89pt x 290.08376pt>
File: ./Images/Stolen_3.png Graphic file (type png)
<use ./Images/Stolen_3.png>
Package pdftex.def Info: ./Images/Stolen_3.png  used on input line 464.
(pdftex.def)             Requested size: 318.43968pt x 70.57317pt.
)
\openout2 = `BLSM.aux'.

 (./BLSM.tex [12 <./Images/Stolen_2.png> <./Images/Stolen_3.png>]
Chapter 3.
[13] [14] [15]

LaTeX Warning: Reference `tab:charges' on page 16 undefined on input line 242.

[16] [17] [18] [19]
<./Images//BLSM/g-2.pdf, id=736, 318.18875pt x 175.65625pt>
File: ./Images//BLSM/g-2.pdf Graphic file (type pdf)
<use ./Images//BLSM/g-2.pdf>
Package pdftex.def Info: ./Images//BLSM/g-2.pdf  used on input line 469.
(pdftex.def)             Requested size: 238.64096pt x 131.74185pt.
<./Images//BLSM/ST.pdf, id=743, 421.18047pt x 283.60121pt>
File: ./Images//BLSM/ST.pdf Graphic file (type pdf)
<use ./Images//BLSM/ST.pdf>
Package pdftex.def Info: ./Images//BLSM/ST.pdf  used on input line 530.
(pdftex.def)             Requested size: 189.52945pt x 127.61935pt.
<./Images//BLSM/TU.pdf, id=744, 423.13898pt x 283.60121pt>
File: ./Images//BLSM/TU.pdf Graphic file (type pdf)
<use ./Images//BLSM/TU.pdf>
Package pdftex.def Info: ./Images//BLSM/TU.pdf  used on input line 531.
(pdftex.def)             Requested size: 190.41077pt x 127.61935pt.
 [20 <./Images//BLSM/g-2.pdf>]
<./Images//BLSM/mZp_Xsec_Amu.pdf, id=767, 556.50446pt x 376.15797pt>
File: ./Images//BLSM/mZp_Xsec_Amu.pdf Graphic file (type pdf)
<use ./Images//BLSM/mZp_Xsec_Amu.pdf>
Package pdftex.def Info: ./Images//BLSM/mZp_Xsec_Amu.pdf  used on input line 56
0.
(pdftex.def)             Requested size: 205.90343pt x 139.17625pt.
<./Images//BLSM/mZp_Mhp_Amu.pdf, id=768, 542.9722pt x 354.42827pt>
File: ./Images//BLSM/mZp_Mhp_Amu.pdf Graphic file (type pdf)
<use ./Images//BLSM/mZp_Mhp_Amu.pdf>
Package pdftex.def Info: ./Images//BLSM/mZp_Mhp_Amu.pdf  used on input line 561
.
(pdftex.def)             Requested size: 200.89656pt x 131.1364pt.
 [21 <./Images//BLSM/ST.pdf> <./Images//BLSM/TU.pdf

pdfTeX warning: /usr/bin/pdflatex (file ./Images//BLSM/TU.pdf): PDF inclusion: 
multiple pdfs with page group included in a single page
> <./Images//BLSM/mZp_Xsec_Amu.pdf

pdfTeX warning: /usr/bin/pdflatex (file ./Images//BLSM/mZp_Xsec_Amu.pdf): PDF i
nclusion: multiple pdfs with page group included in a single page
> <./Images//BLSM/mZp_Mhp_Amu.pdf

pdfTeX warning: /usr/bin/pdflatex (file ./Images//BLSM/mZp_Mhp_Amu.pdf): PDF in
clusion: multiple pdfs with page group included in a single page
>]
<./Images//BLSM/mZp_Xsec_mh2.pdf, id=917, 520.10815pt x 376.15797pt>
File: ./Images//BLSM/mZp_Xsec_mh2.pdf Graphic file (type pdf)
<use ./Images//BLSM/mZp_Xsec_mh2.pdf>
Package pdftex.def Info: ./Images//BLSM/mZp_Xsec_mh2.pdf  used on input line 60
4.
(pdftex.def)             Requested size: 192.437pt x 139.17625pt.
<./Images//BLSM/mZp_Xsec_VEV.pdf, id=918, 558.69188pt x 376.15797pt>
File: ./Images//BLSM/mZp_Xsec_VEV.pdf Graphic file (type pdf)
<use ./Images//BLSM/mZp_Xsec_VEV.pdf>
Package pdftex.def Info: ./Images//BLSM/mZp_Xsec_VEV.pdf  used on input line 60
5.
(pdftex.def)             Requested size: 206.71275pt x 139.17625pt.
<./Images//BLSM/mZp_Xsec_alpha.pdf, id=919, 567.25714pt x 376.15797pt>
File: ./Images//BLSM/mZp_Xsec_alpha.pdf Graphic file (type pdf)
<use ./Images//BLSM/mZp_Xsec_alpha.pdf>
Package pdftex.def Info: ./Images//BLSM/mZp_Xsec_alpha.pdf  used on input line 
606.
(pdftex.def)             Requested size: 209.88185pt x 139.17625pt.
 [22]
<./Images//BLSM/mZp_Xsec_gYB.pdf, id=938, 537.52657pt x 376.15797pt>
File: ./Images//BLSM/mZp_Xsec_gYB.pdf Graphic file (type pdf)
<use ./Images//BLSM/mZp_Xsec_gYB.pdf>
Package pdftex.def Info: ./Images//BLSM/mZp_Xsec_gYB.pdf  used on input line 64
2.
(pdftex.def)             Requested size: 198.8817pt x 139.17625pt.
<./Images//BLSM/mZp_Xsec_twp.pdf, id=939, 569.83868pt x 376.15797pt>
File: ./Images//BLSM/mZp_Xsec_twp.pdf Graphic file (type pdf)
<use ./Images//BLSM/mZp_Xsec_twp.pdf>
Package pdftex.def Info: ./Images//BLSM/mZp_Xsec_twp.pdf  used on input line 64
3.
(pdftex.def)             Requested size: 210.837pt x 139.17625pt.
<./Images//BLSM/mZp_Xsec_gBL.pdf, id=940, 555.7917pt x 376.15797pt>
File: ./Images//BLSM/mZp_Xsec_gBL.pdf Graphic file (type pdf)
<use ./Images//BLSM/mZp_Xsec_gBL.pdf>
Package pdftex.def Info: ./Images//BLSM/mZp_Xsec_gBL.pdf  used on input line 64
4.
(pdftex.def)             Requested size: 205.63971pt x 139.17625pt.
 [23 <./Images//BLSM/mZp_Xsec_mh2.pdf> <./Images//BLSM/mZp_Xsec_VEV.pdf

pdfTeX warning: /usr/bin/pdflatex (file ./Images//BLSM/mZp_Xsec_VEV.pdf): PDF i
nclusion: multiple pdfs with page group included in a single page
> <./Images//BLSM/mZp_Xsec_alpha.pdf

pdfTeX warning: /usr/bin/pdflatex (file ./Images//BLSM/mZp_Xsec_alpha.pdf): PDF
 inclusion: multiple pdfs with page group included in a single page
>] [24 <./Images//BLSM/mZp_Xsec_gYB.pdf> <./Images//BLSM/mZp_Xsec_twp.pdf

pdfTeX warning: /usr/bin/pdflatex (file ./Images//BLSM/mZp_Xsec_twp.pdf): PDF i
nclusion: multiple pdfs with page group included in a single page
> <./Images//BLSM/mZp_Xsec_gBL.pdf

pdfTeX warning: /usr/bin/pdflatex (file ./Images//BLSM/mZp_Xsec_gBL.pdf): PDF i
nclusion: multiple pdfs with page group included in a single page
>]
<./Images//BLSM/mZp_Xsec_gLmumuZ.pdf, id=1209, 561.94359pt x 376.15797pt>
File: ./Images//BLSM/mZp_Xsec_gLmumuZ.pdf Graphic file (type pdf)
<use ./Images//BLSM/mZp_Xsec_gLmumuZ.pdf>
Package pdftex.def Info: ./Images//BLSM/mZp_Xsec_gLmumuZ.pdf  used on input lin
e 664.
(pdftex.def)             Requested size: 207.91586pt x 139.17625pt.
<./Images//BLSM/mZp_Xsec_gRmumuZ.pdf, id=1210, 561.94359pt x 376.15797pt>
File: ./Images//BLSM/mZp_Xsec_gRmumuZ.pdf Graphic file (type pdf)
<use ./Images//BLSM/mZp_Xsec_gRmumuZ.pdf>
Package pdftex.def Info: ./Images//BLSM/mZp_Xsec_gRmumuZ.pdf  used on input lin
e 665.
(pdftex.def)             Requested size: 207.91586pt x 139.17625pt.
<./Images//BLSM/mZp_Xsec_gWWZp.pdf, id=1211, 542.53276pt x 376.15797pt>
File: ./Images//BLSM/mZp_Xsec_gWWZp.pdf Graphic file (type pdf)
<use ./Images//BLSM/mZp_Xsec_gWWZp.pdf>
Package pdftex.def Info: ./Images//BLSM/mZp_Xsec_gWWZp.pdf  used on input line 
666.
(pdftex.def)             Requested size: 200.73398pt x 139.17625pt.
<./Images//BLSM/Barr-Zee.pdf, id=1220, 417.56pt x 436.63126pt>
File: ./Images//BLSM/Barr-Zee.pdf Graphic file (type pdf)
<use ./Images//BLSM/Barr-Zee.pdf>
Package pdftex.def Info: ./Images//BLSM/Barr-Zee.pdf  used on input line 685.
(pdftex.def)             Requested size: 250.53792pt x 261.98077pt.
 [25 <./Images//BLSM/mZp_Xsec_gLmumuZ.pdf> <./Images//BLSM/mZp_Xsec_gRmumuZ.pdf


pdfTeX warning: /usr/bin/pdflatex (file ./Images//BLSM/mZp_Xsec_gRmumuZ.pdf): P
DF inclusion: multiple pdfs with page group included in a single page
> <./Images//BLSM/mZp_Xsec_gWWZp.pdf

pdfTeX warning: /usr/bin/pdflatex (file ./Images//BLSM/mZp_Xsec_gWWZp.pdf): PDF
 inclusion: multiple pdfs with page group included in a single page
>] [26 <./Images//BLSM/Barr-Zee.pdf>])
\openout2 = `3HDM.aux'.

 (./3HDM.tex [27]
Chapter 4.

Package hyperref Warning: Difference (2) between bookmark levels is greater 
(hyperref)                than one, level fixed on input line 51.

[28] [29] Excluding 'comment' comment.

LaTeX Warning: Reference `Ian_Thesis' on page 30 undefined on input line 214.

[30] [31]

LaTeX Warning: Reference `Aad_2020' on page 32 undefined on input line 312.

Excluding 'comment' comment. [32] Excluding 'comment' comment. [33]
Excluding 'comment' comment. [34] [35] [36]
Overfull \hbox (7.3466pt too wide) in paragraph at lines 767--767
|[]\OT1/cmr/bx/n/14.4 The BGL-like sup-pres-sion of FC-NCs in the 3HDM model| 
 []

[37] [38] Excluding 'comment' comment. [39]
Overfull \hbox (0.16727pt too wide) in paragraph at lines 975--1012
[] []$\OT1/cmr/m/n/10 , $[] []$, $\OML/cmm/m/it/10 ^^O[]$ \OT1/cmr/m/n/10 and $
[]$. Fi-nally for the D me-son we tested only $[]\OML/cmm/m/it/10 D[] \OMS/cmsy
/m/n/10 !
 []

[40]
\openout5 = `feyngraph_3HDM_11.mp'.


feynmp: File feyngraph_3HDM_11.1 not found:
feynmp: Process feyngraph_3HDM_11.mp with MetaPost and then reprocess this file
.
feynmf: Label file feyngraph_3HDM_11.t1 not found:
feynmf: Process feyngraph_3HDM_11.mp with MetaPost and then reprocess this file
.
\openout5 = `feyngraph_3HDM_12.mp'.

feynmp: File feyngraph_3HDM_12.1 not found:
feynmp: Process feyngraph_3HDM_12.mp with MetaPost and then reprocess this file
.
feynmf: Label file feyngraph_3HDM_12.t1 not found:
feynmf: Process feyngraph_3HDM_12.mp with MetaPost and then reprocess this file
.

Overfull \hbox (2.22221pt too wide) in paragraph at lines 1045--1083
[]$[]$ $[]$ 
 []

\openout5 = `feyngraph_3HDM_13.mp'.

feynmp: File feyngraph_3HDM_13.1 not found:
feynmp: Process feyngraph_3HDM_13.mp with MetaPost and then reprocess this file
.
feynmf: Label file feyngraph_3HDM_13.t1 not found:
feynmf: Process feyngraph_3HDM_13.mp with MetaPost and then reprocess this file
.
[41]
<Images/3HDM/EW/EW_S_T_black.pdf, id=1576, 545.90816pt x 388.43645pt>
File: Images/3HDM/EW/EW_S_T_black.pdf Graphic file (type pdf)
<use Images/3HDM/EW/EW_S_T_black.pdf>
Package pdftex.def Info: Images/3HDM/EW/EW_S_T_black.pdf  used on input line 11
22.
(pdftex.def)             Requested size: 208.04959pt x 148.03413pt.
<Images/3HDM/EW/EW_S_U_black.pdf, id=1577, 555.08055pt x 388.43645pt>
File: Images/3HDM/EW/EW_S_U_black.pdf Graphic file (type pdf)
<use Images/3HDM/EW/EW_S_U_black.pdf>
Package pdftex.def Info: Images/3HDM/EW/EW_S_U_black.pdf  used on input line 11
22.
(pdftex.def)             Requested size: 208.04959pt x 145.58626pt.
<Images/3HDM/EW/EW_T_U_black.pdf, id=1578, 539.86072pt x 388.43645pt>
File: Images/3HDM/EW/EW_T_U_black.pdf Graphic file (type pdf)
<use Images/3HDM/EW/EW_T_U_black.pdf>
Package pdftex.def Info: Images/3HDM/EW/EW_T_U_black.pdf  used on input line 11
23.
(pdftex.def)             Requested size: 208.04959pt x 149.69371pt.
<./Images//3HDM/H1_H2.pdf, id=1579, 529.31865pt x 392.19446pt>
File: ./Images//3HDM/H1_H2.pdf Graphic file (type pdf)
<use ./Images//3HDM/H1_H2.pdf>
Package pdftex.def Info: ./Images//3HDM/H1_H2.pdf  used on input line 1142.
(pdftex.def)             Requested size: 208.04959pt x 154.1521pt.
<./Images//3HDM/H1_A1.pdf, id=1580, 540.20747pt x 396.7158pt>
File: ./Images//3HDM/H1_A1.pdf Graphic file (type pdf)
<use ./Images//3HDM/H1_A1.pdf>
Package pdftex.def Info: ./Images//3HDM/H1_A1.pdf  used on input line 1143.
(pdftex.def)             Requested size: 208.04959pt x 152.7875pt.
 [42 <./Images/3HDM/EW/EW_S_T_black.pdf> <./Images/3HDM/EW/EW_S_U_black.pdf

pdfTeX warning: /usr/bin/pdflatex (file ./Images/3HDM/EW/EW_S_U_black.pdf): PDF
 inclusion: multiple pdfs with page group included in a single page
> <./Images/3HDM/EW/EW_T_U_black.pdf

pdfTeX warning: /usr/bin/pdflatex (file ./Images/3HDM/EW/EW_T_U_black.pdf): PDF
 inclusion: multiple pdfs with page group included in a single page
>]
<./Images//3HDM/A1_A2.pdf, id=1651, 518.84998pt x 393.30345pt>
File: ./Images//3HDM/A1_A2.pdf Graphic file (type pdf)
<use ./Images//3HDM/A1_A2.pdf>
Package pdftex.def Info: ./Images//3HDM/A1_A2.pdf  used on input line 1150.
(pdftex.def)             Requested size: 208.04959pt x 157.70866pt.
<./Images//3HDM/Hc1_Hc2.pdf, id=1652, 532.63126pt x 394.68686pt>
File: ./Images//3HDM/Hc1_Hc2.pdf Graphic file (type pdf)
<use ./Images//3HDM/Hc1_Hc2.pdf>
Package pdftex.def Info: ./Images//3HDM/Hc1_Hc2.pdf  used on input line 1151.
(pdftex.def)             Requested size: 208.04959pt x 154.16814pt.
 [43 <./Images//3HDM/H1_H2.pdf> <./Images//3HDM/H1_A1.pdf

pdfTeX warning: /usr/bin/pdflatex (file ./Images//3HDM/H1_A1.pdf): PDF inclusio
n: multiple pdfs with page group included in a single page
> <./Images//3HDM/A1_A2.pdf

pdfTeX warning: /usr/bin/pdflatex (file ./Images//3HDM/A1_A2.pdf): PDF inclusio
n: multiple pdfs with page group included in a single page
> <./Images//3HDM/Hc1_Hc2.pdf

pdfTeX warning: /usr/bin/pdflatex (file ./Images//3HDM/Hc1_Hc2.pdf): PDF inclus
ion: multiple pdfs with page group included in a single page
>]
<Images/3HDM/Reds/Xsgamma_H1_H2.pdf, id=1796, 544.71173pt x 397.6838pt>
File: Images/3HDM/Reds/Xsgamma_H1_H2.pdf Graphic file (type pdf)
<use Images/3HDM/Reds/Xsgamma_H1_H2.pdf>
Package pdftex.def Info: Images/3HDM/Reds/Xsgamma_H1_H2.pdf  used on input line
 1187.
(pdftex.def)             Requested size: 208.04959pt x 151.89206pt.
<Images/3HDM/Reds/Bsmumu_H1_H2.pdf, id=1797, 535.5394pt x 397.6838pt>
File: Images/3HDM/Reds/Bsmumu_H1_H2.pdf Graphic file (type pdf)
<use Images/3HDM/Reds/Bsmumu_H1_H2.pdf>
Package pdftex.def Info: Images/3HDM/Reds/Bsmumu_H1_H2.pdf  used on input line 
1188.
(pdftex.def)             Requested size: 208.04959pt x 154.4953pt.
<Images/3HDM/Reds/DeltaMd_H1_H2.pdf, id=1798, 529.10864pt x 390.73936pt>
File: Images/3HDM/Reds/DeltaMd_H1_H2.pdf Graphic file (type pdf)
<use Images/3HDM/Reds/DeltaMd_H1_H2.pdf>
Package pdftex.def Info: Images/3HDM/Reds/DeltaMd_H1_H2.pdf  used on input line
 1189.
(pdftex.def)             Requested size: 208.04959pt x 153.63979pt.
<Images/3HDM/Reds/DeltaMs_H1_H2.pdf, id=1799, 538.23643pt x 390.73936pt>
File: Images/3HDM/Reds/DeltaMs_H1_H2.pdf Graphic file (type pdf)
<use Images/3HDM/Reds/DeltaMs_H1_H2.pdf>
Package pdftex.def Info: Images/3HDM/Reds/DeltaMs_H1_H2.pdf  used on input line
 1190.
(pdftex.def)             Requested size: 208.04959pt x 151.03432pt.
<Images/3HDM/Reds/Eps_K_H1_H2_Centered.pdf, id=1800, 561.76776pt x 397.6838pt>
File: Images/3HDM/Reds/Eps_K_H1_H2_Centered.pdf Graphic file (type pdf)
<use Images/3HDM/Reds/Eps_K_H1_H2_Centered.pdf>
Package pdftex.def Info: Images/3HDM/Reds/Eps_K_H1_H2_Centered.pdf  used on inp
ut line 1191.
(pdftex.def)             Requested size: 208.04959pt x 147.28026pt.
 [44]
<./Images//3HDM/Eps_K_Hc1_Thighter_Centered.pdf, id=1805, 568.31976pt x 401.046
pt>
File: ./Images//3HDM/Eps_K_Hc1_Thighter_Centered.pdf Graphic file (type pdf)
<use ./Images//3HDM/Eps_K_Hc1_Thighter_Centered.pdf>
Package pdftex.def Info: ./Images//3HDM/Eps_K_Hc1_Thighter_Centered.pdf  used o
n input line 1199.
(pdftex.def)             Requested size: 318.43968pt x 224.71272pt.
 [45 <./Images/3HDM/Reds/Xsgamma_H1_H2.pdf> <./Images/3HDM/Reds/Bsmumu_H1_H2.pd
f

pdfTeX warning: /usr/bin/pdflatex (file ./Images/3HDM/Reds/Bsmumu_H1_H2.pdf): P
DF inclusion: multiple pdfs with page group included in a single page
> <./Images/3HDM/Reds/DeltaMd_H1_H2.pdf

pdfTeX warning: /usr/bin/pdflatex (file ./Images/3HDM/Reds/DeltaMd_H1_H2.pdf): 
PDF inclusion: multiple pdfs with page group included in a single page
> <./Images/3HDM/Reds/DeltaMs_H1_H2.pdf

pdfTeX warning: /usr/bin/pdflatex (file ./Images/3HDM/Reds/DeltaMs_H1_H2.pdf): 
PDF inclusion: multiple pdfs with page group included in a single page
> <./Images/3HDM/Reds/Eps_K_H1_H2_Centered.pdf

pdfTeX warning: /usr/bin/pdflatex (file ./Images/3HDM/Reds/Eps_K_H1_H2_Centered
.pdf): PDF inclusion: multiple pdfs with page group included in a single page
>]
<Images/3HDM/Xsec/Xsec_1_Grey_tight.pdf, id=1983, 541.46835pt x 404.85973pt>
File: Images/3HDM/Xsec/Xsec_1_Grey_tight.pdf Graphic file (type pdf)
<use Images/3HDM/Xsec/Xsec_1_Grey_tight.pdf>
Package pdftex.def Info: Images/3HDM/Xsec/Xsec_1_Grey_tight.pdf  used on input 
line 1213.
(pdftex.def)             Requested size: 208.04959pt x 155.5595pt.
<Images/3HDM/Xsec/Xsec_2_Colourful_tight.pdf, id=1984, 541.46835pt x 402.92825p
t>
File: Images/3HDM/Xsec/Xsec_2_Colourful_tight.pdf Graphic file (type pdf)
<use Images/3HDM/Xsec/Xsec_2_Colourful_tight.pdf>
Package pdftex.def Info: Images/3HDM/Xsec/Xsec_2_Colourful_tight.pdf  used on i
nput line 1213.
(pdftex.def)             Requested size: 208.04959pt x 154.81737pt.
<Images/3HDM/Xsec/Xsec_3_Grey_Thight.pdf, id=1985, 546.51125pt x 417.8727pt>
File: Images/3HDM/Xsec/Xsec_3_Grey_Thight.pdf Graphic file (type pdf)
<use Images/3HDM/Xsec/Xsec_3_Grey_Thight.pdf>
Package pdftex.def Info: Images/3HDM/Xsec/Xsec_3_Grey_Thight.pdf  used on input
 line 1214.
(pdftex.def)             Requested size: 208.04959pt x 159.0802pt.
 [46 <./Images//3HDM/Eps_K_Hc1_Thighter_Centered.pdf>]
Chapter 5.
)
\openout2 = `Conclusions.aux'.

 (./Conclusions.tex [47 <./Images/3HDM/Xsec/Xsec_1_Grey_tight.pdf> <./Images/3H
DM/Xsec/Xsec_2_Colourful_tight.pdf

pdfTeX warning: /usr/bin/pdflatex (file ./Images/3HDM/Xsec/Xsec_2_Colourful_tig
ht.pdf): PDF inclusion: multiple pdfs with page group included in a single page

> <./Images/3HDM/Xsec/Xsec_3_Grey_Thight.pdf

pdfTeX warning: /usr/bin/pdflatex (file ./Images/3HDM/Xsec/Xsec_3_Grey_Thight.p
df): PDF inclusion: multiple pdfs with page group included in a single page
>] [48]
Chapter 6.
)
\openout2 = `Appendix.aux'.

 (./Appendix.tex) [49
\@writefile{toc}{\contentsline {chapter}{\numberline {6}Future Work}{49}{chapte
r.6}\protected@file@percent }
\@writefile{lof}{\addvspace {10\p@ }}
\@writefile{lot}{\addvspace {10\p@ }}
] [50] (./Thesis_2020.bbl [51] [52] [53]
Underfull \hbox (badness 1348) in paragraph at lines 267--269
[]\OT1/cmr/m/n/10 T. Yanagida, ``Hor-i-zon-tal gauge sym-me-try and masses of n
eu-tri-nos,'' \OT1/cmr/m/it/10 Conf. Proc.\OT1/cmr/m/n/10 ,
 []

[54] [55] [56])
Package atveryend Info: Empty hook `BeforeClearDocument' on input line 272.
Package atveryend Info: Empty hook `AfterLastShipout' on input line 272.
 (./Thesis_2020.aux (./Introduction.aux)
(./The_Standard_Model.aux) (./BLSM.aux) (./3HDM.aux) (./Conclusions.aux)
(./Appendix.aux))
Package atveryend Info: Executing hook `AtVeryEndDocument' on input line 272.
Package atveryend Info: Executing hook `AtEndAfterFileList' on input line 272.
Package rerunfilecheck Info: File `Thesis_2020.out' has not changed.
(rerunfilecheck)             Checksum: 142D1C23195C81BB0B03CDF64DFC79AF;2521.


LaTeX Warning: There were undefined references.


LaTeX Warning: There were multiply-defined labels.

 ) 
Here is how much of TeX's memory you used:
 10448 strings out of 481239
 152732 string characters out of 5920378
 466182 words of memory out of 5000000
 24982 multiletter control sequences out of 15000+600000
 549393 words of font info for 87 fonts, out of 8000000 for 9000
 1141 hyphenation exceptions out of 8191
 38i,20n,37p,2513b,458s stack positions out of 5000i,500n,10000p,200000b,80000s
pdfTeX warning (dest): name{cite.Peskin1992} has been referenced but does not
 exist, replaced by a fixed one

pdfTeX warning (dest): name{cite.Moretti_2015} has been referenced but does not
 exist, replaced by a fixed one

pdfTeX warning (dest): name{cite.Ian_Thesis} has been referenced but does not e
xist, replaced by a fixed one

pdfTeX warning (dest): name{cite.das2015implications} has been referenced but d
oes not exist, replaced by a fixed one

pdfTeX warning (dest): name{cite.Ginzburg_2005} has been referenced but does no
t exist, replaced by a fixed one

{/usr/share/texmf/fonts/enc/dvips/cm-super/cm-super-ts1.enc}</usr/share/texlive
/texmf-dist/fonts/type1/public/amsfonts/cm/cmbx10.pfb></usr/share/texlive/texmf
-dist/fonts/type1/public/amsfonts/cm/cmbx12.pfb></usr/share/texlive/texmf-dist/
fonts/type1/public/amsfonts/cm/cmbx7.pfb></usr/share/texlive/texmf-dist/fonts/t
ype1/public/amsfonts/cm/cmex10.pfb></usr/share/texlive/texmf-dist/fonts/type1/p
ublic/amsfonts/cm/cmmi10.pfb></usr/share/texlive/texmf-dist/fonts/type1/public/
amsfonts/cm/cmmi12.pfb></usr/share/texlive/texmf-dist/fonts/type1/public/amsfon
ts/cm/cmmi5.pfb></usr/share/texlive/texmf-dist/fonts/type1/public/amsfonts/cm/c
mmi7.pfb></usr/share/texlive/texmf-dist/fonts/type1/public/amsfonts/cm/cmmi8.pf
b></usr/share/texlive/texmf-dist/fonts/type1/public/amsfonts/cm/cmr10.pfb></usr
/share/texlive/texmf-dist/fonts/type1/public/amsfonts/cm/cmr12.pfb></usr/share/
texlive/texmf-dist/fonts/type1/public/amsfonts/cm/cmr17.pfb></usr/share/texlive
/texmf-dist/fonts/type1/public/amsfonts/cm/cmr5.pfb></usr/share/texlive/texmf-d
ist/fonts/type1/public/amsfonts/cm/cmr6.pfb></usr/share/texlive/texmf-dist/font
s/type1/public/amsfonts/cm/cmr7.pfb></usr/share/texlive/texmf-dist/fonts/type1/
public/amsfonts/cm/cmr8.pfb></usr/share/texlive/texmf-dist/fonts/type1/public/a
msfonts/cm/cmss10.pfb></usr/share/texlive/texmf-dist/fonts/type1/public/amsfont
s/cm/cmss9.pfb></usr/share/texlive/texmf-dist/fonts/type1/public/amsfonts/cm/cm
ssbx10.pfb></usr/share/texlive/texmf-dist/fonts/type1/public/amsfonts/cm/cmsy10
.pfb></usr/share/texlive/texmf-dist/fonts/type1/public/amsfonts/cm/cmsy5.pfb></
usr/share/texlive/texmf-dist/fonts/type1/public/amsfonts/cm/cmsy6.pfb></usr/sha
re/texlive/texmf-dist/fonts/type1/public/amsfonts/cm/cmsy7.pfb></usr/share/texl
ive/texmf-dist/fonts/type1/public/amsfonts/cm/cmti10.pfb></usr/share/texlive/te
xmf-dist/fonts/type1/public/amsfonts/cm/cmtt10.pfb></usr/share/texlive/texmf-di
st/fonts/type1/public/amsfonts/symbols/msam10.pfb></usr/share/texlive/texmf-dis
t/fonts/type1/public/amsfonts/symbols/msbm10.pfb></usr/share/texlive/texmf-dist
/fonts/type1/public/amsfonts/symbols/msbm7.pfb></usr/share/texmf/fonts/type1/pu
blic/cm-super/sfrm1000.pfb></usr/share/texlive/texmf-dist/fonts/type1/urw/zapfd
ing/uzdr.pfb>
Output written on Thesis_2020.pdf (70 pages, 13531108 bytes).
PDF statistics:
 2361 PDF objects out of 2487 (max. 8388607)
 1933 compressed objects within 20 object streams
 384 named destinations out of 1000 (max. 500000)
 466 words of extra memory for PDF output out of 10000 (max. 10000000)

